2025-12-04 15:35:38.948 [info] Reading sessions from keychain...
2025-12-04 15:35:38.948 [info] Getting sessions for all scopes...
2025-12-04 15:35:38.948 [info] Got 0 sessions for ...
2025-12-04 15:35:38.948 [info] Getting sessions for all scopes...
2025-12-04 15:35:38.948 [info] Got 0 sessions for ...
2025-12-04 15:35:38.948 [info] Getting sessions for all scopes...
2025-12-04 15:35:38.948 [info] Got 0 sessions for ...
2025-12-04 15:35:38.948 [info] Getting sessions for all scopes...
2025-12-04 15:35:38.948 [info] Got 0 sessions for ...
2025-12-04 15:35:38.948 [info] Getting sessions for all scopes...
2025-12-04 15:35:38.948 [info] Got 0 sessions for ...
2025-12-04 15:35:38.948 [info] Getting sessions for all scopes...
2025-12-04 15:35:38.948 [info] Got 0 sessions for ...
2025-12-04 15:35:38.948 [info] Getting sessions for all scopes...
2025-12-04 15:35:38.948 [info] Got 0 sessions for ...
2025-12-04 15:35:38.948 [info] Getting sessions for all scopes...
2025-12-04 15:35:38.948 [info] Got 0 sessions for ...
2025-12-04 15:35:38.948 [info] Getting sessions for all scopes...
2025-12-04 15:35:38.948 [info] Got 0 sessions for ...
2025-12-04 15:35:38.948 [info] Getting sessions for all scopes...
2025-12-04 15:35:38.948 [info] Got 0 sessions for ...
2025-12-04 15:35:38.948 [info] Getting sessions for all scopes...
2025-12-04 15:35:38.948 [info] Got 0 sessions for ...
2025-12-04 15:35:39.132 [info] Getting sessions for all scopes...
2025-12-04 15:35:39.132 [info] Got 0 sessions for ...
2025-12-04 15:35:39.132 [info] Getting sessions for all scopes...
2025-12-04 15:35:39.132 [info] Got 0 sessions for ...
2025-12-04 15:35:39.132 [info] Getting sessions for all scopes...
2025-12-04 15:35:39.132 [info] Got 0 sessions for ...
2025-12-04 15:35:39.132 [info] Getting sessions for all scopes...
2025-12-04 15:35:39.132 [info] Got 0 sessions for ...
2025-12-04 15:35:39.133 [info] Getting sessions for all scopes...
2025-12-04 15:35:39.133 [info] Got 0 sessions for ...
2025-12-04 15:35:39.133 [info] Getting sessions for all scopes...
2025-12-04 15:35:39.133 [info] Got 0 sessions for ...
2025-12-04 15:35:39.133 [info] Getting sessions for all scopes...
2025-12-04 15:35:39.133 [info] Got 0 sessions for ...
2025-12-04 15:35:39.156 [info] Getting sessions for all scopes...
2025-12-04 15:35:39.156 [info] Got 0 sessions for ...
2025-12-04 15:35:39.156 [info] Getting sessions for all scopes...
2025-12-04 15:35:39.156 [info] Got 0 sessions for ...
2025-12-04 15:35:39.375 [info] Getting sessions for user:email...
2025-12-04 15:35:39.375 [info] Got 0 sessions for user:email...
2025-12-04 15:35:39.375 [info] Getting sessions for read:user,repo,user:email,workflow...
2025-12-04 15:35:39.375 [info] Got 0 sessions for read:user,repo,user:email,workflow...
2025-12-04 15:35:40.736 [info] Getting sessions for all scopes...
2025-12-04 15:35:40.736 [info] Got 0 sessions for ...
2025-12-04 15:35:40.925 [info] Getting sessions for all scopes...
2025-12-04 15:35:40.925 [info] Got 0 sessions for ...
2025-12-04 15:35:41.017 [info] Getting sessions for all scopes...
2025-12-04 15:35:41.017 [info] Got 0 sessions for ...
2025-12-04 15:35:41.017 [info] Getting sessions for all scopes...
2025-12-04 15:35:41.017 [info] Got 0 sessions for ...
2025-12-04 15:35:41.019 [info] Getting sessions for read:user,repo,user:email...
2025-12-04 15:35:41.019 [info] Got 0 sessions for read:user,repo,user:email...
2025-12-04 15:35:41.241 [info] Getting sessions for user:email...
2025-12-04 15:35:41.241 [info] Got 0 sessions for user:email...
2025-12-04 15:35:41.491 [info] Getting sessions for read:user,repo,user:email...
2025-12-04 15:35:41.491 [info] Got 0 sessions for read:user,repo,user:email...
2025-12-04 15:35:41.497 [info] Getting sessions for all scopes...
2025-12-04 15:35:41.497 [info] Got 0 sessions for ...
2025-12-04 15:35:41.497 [info] Getting sessions for all scopes...
2025-12-04 15:35:41.497 [info] Got 0 sessions for ...
2025-12-04 15:35:41.592 [info] Getting sessions for read:user,repo,user:email,workflow...
2025-12-04 15:35:41.592 [info] Got 0 sessions for read:user,repo,user:email,workflow...
2025-12-04 15:35:41.592 [info] Getting sessions for user:email...
2025-12-04 15:35:41.592 [info] Got 0 sessions for user:email...
2025-12-04 15:35:41.854 [info] Getting sessions for all scopes...
2025-12-04 15:35:41.854 [info] Got 0 sessions for ...
2025-12-04 15:35:41.854 [info] Getting sessions for all scopes...
2025-12-04 15:35:41.854 [info] Got 0 sessions for ...
2025-12-04 15:35:41.911 [info] Getting sessions for user:email...
2025-12-04 15:35:41.911 [info] Got 0 sessions for user:email...
2025-12-04 15:35:41.913 [info] Getting sessions for read:user,repo,user:email,workflow...
2025-12-04 15:35:41.913 [info] Got 0 sessions for read:user,repo,user:email,workflow...
2025-12-04 15:35:41.922 [info] Getting sessions for all scopes...
2025-12-04 15:35:41.922 [info] Got 0 sessions for ...
2025-12-04 15:35:41.927 [info] Getting sessions for all scopes...
2025-12-04 15:35:41.927 [info] Got 0 sessions for ...
2025-12-04 15:35:42.816 [info] Getting sessions for all scopes...
2025-12-04 15:35:42.816 [info] Got 0 sessions for ...
2025-12-04 15:35:42.817 [info] Getting sessions for user:email...
2025-12-04 15:35:42.817 [info] Got 0 sessions for user:email...
2025-12-04 15:35:42.821 [info] Getting sessions for all scopes...
2025-12-04 15:35:42.821 [info] Got 0 sessions for ...
2025-12-04 15:35:42.822 [info] Getting sessions for user:email...
2025-12-04 15:35:42.822 [info] Got 0 sessions for user:email...
2025-12-04 15:35:43.879 [info] Getting sessions for all scopes...
2025-12-04 15:35:43.879 [info] Got 0 sessions for ...
2025-12-04 15:35:43.880 [info] Getting sessions for user:email...
2025-12-04 15:35:43.880 [info] Got 0 sessions for user:email...
2025-12-04 15:35:43.883 [info] Getting sessions for all scopes...
2025-12-04 15:35:43.883 [info] Got 0 sessions for ...
2025-12-04 15:35:43.884 [info] Getting sessions for user:email...
2025-12-04 15:35:43.884 [info] Got 0 sessions for user:email...
2025-12-04 15:35:44.026 [info] Getting sessions for all scopes...
2025-12-04 15:35:44.026 [info] Got 0 sessions for ...
2025-12-04 15:35:44.028 [info] Getting sessions for user:email...
2025-12-04 15:35:44.028 [info] Got 0 sessions for user:email...
2025-12-04 15:35:44.030 [info] Getting sessions for all scopes...
2025-12-04 15:35:44.030 [info] Got 0 sessions for ...
2025-12-04 15:35:44.031 [info] Getting sessions for user:email...
2025-12-04 15:35:44.031 [info] Got 0 sessions for user:email...
2025-12-04 15:35:44.158 [info] Getting sessions for all scopes...
2025-12-04 15:35:44.158 [info] Got 0 sessions for ...
2025-12-04 15:35:44.158 [info] Getting sessions for user:email...
2025-12-04 15:35:44.158 [info] Got 0 sessions for user:email...
2025-12-04 15:35:44.160 [info] Getting sessions for all scopes...
2025-12-04 15:35:44.160 [info] Got 0 sessions for ...
2025-12-04 15:35:44.161 [info] Getting sessions for user:email...
2025-12-04 15:35:44.161 [info] Got 0 sessions for user:email...
2025-12-04 15:35:44.948 [info] Getting sessions for all scopes...
2025-12-04 15:35:44.948 [info] Got 0 sessions for ...
2025-12-04 15:35:44.949 [info] Getting sessions for user:email...
2025-12-04 15:35:44.949 [info] Got 0 sessions for user:email...
2025-12-04 15:35:44.951 [info] Getting sessions for all scopes...
2025-12-04 15:35:44.951 [info] Got 0 sessions for ...
2025-12-04 15:35:44.952 [info] Getting sessions for user:email...
2025-12-04 15:35:44.952 [info] Got 0 sessions for user:email...
2025-12-04 15:35:49.114 [info] Getting sessions for all scopes...
2025-12-04 15:35:49.114 [info] Got 0 sessions for ...
2025-12-04 15:35:49.115 [info] Getting sessions for user:email...
2025-12-04 15:35:49.115 [info] Got 0 sessions for user:email...
2025-12-04 15:35:49.118 [info] Getting sessions for all scopes...
2025-12-04 15:35:49.118 [info] Got 0 sessions for ...
2025-12-04 15:35:49.118 [info] Getting sessions for user:email...
2025-12-04 15:35:49.118 [info] Got 0 sessions for user:email...
2025-12-04 15:35:49.661 [info] Getting sessions for all scopes...
2025-12-04 15:35:49.661 [info] Got 0 sessions for ...
2025-12-04 15:35:49.661 [info] Getting sessions for user:email...
2025-12-04 15:35:49.661 [info] Got 0 sessions for user:email...
2025-12-04 15:35:49.664 [info] Getting sessions for all scopes...
2025-12-04 15:35:49.664 [info] Got 0 sessions for ...
2025-12-04 15:35:49.665 [info] Getting sessions for user:email...
2025-12-04 15:35:49.665 [info] Got 0 sessions for user:email...
2025-12-04 15:35:49.947 [info] Getting sessions for all scopes...
2025-12-04 15:35:49.947 [info] Got 0 sessions for ...
2025-12-04 15:35:49.949 [info] Getting sessions for user:email...
2025-12-04 15:35:49.949 [info] Got 0 sessions for user:email...
2025-12-04 15:35:49.955 [info] Getting sessions for all scopes...
2025-12-04 15:35:49.955 [info] Got 0 sessions for ...
2025-12-04 15:35:49.956 [info] Getting sessions for user:email...
2025-12-04 15:35:49.956 [info] Got 0 sessions for user:email...
2025-12-04 15:35:50.249 [info] Getting sessions for all scopes...
2025-12-04 15:35:50.249 [info] Got 0 sessions for ...
2025-12-04 15:35:50.251 [info] Getting sessions for user:email...
2025-12-04 15:35:50.251 [info] Got 0 sessions for user:email...
2025-12-04 15:35:50.254 [info] Getting sessions for all scopes...
2025-12-04 15:35:50.254 [info] Got 0 sessions for ...
2025-12-04 15:35:50.255 [info] Getting sessions for user:email...
2025-12-04 15:35:50.255 [info] Got 0 sessions for user:email...
2025-12-04 15:35:50.948 [info] Getting sessions for all scopes...
2025-12-04 15:35:50.948 [info] Got 0 sessions for ...
2025-12-04 15:35:50.949 [info] Getting sessions for user:email...
2025-12-04 15:35:50.949 [info] Got 0 sessions for user:email...
2025-12-04 15:35:50.952 [info] Getting sessions for all scopes...
2025-12-04 15:35:50.952 [info] Got 0 sessions for ...
2025-12-04 15:35:50.953 [info] Getting sessions for user:email...
2025-12-04 15:35:50.953 [info] Got 0 sessions for user:email...
2025-12-04 15:35:51.358 [info] Getting sessions for all scopes...
2025-12-04 15:35:51.358 [info] Got 0 sessions for ...
2025-12-04 15:35:51.359 [info] Getting sessions for user:email...
2025-12-04 15:35:51.359 [info] Got 0 sessions for user:email...
2025-12-04 15:35:51.362 [info] Getting sessions for all scopes...
2025-12-04 15:35:51.362 [info] Got 0 sessions for ...
2025-12-04 15:35:51.363 [info] Getting sessions for user:email...
2025-12-04 15:35:51.363 [info] Got 0 sessions for user:email...
2025-12-04 15:35:53.451 [info] Getting sessions for all scopes...
2025-12-04 15:35:53.451 [info] Got 0 sessions for ...
2025-12-04 15:35:53.453 [info] Getting sessions for user:email...
2025-12-04 15:35:53.453 [info] Got 0 sessions for user:email...
2025-12-04 15:35:53.460 [info] Getting sessions for all scopes...
2025-12-04 15:35:53.460 [info] Got 0 sessions for ...
2025-12-04 15:35:53.463 [info] Getting sessions for user:email...
2025-12-04 15:35:53.464 [info] Got 0 sessions for user:email...
2025-12-04 15:35:53.994 [info] Getting sessions for all scopes...
2025-12-04 15:35:53.994 [info] Got 0 sessions for ...
2025-12-04 15:35:53.995 [info] Getting sessions for user:email...
2025-12-04 15:35:53.995 [info] Got 0 sessions for user:email...
2025-12-04 15:35:53.997 [info] Getting sessions for all scopes...
2025-12-04 15:35:53.997 [info] Got 0 sessions for ...
2025-12-04 15:35:53.998 [info] Getting sessions for user:email...
2025-12-04 15:35:53.998 [info] Got 0 sessions for user:email...
2025-12-04 15:35:54.953 [info] Getting sessions for all scopes...
2025-12-04 15:35:54.953 [info] Got 0 sessions for ...
2025-12-04 15:35:54.954 [info] Getting sessions for user:email...
2025-12-04 15:35:54.954 [info] Got 0 sessions for user:email...
2025-12-04 15:35:54.959 [info] Getting sessions for all scopes...
2025-12-04 15:35:54.959 [info] Got 0 sessions for ...
2025-12-04 15:35:54.960 [info] Getting sessions for user:email...
2025-12-04 15:35:54.960 [info] Got 0 sessions for user:email...
2025-12-04 15:35:57.328 [info] Getting sessions for all scopes...
2025-12-04 15:35:57.328 [info] Got 0 sessions for ...
2025-12-04 15:35:57.329 [info] Getting sessions for user:email...
2025-12-04 15:35:57.329 [info] Got 0 sessions for user:email...
2025-12-04 15:35:57.332 [info] Getting sessions for all scopes...
2025-12-04 15:35:57.332 [info] Got 0 sessions for ...
2025-12-04 15:35:57.332 [info] Getting sessions for user:email...
2025-12-04 15:35:57.332 [info] Got 0 sessions for user:email...
2025-12-04 15:35:57.375 [info] Getting sessions for all scopes...
2025-12-04 15:35:57.375 [info] Got 0 sessions for ...
2025-12-04 15:35:57.375 [info] Getting sessions for user:email...
2025-12-04 15:35:57.376 [info] Got 0 sessions for user:email...
2025-12-04 15:35:57.378 [info] Getting sessions for all scopes...
2025-12-04 15:35:57.378 [info] Got 0 sessions for ...
2025-12-04 15:35:57.379 [info] Getting sessions for user:email...
2025-12-04 15:35:57.379 [info] Got 0 sessions for user:email...
2025-12-04 15:35:57.584 [info] Getting sessions for all scopes...
2025-12-04 15:35:57.584 [info] Got 0 sessions for ...
2025-12-04 15:35:57.585 [info] Getting sessions for user:email...
2025-12-04 15:35:57.585 [info] Got 0 sessions for user:email...
2025-12-04 15:35:57.587 [info] Getting sessions for all scopes...
2025-12-04 15:35:57.587 [info] Got 0 sessions for ...
2025-12-04 15:35:57.588 [info] Getting sessions for user:email...
2025-12-04 15:35:57.588 [info] Got 0 sessions for user:email...
2025-12-04 15:35:58.185 [info] Getting sessions for all scopes...
2025-12-04 15:35:58.185 [info] Got 0 sessions for ...
2025-12-04 15:35:58.186 [info] Getting sessions for user:email...
2025-12-04 15:35:58.186 [info] Got 0 sessions for user:email...
2025-12-04 15:35:58.189 [info] Getting sessions for all scopes...
2025-12-04 15:35:58.189 [info] Got 0 sessions for ...
2025-12-04 15:35:58.194 [info] Getting sessions for user:email...
2025-12-04 15:35:58.194 [info] Got 0 sessions for user:email...
2025-12-04 15:35:58.275 [info] Getting sessions for all scopes...
2025-12-04 15:35:58.275 [info] Got 0 sessions for ...
2025-12-04 15:35:58.276 [info] Getting sessions for user:email...
2025-12-04 15:35:58.276 [info] Got 0 sessions for user:email...
2025-12-04 15:35:58.279 [info] Getting sessions for all scopes...
2025-12-04 15:35:58.279 [info] Got 0 sessions for ...
2025-12-04 15:35:58.280 [info] Getting sessions for user:email...
2025-12-04 15:35:58.280 [info] Got 0 sessions for user:email...
2025-12-04 15:35:58.362 [info] Getting sessions for all scopes...
2025-12-04 15:35:58.362 [info] Got 0 sessions for ...
2025-12-04 15:35:58.363 [info] Getting sessions for user:email...
2025-12-04 15:35:58.363 [info] Got 0 sessions for user:email...
2025-12-04 15:35:58.366 [info] Getting sessions for all scopes...
2025-12-04 15:35:58.366 [info] Got 0 sessions for ...
2025-12-04 15:35:58.366 [info] Getting sessions for user:email...
2025-12-04 15:35:58.366 [info] Got 0 sessions for user:email...
2025-12-04 15:35:58.437 [info] Getting sessions for all scopes...
2025-12-04 15:35:58.437 [info] Got 0 sessions for ...
2025-12-04 15:35:58.444 [info] Getting sessions for user:email...
2025-12-04 15:35:58.444 [info] Got 0 sessions for user:email...
2025-12-04 15:35:58.447 [info] Getting sessions for all scopes...
2025-12-04 15:35:58.447 [info] Got 0 sessions for ...
2025-12-04 15:35:58.448 [info] Getting sessions for user:email...
2025-12-04 15:35:58.448 [info] Got 0 sessions for user:email...
2025-12-04 15:35:58.682 [info] Getting sessions for all scopes...
2025-12-04 15:35:58.682 [info] Got 0 sessions for ...
2025-12-04 15:35:58.683 [info] Getting sessions for user:email...
2025-12-04 15:35:58.683 [info] Got 0 sessions for user:email...
2025-12-04 15:35:58.686 [info] Getting sessions for all scopes...
2025-12-04 15:35:58.686 [info] Got 0 sessions for ...
2025-12-04 15:35:58.686 [info] Getting sessions for user:email...
2025-12-04 15:35:58.686 [info] Got 0 sessions for user:email...
2025-12-04 15:35:58.886 [info] Getting sessions for all scopes...
2025-12-04 15:35:58.886 [info] Got 0 sessions for ...
2025-12-04 15:35:58.887 [info] Getting sessions for user:email...
2025-12-04 15:35:58.887 [info] Got 0 sessions for user:email...
2025-12-04 15:35:58.891 [info] Getting sessions for all scopes...
2025-12-04 15:35:58.891 [info] Got 0 sessions for ...
2025-12-04 15:35:58.892 [info] Getting sessions for user:email...
2025-12-04 15:35:58.892 [info] Got 0 sessions for user:email...
2025-12-04 15:35:59.021 [info] Getting sessions for all scopes...
2025-12-04 15:35:59.021 [info] Got 0 sessions for ...
2025-12-04 15:35:59.023 [info] Getting sessions for user:email...
2025-12-04 15:35:59.023 [info] Got 0 sessions for user:email...
2025-12-04 15:35:59.030 [info] Getting sessions for all scopes...
2025-12-04 15:35:59.030 [info] Got 0 sessions for ...
2025-12-04 15:35:59.031 [info] Getting sessions for user:email...
2025-12-04 15:35:59.031 [info] Got 0 sessions for user:email...
2025-12-04 15:35:59.203 [info] Getting sessions for all scopes...
2025-12-04 15:35:59.203 [info] Got 0 sessions for ...
2025-12-04 15:35:59.206 [info] Getting sessions for user:email...
2025-12-04 15:35:59.206 [info] Got 0 sessions for user:email...
2025-12-04 15:35:59.211 [info] Getting sessions for all scopes...
2025-12-04 15:35:59.211 [info] Got 0 sessions for ...
2025-12-04 15:35:59.212 [info] Getting sessions for user:email...
2025-12-04 15:35:59.212 [info] Got 0 sessions for user:email...
2025-12-04 15:36:04.211 [info] Getting sessions for all scopes...
2025-12-04 15:36:04.211 [info] Got 0 sessions for ...
2025-12-04 15:36:04.212 [info] Getting sessions for user:email...
2025-12-04 15:36:04.212 [info] Got 0 sessions for user:email...
