2025-12-04 12:03:27.551 [info] Reading sessions from keychain...
2025-12-04 12:03:27.551 [info] Getting sessions for all scopes...
2025-12-04 12:03:27.551 [info] Got 0 sessions for ...
2025-12-04 12:03:27.551 [info] Getting sessions for all scopes...
2025-12-04 12:03:27.551 [info] Got 0 sessions for ...
2025-12-04 12:03:27.551 [info] Getting sessions for all scopes...
2025-12-04 12:03:27.551 [info] Got 0 sessions for ...
2025-12-04 12:03:27.551 [info] Getting sessions for all scopes...
2025-12-04 12:03:27.551 [info] Got 0 sessions for ...
2025-12-04 12:03:27.551 [info] Getting sessions for all scopes...
2025-12-04 12:03:27.551 [info] Got 0 sessions for ...
2025-12-04 12:03:27.551 [info] Getting sessions for all scopes...
2025-12-04 12:03:27.551 [info] Got 0 sessions for ...
2025-12-04 12:03:27.551 [info] Getting sessions for all scopes...
2025-12-04 12:03:27.551 [info] Got 0 sessions for ...
2025-12-04 12:03:27.551 [info] Getting sessions for all scopes...
2025-12-04 12:03:27.551 [info] Got 0 sessions for ...
2025-12-04 12:03:27.551 [info] Getting sessions for all scopes...
2025-12-04 12:03:27.551 [info] Got 0 sessions for ...
2025-12-04 12:03:27.551 [info] Getting sessions for all scopes...
2025-12-04 12:03:27.551 [info] Got 0 sessions for ...
2025-12-04 12:03:27.551 [info] Getting sessions for all scopes...
2025-12-04 12:03:27.551 [info] Got 0 sessions for ...
2025-12-04 12:03:27.551 [info] Getting sessions for all scopes...
2025-12-04 12:03:27.551 [info] Got 0 sessions for ...
2025-12-04 12:03:27.551 [info] Getting sessions for all scopes...
2025-12-04 12:03:27.551 [info] Got 0 sessions for ...
2025-12-04 12:03:27.551 [info] Getting sessions for all scopes...
2025-12-04 12:03:27.551 [info] Got 0 sessions for ...
2025-12-04 12:03:27.551 [info] Getting sessions for all scopes...
2025-12-04 12:03:27.551 [info] Got 0 sessions for ...
2025-12-04 12:03:27.551 [info] Getting sessions for all scopes...
2025-12-04 12:03:27.551 [info] Got 0 sessions for ...
2025-12-04 12:03:27.551 [info] Getting sessions for all scopes...
2025-12-04 12:03:27.551 [info] Got 0 sessions for ...
2025-12-04 12:03:27.551 [info] Getting sessions for all scopes...
2025-12-04 12:03:27.551 [info] Got 0 sessions for ...
2025-12-04 12:03:27.551 [info] Getting sessions for all scopes...
2025-12-04 12:03:27.551 [info] Got 0 sessions for ...
2025-12-04 12:03:27.551 [info] Getting sessions for all scopes...
2025-12-04 12:03:27.551 [info] Got 0 sessions for ...
2025-12-04 12:03:27.551 [info] Getting sessions for user:email...
2025-12-04 12:03:27.551 [info] Got 0 sessions for user:email...
2025-12-04 12:03:27.551 [info] Getting sessions for read:user,repo,user:email,workflow...
2025-12-04 12:03:27.551 [info] Got 0 sessions for read:user,repo,user:email,workflow...
2025-12-04 12:03:27.573 [info] Getting sessions for all scopes...
2025-12-04 12:03:27.573 [info] Got 0 sessions for ...
2025-12-04 12:03:27.574 [info] Getting sessions for user:email...
2025-12-04 12:03:27.574 [info] Got 0 sessions for user:email...
2025-12-04 12:03:29.115 [info] Getting sessions for all scopes...
2025-12-04 12:03:29.115 [info] Got 0 sessions for ...
2025-12-04 12:03:29.168 [info] Getting sessions for all scopes...
2025-12-04 12:03:29.169 [info] Got 0 sessions for ...
2025-12-04 12:03:29.440 [info] Getting sessions for all scopes...
2025-12-04 12:03:29.440 [info] Got 0 sessions for ...
2025-12-04 12:03:29.440 [info] Getting sessions for all scopes...
2025-12-04 12:03:29.440 [info] Got 0 sessions for ...
2025-12-04 12:03:29.440 [info] Getting sessions for all scopes...
2025-12-04 12:03:29.440 [info] Got 0 sessions for ...
2025-12-04 12:03:29.440 [info] Getting sessions for all scopes...
2025-12-04 12:03:29.440 [info] Got 0 sessions for ...
2025-12-04 12:03:29.521 [info] Getting sessions for read:user,repo,user:email...
2025-12-04 12:03:29.521 [info] Got 0 sessions for read:user,repo,user:email...
2025-12-04 12:03:29.760 [info] Getting sessions for user:email...
2025-12-04 12:03:29.760 [info] Got 0 sessions for user:email...
2025-12-04 12:03:29.761 [info] Getting sessions for read:user,repo,user:email,workflow...
2025-12-04 12:03:29.761 [info] Got 0 sessions for read:user,repo,user:email,workflow...
2025-12-04 12:03:30.815 [info] Getting sessions for read:org,user:email...
2025-12-04 12:03:30.815 [info] Got 0 sessions for read:org,user:email...
2025-12-04 12:03:43.370 [info] Reading sessions from keychain...
2025-12-04 12:03:43.370 [info] Getting sessions for all scopes...
2025-12-04 12:03:43.799 [info] Got 0 sessions for ...
2025-12-04 12:03:43.799 [info] Getting sessions for all scopes...
2025-12-04 12:03:43.799 [info] Got 0 sessions for ...
2025-12-04 12:03:43.799 [info] Getting sessions for all scopes...
2025-12-04 12:03:43.799 [info] Got 0 sessions for ...
2025-12-04 12:03:43.799 [info] Getting sessions for all scopes...
2025-12-04 12:03:43.799 [info] Got 0 sessions for ...
2025-12-04 12:03:43.799 [info] Getting sessions for all scopes...
2025-12-04 12:03:43.799 [info] Got 0 sessions for ...
2025-12-04 12:03:43.800 [info] Getting sessions for all scopes...
2025-12-04 12:03:43.800 [info] Got 0 sessions for ...
2025-12-04 12:03:43.800 [info] Getting sessions for all scopes...
2025-12-04 12:03:43.800 [info] Got 0 sessions for ...
2025-12-04 12:03:43.800 [info] Getting sessions for all scopes...
2025-12-04 12:03:43.800 [info] Got 0 sessions for ...
2025-12-04 12:03:43.800 [info] Getting sessions for all scopes...
2025-12-04 12:03:43.800 [info] Got 0 sessions for ...
2025-12-04 12:03:43.800 [info] Getting sessions for all scopes...
2025-12-04 12:03:43.800 [info] Got 0 sessions for ...
2025-12-04 12:03:43.841 [info] Getting sessions for all scopes...
2025-12-04 12:03:43.841 [info] Got 0 sessions for ...
2025-12-04 12:03:43.842 [info] Getting sessions for all scopes...
2025-12-04 12:03:43.842 [info] Got 0 sessions for ...
2025-12-04 12:03:43.842 [info] Getting sessions for all scopes...
2025-12-04 12:03:43.842 [info] Got 0 sessions for ...
2025-12-04 12:03:43.842 [info] Getting sessions for all scopes...
2025-12-04 12:03:43.842 [info] Got 0 sessions for ...
2025-12-04 12:03:43.842 [info] Getting sessions for all scopes...
2025-12-04 12:03:43.842 [info] Got 0 sessions for ...
2025-12-04 12:03:43.842 [info] Getting sessions for all scopes...
2025-12-04 12:03:43.842 [info] Got 0 sessions for ...
2025-12-04 12:03:44.001 [info] Getting sessions for read:org,user:email...
2025-12-04 12:03:44.001 [info] Got 0 sessions for read:org,user:email...
2025-12-04 12:03:45.081 [info] Getting sessions for all scopes...
2025-12-04 12:03:45.081 [info] Got 0 sessions for ...
2025-12-04 12:03:45.090 [info] Getting sessions for all scopes...
2025-12-04 12:03:45.090 [info] Got 0 sessions for ...
2025-12-04 12:03:45.123 [info] Getting sessions for all scopes...
2025-12-04 12:03:45.123 [info] Got 0 sessions for ...
2025-12-04 12:03:45.124 [info] Getting sessions for all scopes...
2025-12-04 12:03:45.124 [info] Got 0 sessions for ...
2025-12-04 12:03:45.124 [info] Getting sessions for all scopes...
2025-12-04 12:03:45.124 [info] Got 0 sessions for ...
2025-12-04 12:03:45.422 [info] Getting sessions for user:email...
2025-12-04 12:03:45.422 [info] Got 0 sessions for user:email...
2025-12-04 12:03:45.422 [info] Getting sessions for read:user,repo,user:email,workflow...
2025-12-04 12:03:45.423 [info] Got 0 sessions for read:user,repo,user:email,workflow...
2025-12-04 12:03:45.517 [info] Getting sessions for all scopes...
2025-12-04 12:03:45.517 [info] Got 0 sessions for ...
2025-12-04 12:03:45.517 [info] Getting sessions for all scopes...
2025-12-04 12:03:45.517 [info] Got 0 sessions for ...
2025-12-04 12:03:45.582 [info] Getting sessions for user:email...
2025-12-04 12:03:45.582 [info] Got 0 sessions for user:email...
2025-12-04 12:03:45.582 [info] Getting sessions for read:user,repo,user:email,workflow...
2025-12-04 12:03:45.582 [info] Got 0 sessions for read:user,repo,user:email,workflow...
2025-12-04 12:03:45.662 [info] Getting sessions for all scopes...
2025-12-04 12:03:45.662 [info] Got 0 sessions for ...
2025-12-04 12:03:45.662 [info] Getting sessions for all scopes...
2025-12-04 12:03:45.662 [info] Got 0 sessions for ...
2025-12-04 12:03:45.697 [info] Getting sessions for user:email...
2025-12-04 12:03:45.697 [info] Got 0 sessions for user:email...
2025-12-04 12:03:45.697 [info] Getting sessions for read:user,repo,user:email,workflow...
2025-12-04 12:03:45.697 [info] Got 0 sessions for read:user,repo,user:email,workflow...
2025-12-04 12:03:45.803 [info] Getting sessions for all scopes...
2025-12-04 12:03:45.804 [info] Got 0 sessions for ...
2025-12-04 12:03:45.805 [info] Getting sessions for all scopes...
2025-12-04 12:03:45.805 [info] Got 0 sessions for ...
2025-12-04 12:03:45.813 [info] Getting sessions for all scopes...
2025-12-04 12:03:45.813 [info] Got 0 sessions for ...
2025-12-04 12:03:45.871 [info] Getting sessions for read:user,repo,user:email,workflow...
2025-12-04 12:03:45.872 [info] Got 0 sessions for read:user,repo,user:email,workflow...
