2025-12-04 14:03:43.757 [info] Reading sessions from keychain...
2025-12-04 14:03:43.757 [info] Getting sessions for all scopes...
2025-12-04 14:03:43.757 [info] Got 0 sessions for ...
2025-12-04 14:03:43.757 [info] Getting sessions for all scopes...
2025-12-04 14:03:43.757 [info] Got 0 sessions for ...
2025-12-04 14:03:43.757 [info] Getting sessions for all scopes...
2025-12-04 14:03:43.757 [info] Got 0 sessions for ...
2025-12-04 14:03:43.757 [info] Getting sessions for all scopes...
2025-12-04 14:03:43.757 [info] Got 0 sessions for ...
2025-12-04 14:03:43.757 [info] Getting sessions for all scopes...
2025-12-04 14:03:43.757 [info] Got 0 sessions for ...
2025-12-04 14:03:43.757 [info] Getting sessions for all scopes...
2025-12-04 14:03:43.757 [info] Got 0 sessions for ...
2025-12-04 14:03:43.757 [info] Getting sessions for all scopes...
2025-12-04 14:03:43.757 [info] Got 0 sessions for ...
2025-12-04 14:03:43.757 [info] Getting sessions for all scopes...
2025-12-04 14:03:43.757 [info] Got 0 sessions for ...
2025-12-04 14:03:43.757 [info] Getting sessions for all scopes...
2025-12-04 14:03:43.757 [info] Got 0 sessions for ...
2025-12-04 14:03:43.757 [info] Getting sessions for all scopes...
2025-12-04 14:03:43.757 [info] Got 0 sessions for ...
2025-12-04 14:03:43.757 [info] Getting sessions for all scopes...
2025-12-04 14:03:43.757 [info] Got 0 sessions for ...
2025-12-04 14:03:43.757 [info] Getting sessions for all scopes...
2025-12-04 14:03:43.757 [info] Got 0 sessions for ...
2025-12-04 14:03:43.757 [info] Getting sessions for all scopes...
2025-12-04 14:03:43.757 [info] Got 0 sessions for ...
2025-12-04 14:03:43.757 [info] Getting sessions for all scopes...
2025-12-04 14:03:43.757 [info] Got 0 sessions for ...
2025-12-04 14:03:43.757 [info] Getting sessions for all scopes...
2025-12-04 14:03:43.757 [info] Got 0 sessions for ...
2025-12-04 14:03:43.757 [info] Getting sessions for all scopes...
2025-12-04 14:03:43.757 [info] Got 0 sessions for ...
2025-12-04 14:03:43.757 [info] Getting sessions for all scopes...
2025-12-04 14:03:43.757 [info] Got 0 sessions for ...
2025-12-04 14:03:43.757 [info] Getting sessions for all scopes...
2025-12-04 14:03:43.757 [info] Got 0 sessions for ...
2025-12-04 14:03:43.757 [info] Getting sessions for all scopes...
2025-12-04 14:03:43.757 [info] Got 0 sessions for ...
2025-12-04 14:03:43.757 [info] Getting sessions for all scopes...
2025-12-04 14:03:43.757 [info] Got 0 sessions for ...
2025-12-04 14:03:43.773 [info] Getting sessions for user:email...
2025-12-04 14:03:43.773 [info] Got 0 sessions for user:email...
2025-12-04 14:03:43.773 [info] Getting sessions for read:user,repo,user:email,workflow...
2025-12-04 14:03:43.773 [info] Got 0 sessions for read:user,repo,user:email,workflow...
2025-12-04 14:03:43.822 [info] Getting sessions for all scopes...
2025-12-04 14:03:43.822 [info] Got 0 sessions for ...
2025-12-04 14:03:45.588 [info] Getting sessions for all scopes...
2025-12-04 14:03:45.588 [info] Got 0 sessions for ...
2025-12-04 14:03:45.588 [info] Getting sessions for all scopes...
2025-12-04 14:03:45.588 [info] Got 0 sessions for ...
2025-12-04 14:03:45.667 [info] Getting sessions for all scopes...
2025-12-04 14:03:45.667 [info] Got 0 sessions for ...
2025-12-04 14:03:46.186 [info] Getting sessions for read:user,repo,user:email...
2025-12-04 14:03:46.186 [info] Got 0 sessions for read:user,repo,user:email...
2025-12-04 14:03:46.250 [info] Getting sessions for user:email...
2025-12-04 14:03:46.250 [info] Got 0 sessions for user:email...
2025-12-04 14:03:46.494 [info] Getting sessions for all scopes...
2025-12-04 14:03:46.494 [info] Got 0 sessions for ...
2025-12-04 14:03:46.747 [info] Getting sessions for read:user,repo,user:email,workflow...
2025-12-04 14:03:46.747 [info] Got 0 sessions for read:user,repo,user:email,workflow...
2025-12-04 14:03:46.865 [info] Getting sessions for read:user,repo,user:email...
2025-12-04 14:03:46.865 [info] Got 0 sessions for read:user,repo,user:email...
2025-12-04 14:03:46.865 [info] Getting sessions for all scopes...
2025-12-04 14:03:46.865 [info] Got 0 sessions for ...
2025-12-04 14:03:47.030 [info] Getting sessions for user:email...
2025-12-04 14:03:47.030 [info] Got 0 sessions for user:email...
2025-12-04 14:03:47.079 [info] Getting sessions for all scopes...
2025-12-04 14:03:47.079 [info] Got 0 sessions for ...
2025-12-04 14:03:47.079 [info] Getting sessions for all scopes...
2025-12-04 14:03:47.079 [info] Got 0 sessions for ...
2025-12-04 14:03:47.103 [info] Getting sessions for user:email...
2025-12-04 14:03:47.103 [info] Got 0 sessions for user:email...
2025-12-04 14:03:47.103 [info] Getting sessions for read:user,repo,user:email,workflow...
2025-12-04 14:03:47.103 [info] Got 0 sessions for read:user,repo,user:email,workflow...
2025-12-04 14:03:47.153 [info] Getting sessions for all scopes...
2025-12-04 14:03:47.153 [info] Got 0 sessions for ...
2025-12-04 14:03:47.153 [info] Getting sessions for all scopes...
2025-12-04 14:03:47.153 [info] Got 0 sessions for ...
2025-12-04 14:04:04.706 [info] Getting sessions for all scopes...
2025-12-04 14:04:04.706 [info] Got 0 sessions for ...
2025-12-04 14:04:04.707 [info] Getting sessions for user:email...
2025-12-04 14:04:04.707 [info] Got 0 sessions for user:email...
2025-12-04 14:04:04.714 [info] Getting sessions for all scopes...
2025-12-04 14:04:04.714 [info] Got 0 sessions for ...
2025-12-04 14:04:04.715 [info] Getting sessions for user:email...
2025-12-04 14:04:04.715 [info] Got 0 sessions for user:email...
2025-12-04 14:04:05.156 [info] Getting sessions for all scopes...
2025-12-04 14:04:05.156 [info] Got 0 sessions for ...
2025-12-04 14:04:05.197 [info] Getting sessions for user:email...
2025-12-04 14:04:05.197 [info] Got 0 sessions for user:email...
2025-12-04 14:04:05.225 [info] Getting sessions for all scopes...
2025-12-04 14:04:05.225 [info] Got 0 sessions for ...
2025-12-04 14:04:05.233 [info] Getting sessions for user:email...
2025-12-04 14:04:05.234 [info] Got 0 sessions for user:email...
2025-12-04 14:04:05.237 [info] Getting sessions for all scopes...
2025-12-04 14:04:05.237 [info] Got 0 sessions for ...
2025-12-04 14:04:05.241 [info] Getting sessions for user:email...
2025-12-04 14:04:05.241 [info] Got 0 sessions for user:email...
2025-12-04 14:04:05.295 [info] Getting sessions for all scopes...
2025-12-04 14:04:05.295 [info] Got 0 sessions for ...
2025-12-04 14:04:05.298 [info] Getting sessions for user:email...
2025-12-04 14:04:05.298 [info] Got 0 sessions for user:email...
2025-12-04 14:04:05.306 [info] Getting sessions for all scopes...
2025-12-04 14:04:05.306 [info] Got 0 sessions for ...
2025-12-04 14:04:05.307 [info] Getting sessions for user:email...
2025-12-04 14:04:05.307 [info] Got 0 sessions for user:email...
2025-12-04 14:04:05.366 [info] Getting sessions for all scopes...
2025-12-04 14:04:05.366 [info] Got 0 sessions for ...
2025-12-04 14:04:05.370 [info] Getting sessions for user:email...
2025-12-04 14:04:05.370 [info] Got 0 sessions for user:email...
2025-12-04 14:04:05.374 [info] Getting sessions for all scopes...
2025-12-04 14:04:05.374 [info] Got 0 sessions for ...
2025-12-04 14:04:05.375 [info] Getting sessions for user:email...
2025-12-04 14:04:05.375 [info] Got 0 sessions for user:email...
2025-12-04 14:04:05.539 [info] Getting sessions for all scopes...
2025-12-04 14:04:05.539 [info] Got 0 sessions for ...
2025-12-04 14:04:05.543 [info] Getting sessions for user:email...
2025-12-04 14:04:05.543 [info] Got 0 sessions for user:email...
2025-12-04 14:04:05.547 [info] Getting sessions for all scopes...
2025-12-04 14:04:05.547 [info] Got 0 sessions for ...
2025-12-04 14:04:05.548 [info] Getting sessions for user:email...
2025-12-04 14:04:05.548 [info] Got 0 sessions for user:email...
2025-12-04 14:04:06.007 [info] Getting sessions for all scopes...
2025-12-04 14:04:06.007 [info] Got 0 sessions for ...
2025-12-04 14:04:06.008 [info] Getting sessions for user:email...
2025-12-04 14:04:06.008 [info] Got 0 sessions for user:email...
2025-12-04 14:04:06.014 [info] Getting sessions for all scopes...
2025-12-04 14:04:06.014 [info] Got 0 sessions for ...
2025-12-04 14:04:06.015 [info] Getting sessions for user:email...
2025-12-04 14:04:06.015 [info] Got 0 sessions for user:email...
2025-12-04 14:04:06.094 [info] Getting sessions for all scopes...
2025-12-04 14:04:06.094 [info] Got 0 sessions for ...
2025-12-04 14:04:06.094 [info] Getting sessions for user:email...
2025-12-04 14:04:06.094 [info] Got 0 sessions for user:email...
2025-12-04 14:04:06.098 [info] Getting sessions for all scopes...
2025-12-04 14:04:06.098 [info] Got 0 sessions for ...
2025-12-04 14:04:06.099 [info] Getting sessions for user:email...
2025-12-04 14:04:06.099 [info] Got 0 sessions for user:email...
2025-12-04 14:04:06.202 [info] Getting sessions for all scopes...
2025-12-04 14:04:06.202 [info] Got 0 sessions for ...
2025-12-04 14:04:06.204 [info] Getting sessions for user:email...
2025-12-04 14:04:06.204 [info] Got 0 sessions for user:email...
2025-12-04 14:04:06.210 [info] Getting sessions for all scopes...
2025-12-04 14:04:06.210 [info] Got 0 sessions for ...
2025-12-04 14:04:06.211 [info] Getting sessions for user:email...
2025-12-04 14:04:06.211 [info] Got 0 sessions for user:email...
2025-12-04 14:04:06.320 [info] Getting sessions for all scopes...
2025-12-04 14:04:06.320 [info] Got 0 sessions for ...
2025-12-04 14:04:06.322 [info] Getting sessions for user:email...
2025-12-04 14:04:06.322 [info] Got 0 sessions for user:email...
2025-12-04 14:04:06.325 [info] Getting sessions for all scopes...
2025-12-04 14:04:06.325 [info] Got 0 sessions for ...
2025-12-04 14:04:06.326 [info] Getting sessions for user:email...
2025-12-04 14:04:06.326 [info] Got 0 sessions for user:email...
2025-12-04 14:04:07.187 [info] Getting sessions for all scopes...
2025-12-04 14:04:07.187 [info] Got 0 sessions for ...
2025-12-04 14:04:07.188 [info] Getting sessions for user:email...
2025-12-04 14:04:07.188 [info] Got 0 sessions for user:email...
2025-12-04 14:04:07.199 [info] Getting sessions for all scopes...
2025-12-04 14:04:07.199 [info] Got 0 sessions for ...
2025-12-04 14:04:07.202 [info] Getting sessions for user:email...
2025-12-04 14:04:07.202 [info] Got 0 sessions for user:email...
2025-12-04 14:04:07.733 [info] Getting sessions for all scopes...
2025-12-04 14:04:07.733 [info] Got 0 sessions for ...
2025-12-04 14:04:07.735 [info] Getting sessions for user:email...
2025-12-04 14:04:07.735 [info] Got 0 sessions for user:email...
2025-12-04 14:04:07.738 [info] Getting sessions for all scopes...
2025-12-04 14:04:07.738 [info] Got 0 sessions for ...
2025-12-04 14:04:07.739 [info] Getting sessions for user:email...
2025-12-04 14:04:07.739 [info] Got 0 sessions for user:email...
2025-12-04 14:04:08.566 [info] Getting sessions for all scopes...
2025-12-04 14:04:08.566 [info] Got 0 sessions for ...
2025-12-04 14:04:08.570 [info] Getting sessions for user:email...
2025-12-04 14:04:08.570 [info] Got 0 sessions for user:email...
2025-12-04 14:04:08.579 [info] Getting sessions for all scopes...
2025-12-04 14:04:08.579 [info] Got 0 sessions for ...
2025-12-04 14:04:08.580 [info] Getting sessions for user:email...
2025-12-04 14:04:08.580 [info] Got 0 sessions for user:email...
2025-12-04 14:04:08.725 [info] Getting sessions for all scopes...
2025-12-04 14:04:08.725 [info] Got 0 sessions for ...
2025-12-04 14:04:08.726 [info] Getting sessions for user:email...
2025-12-04 14:04:08.726 [info] Got 0 sessions for user:email...
2025-12-04 14:04:08.729 [info] Getting sessions for all scopes...
2025-12-04 14:04:08.729 [info] Got 0 sessions for ...
2025-12-04 14:04:08.730 [info] Getting sessions for user:email...
2025-12-04 14:04:08.730 [info] Got 0 sessions for user:email...
2025-12-04 14:04:08.838 [info] Getting sessions for all scopes...
2025-12-04 14:04:08.838 [info] Got 0 sessions for ...
2025-12-04 14:04:08.839 [info] Getting sessions for user:email...
2025-12-04 14:04:08.839 [info] Got 0 sessions for user:email...
2025-12-04 14:04:08.843 [info] Getting sessions for all scopes...
2025-12-04 14:04:08.843 [info] Got 0 sessions for ...
2025-12-04 14:04:08.845 [info] Getting sessions for user:email...
2025-12-04 14:04:08.845 [info] Got 0 sessions for user:email...
2025-12-04 14:04:10.126 [info] Getting sessions for all scopes...
2025-12-04 14:04:10.126 [info] Got 0 sessions for ...
2025-12-04 14:04:10.128 [info] Getting sessions for user:email...
2025-12-04 14:04:10.128 [info] Got 0 sessions for user:email...
2025-12-04 14:04:10.132 [info] Getting sessions for all scopes...
2025-12-04 14:04:10.132 [info] Got 0 sessions for ...
2025-12-04 14:04:10.133 [info] Getting sessions for user:email...
2025-12-04 14:04:10.133 [info] Got 0 sessions for user:email...
2025-12-04 14:04:11.420 [info] Getting sessions for all scopes...
2025-12-04 14:04:11.420 [info] Got 0 sessions for ...
2025-12-04 14:04:11.421 [info] Getting sessions for user:email...
2025-12-04 14:04:11.421 [info] Got 0 sessions for user:email...
2025-12-04 14:04:11.427 [info] Getting sessions for all scopes...
2025-12-04 14:04:11.427 [info] Got 0 sessions for ...
2025-12-04 14:04:11.432 [info] Getting sessions for user:email...
2025-12-04 14:04:11.432 [info] Got 0 sessions for user:email...
2025-12-04 14:04:11.590 [info] Getting sessions for all scopes...
2025-12-04 14:04:11.590 [info] Got 0 sessions for ...
2025-12-04 14:04:11.592 [info] Getting sessions for user:email...
2025-12-04 14:04:11.592 [info] Got 0 sessions for user:email...
2025-12-04 14:04:11.597 [info] Getting sessions for all scopes...
2025-12-04 14:04:11.597 [info] Got 0 sessions for ...
2025-12-04 14:04:11.599 [info] Getting sessions for user:email...
2025-12-04 14:04:11.599 [info] Got 0 sessions for user:email...
2025-12-04 14:04:16.597 [info] Getting sessions for all scopes...
2025-12-04 14:04:16.597 [info] Got 0 sessions for ...
2025-12-04 14:04:16.598 [info] Getting sessions for user:email...
2025-12-04 14:04:16.598 [info] Got 0 sessions for user:email...
2025-12-04 14:04:30.286 [info] Getting sessions for all scopes...
2025-12-04 14:04:30.286 [info] Got 0 sessions for ...
2025-12-04 14:04:30.287 [info] Getting sessions for user:email...
2025-12-04 14:04:30.287 [info] Got 0 sessions for user:email...
2025-12-04 14:04:30.297 [info] Getting sessions for all scopes...
2025-12-04 14:04:30.297 [info] Got 0 sessions for ...
2025-12-04 14:04:30.298 [info] Getting sessions for user:email...
2025-12-04 14:04:30.298 [info] Got 0 sessions for user:email...
2025-12-04 14:04:30.417 [info] Getting sessions for all scopes...
2025-12-04 14:04:30.417 [info] Got 0 sessions for ...
2025-12-04 14:04:30.418 [info] Getting sessions for user:email...
2025-12-04 14:04:30.418 [info] Got 0 sessions for user:email...
2025-12-04 14:04:30.425 [info] Getting sessions for all scopes...
2025-12-04 14:04:30.425 [info] Got 0 sessions for ...
2025-12-04 14:04:30.426 [info] Getting sessions for user:email...
2025-12-04 14:04:30.426 [info] Got 0 sessions for user:email...
2025-12-04 14:04:31.429 [info] Getting sessions for all scopes...
2025-12-04 14:04:31.429 [info] Got 0 sessions for ...
2025-12-04 14:04:31.431 [info] Getting sessions for user:email...
2025-12-04 14:04:31.431 [info] Got 0 sessions for user:email...
2025-12-04 14:04:31.438 [info] Getting sessions for all scopes...
2025-12-04 14:04:31.438 [info] Got 0 sessions for ...
2025-12-04 14:04:31.439 [info] Getting sessions for user:email...
2025-12-04 14:04:31.439 [info] Got 0 sessions for user:email...
2025-12-04 14:04:31.546 [info] Getting sessions for all scopes...
2025-12-04 14:04:31.546 [info] Got 0 sessions for ...
2025-12-04 14:04:31.547 [info] Getting sessions for user:email...
2025-12-04 14:04:31.547 [info] Got 0 sessions for user:email...
2025-12-04 14:04:31.552 [info] Getting sessions for all scopes...
2025-12-04 14:04:31.552 [info] Got 0 sessions for ...
2025-12-04 14:04:31.553 [info] Getting sessions for user:email...
2025-12-04 14:04:31.553 [info] Got 0 sessions for user:email...
2025-12-04 14:04:31.644 [info] Getting sessions for all scopes...
2025-12-04 14:04:31.644 [info] Got 0 sessions for ...
2025-12-04 14:04:31.645 [info] Getting sessions for user:email...
2025-12-04 14:04:31.645 [info] Got 0 sessions for user:email...
2025-12-04 14:04:31.649 [info] Getting sessions for all scopes...
2025-12-04 14:04:31.650 [info] Got 0 sessions for ...
2025-12-04 14:04:31.650 [info] Getting sessions for user:email...
2025-12-04 14:04:31.650 [info] Got 0 sessions for user:email...
2025-12-04 14:04:31.784 [info] Getting sessions for all scopes...
2025-12-04 14:04:31.784 [info] Got 0 sessions for ...
2025-12-04 14:04:31.787 [info] Getting sessions for user:email...
2025-12-04 14:04:31.787 [info] Got 0 sessions for user:email...
2025-12-04 14:04:31.793 [info] Getting sessions for all scopes...
2025-12-04 14:04:31.793 [info] Got 0 sessions for ...
2025-12-04 14:04:31.794 [info] Getting sessions for user:email...
2025-12-04 14:04:31.794 [info] Got 0 sessions for user:email...
2025-12-04 14:04:32.096 [info] Getting sessions for all scopes...
2025-12-04 14:04:32.096 [info] Got 0 sessions for ...
2025-12-04 14:04:32.098 [info] Getting sessions for user:email...
2025-12-04 14:04:32.098 [info] Got 0 sessions for user:email...
2025-12-04 14:04:32.106 [info] Getting sessions for all scopes...
2025-12-04 14:04:32.106 [info] Got 0 sessions for ...
2025-12-04 14:04:32.119 [info] Getting sessions for user:email...
2025-12-04 14:04:32.119 [info] Got 0 sessions for user:email...
2025-12-04 14:04:32.124 [info] Getting sessions for all scopes...
2025-12-04 14:04:32.124 [info] Got 0 sessions for ...
2025-12-04 14:04:32.125 [info] Getting sessions for user:email...
2025-12-04 14:04:32.125 [info] Got 0 sessions for user:email...
2025-12-04 14:04:32.248 [info] Getting sessions for all scopes...
2025-12-04 14:04:32.248 [info] Got 0 sessions for ...
2025-12-04 14:04:32.249 [info] Getting sessions for user:email...
2025-12-04 14:04:32.249 [info] Got 0 sessions for user:email...
2025-12-04 14:04:32.253 [info] Getting sessions for all scopes...
2025-12-04 14:04:32.253 [info] Got 0 sessions for ...
2025-12-04 14:04:32.254 [info] Getting sessions for user:email...
2025-12-04 14:04:32.254 [info] Got 0 sessions for user:email...
2025-12-04 14:04:32.416 [info] Getting sessions for all scopes...
2025-12-04 14:04:32.416 [info] Got 0 sessions for ...
2025-12-04 14:04:32.417 [info] Getting sessions for user:email...
2025-12-04 14:04:32.417 [info] Got 0 sessions for user:email...
2025-12-04 14:04:32.422 [info] Getting sessions for all scopes...
2025-12-04 14:04:32.422 [info] Got 0 sessions for ...
2025-12-04 14:04:32.435 [info] Getting sessions for user:email...
2025-12-04 14:04:32.435 [info] Got 0 sessions for user:email...
2025-12-04 14:04:32.791 [info] Getting sessions for all scopes...
2025-12-04 14:04:32.791 [info] Got 0 sessions for ...
2025-12-04 14:04:32.793 [info] Getting sessions for user:email...
2025-12-04 14:04:32.793 [info] Got 0 sessions for user:email...
2025-12-04 14:04:32.799 [info] Getting sessions for all scopes...
2025-12-04 14:04:32.799 [info] Got 0 sessions for ...
2025-12-04 14:04:32.800 [info] Getting sessions for user:email...
2025-12-04 14:04:32.800 [info] Got 0 sessions for user:email...
2025-12-04 14:04:32.925 [info] Getting sessions for all scopes...
2025-12-04 14:04:32.925 [info] Got 0 sessions for ...
2025-12-04 14:04:32.926 [info] Getting sessions for user:email...
2025-12-04 14:04:32.926 [info] Got 0 sessions for user:email...
2025-12-04 14:04:32.933 [info] Getting sessions for all scopes...
2025-12-04 14:04:32.933 [info] Got 0 sessions for ...
2025-12-04 14:04:32.934 [info] Getting sessions for user:email...
2025-12-04 14:04:32.934 [info] Got 0 sessions for user:email...
2025-12-04 14:04:33.067 [info] Getting sessions for all scopes...
2025-12-04 14:04:33.067 [info] Got 0 sessions for ...
2025-12-04 14:04:33.068 [info] Getting sessions for user:email...
2025-12-04 14:04:33.068 [info] Got 0 sessions for user:email...
2025-12-04 14:04:33.071 [info] Getting sessions for all scopes...
2025-12-04 14:04:33.071 [info] Got 0 sessions for ...
2025-12-04 14:04:33.071 [info] Getting sessions for user:email...
2025-12-04 14:04:33.071 [info] Got 0 sessions for user:email...
2025-12-04 14:04:33.756 [info] Getting sessions for all scopes...
2025-12-04 14:04:33.756 [info] Got 0 sessions for ...
2025-12-04 14:04:33.757 [info] Getting sessions for user:email...
2025-12-04 14:04:33.757 [info] Got 0 sessions for user:email...
2025-12-04 14:04:33.760 [info] Getting sessions for all scopes...
2025-12-04 14:04:33.760 [info] Got 0 sessions for ...
2025-12-04 14:04:33.761 [info] Getting sessions for user:email...
2025-12-04 14:04:33.761 [info] Got 0 sessions for user:email...
2025-12-04 14:04:34.397 [info] Getting sessions for all scopes...
2025-12-04 14:04:34.397 [info] Got 0 sessions for ...
2025-12-04 14:04:34.402 [info] Getting sessions for user:email...
2025-12-04 14:04:34.402 [info] Got 0 sessions for user:email...
2025-12-04 14:04:34.419 [info] Getting sessions for all scopes...
2025-12-04 14:04:34.419 [info] Got 0 sessions for ...
2025-12-04 14:04:34.426 [info] Getting sessions for user:email...
2025-12-04 14:04:34.426 [info] Got 0 sessions for user:email...
2025-12-04 14:04:34.545 [info] Getting sessions for all scopes...
2025-12-04 14:04:34.545 [info] Got 0 sessions for ...
2025-12-04 14:04:34.546 [info] Getting sessions for user:email...
2025-12-04 14:04:34.546 [info] Got 0 sessions for user:email...
2025-12-04 14:04:34.549 [info] Getting sessions for all scopes...
2025-12-04 14:04:34.549 [info] Got 0 sessions for ...
2025-12-04 14:04:34.550 [info] Getting sessions for user:email...
2025-12-04 14:04:34.550 [info] Got 0 sessions for user:email...
2025-12-04 14:04:34.682 [info] Getting sessions for all scopes...
2025-12-04 14:04:34.682 [info] Got 0 sessions for ...
2025-12-04 14:04:34.683 [info] Getting sessions for user:email...
2025-12-04 14:04:34.683 [info] Got 0 sessions for user:email...
2025-12-04 14:04:34.693 [info] Getting sessions for all scopes...
2025-12-04 14:04:34.693 [info] Got 0 sessions for ...
2025-12-04 14:04:34.694 [info] Getting sessions for user:email...
2025-12-04 14:04:34.694 [info] Got 0 sessions for user:email...
2025-12-04 14:04:35.382 [info] Getting sessions for all scopes...
2025-12-04 14:04:35.382 [info] Got 0 sessions for ...
2025-12-04 14:04:35.383 [info] Getting sessions for user:email...
2025-12-04 14:04:35.383 [info] Got 0 sessions for user:email...
2025-12-04 14:04:35.386 [info] Getting sessions for all scopes...
2025-12-04 14:04:35.386 [info] Got 0 sessions for ...
2025-12-04 14:04:35.387 [info] Getting sessions for user:email...
2025-12-04 14:04:35.387 [info] Got 0 sessions for user:email...
2025-12-04 14:04:35.695 [info] Getting sessions for all scopes...
2025-12-04 14:04:35.695 [info] Got 0 sessions for ...
2025-12-04 14:04:35.697 [info] Getting sessions for user:email...
2025-12-04 14:04:35.697 [info] Got 0 sessions for user:email...
2025-12-04 14:04:35.713 [info] Getting sessions for all scopes...
2025-12-04 14:04:35.713 [info] Got 0 sessions for ...
2025-12-04 14:04:35.714 [info] Getting sessions for user:email...
2025-12-04 14:04:35.714 [info] Got 0 sessions for user:email...
2025-12-04 14:04:35.717 [info] Getting sessions for all scopes...
2025-12-04 14:04:35.717 [info] Got 0 sessions for ...
2025-12-04 14:04:35.718 [info] Getting sessions for user:email...
2025-12-04 14:04:35.718 [info] Got 0 sessions for user:email...
2025-12-04 14:04:35.893 [info] Getting sessions for all scopes...
2025-12-04 14:04:35.893 [info] Got 0 sessions for ...
2025-12-04 14:04:35.894 [info] Getting sessions for user:email...
2025-12-04 14:04:35.894 [info] Got 0 sessions for user:email...
2025-12-04 14:04:35.897 [info] Getting sessions for all scopes...
2025-12-04 14:04:35.897 [info] Got 0 sessions for ...
2025-12-04 14:04:35.898 [info] Getting sessions for user:email...
2025-12-04 14:04:35.898 [info] Got 0 sessions for user:email...
2025-12-04 14:04:36.023 [info] Getting sessions for all scopes...
2025-12-04 14:04:36.023 [info] Got 0 sessions for ...
2025-12-04 14:04:36.023 [info] Getting sessions for user:email...
2025-12-04 14:04:36.023 [info] Got 0 sessions for user:email...
2025-12-04 14:04:36.026 [info] Getting sessions for all scopes...
2025-12-04 14:04:36.026 [info] Got 0 sessions for ...
2025-12-04 14:04:36.027 [info] Getting sessions for user:email...
2025-12-04 14:04:36.027 [info] Got 0 sessions for user:email...
2025-12-04 14:04:36.359 [info] Getting sessions for all scopes...
2025-12-04 14:04:36.359 [info] Got 0 sessions for ...
2025-12-04 14:04:36.359 [info] Getting sessions for user:email...
2025-12-04 14:04:36.359 [info] Got 0 sessions for user:email...
2025-12-04 14:04:36.366 [info] Getting sessions for all scopes...
2025-12-04 14:04:36.366 [info] Got 0 sessions for ...
2025-12-04 14:04:36.367 [info] Getting sessions for user:email...
2025-12-04 14:04:36.367 [info] Got 0 sessions for user:email...
2025-12-04 14:04:38.424 [info] Getting sessions for all scopes...
2025-12-04 14:04:38.424 [info] Got 0 sessions for ...
2025-12-04 14:04:38.425 [info] Getting sessions for user:email...
2025-12-04 14:04:38.425 [info] Got 0 sessions for user:email...
2025-12-04 14:04:38.427 [info] Getting sessions for all scopes...
2025-12-04 14:04:38.427 [info] Got 0 sessions for ...
2025-12-04 14:04:38.428 [info] Getting sessions for user:email...
2025-12-04 14:04:38.428 [info] Got 0 sessions for user:email...
2025-12-04 14:04:43.428 [info] Getting sessions for all scopes...
2025-12-04 14:04:43.428 [info] Got 0 sessions for ...
2025-12-04 14:04:43.429 [info] Getting sessions for user:email...
2025-12-04 14:04:43.429 [info] Got 0 sessions for user:email...
2025-12-04 14:05:31.575 [info] Getting sessions for all scopes...
2025-12-04 14:05:31.575 [info] Got 0 sessions for ...
2025-12-04 14:05:31.576 [info] Getting sessions for user:email...
2025-12-04 14:05:31.576 [info] Got 0 sessions for user:email...
2025-12-04 14:05:31.581 [info] Getting sessions for all scopes...
2025-12-04 14:05:31.581 [info] Got 0 sessions for ...
2025-12-04 14:05:31.583 [info] Getting sessions for user:email...
2025-12-04 14:05:31.583 [info] Got 0 sessions for user:email...
2025-12-04 14:05:32.149 [info] Getting sessions for all scopes...
2025-12-04 14:05:32.149 [info] Got 0 sessions for ...
2025-12-04 14:05:32.153 [info] Getting sessions for user:email...
2025-12-04 14:05:32.153 [info] Got 0 sessions for user:email...
2025-12-04 14:05:32.159 [info] Getting sessions for all scopes...
2025-12-04 14:05:32.159 [info] Got 0 sessions for ...
2025-12-04 14:05:32.160 [info] Getting sessions for user:email...
2025-12-04 14:05:32.160 [info] Got 0 sessions for user:email...
2025-12-04 14:05:32.393 [info] Getting sessions for all scopes...
2025-12-04 14:05:32.393 [info] Got 0 sessions for ...
2025-12-04 14:05:32.394 [info] Getting sessions for user:email...
2025-12-04 14:05:32.394 [info] Got 0 sessions for user:email...
2025-12-04 14:05:32.397 [info] Getting sessions for all scopes...
2025-12-04 14:05:32.397 [info] Got 0 sessions for ...
2025-12-04 14:05:32.397 [info] Getting sessions for user:email...
2025-12-04 14:05:32.397 [info] Got 0 sessions for user:email...
2025-12-04 14:05:37.397 [info] Getting sessions for all scopes...
2025-12-04 14:05:37.397 [info] Got 0 sessions for ...
2025-12-04 14:05:37.398 [info] Getting sessions for user:email...
2025-12-04 14:05:37.398 [info] Got 0 sessions for user:email...
2025-12-04 14:05:42.202 [info] Getting sessions for all scopes...
2025-12-04 14:05:42.202 [info] Got 0 sessions for ...
2025-12-04 14:05:42.202 [info] Getting sessions for user:email...
2025-12-04 14:05:42.202 [info] Got 0 sessions for user:email...
2025-12-04 14:05:42.205 [info] Getting sessions for all scopes...
2025-12-04 14:05:42.205 [info] Got 0 sessions for ...
2025-12-04 14:05:42.206 [info] Getting sessions for user:email...
2025-12-04 14:05:42.206 [info] Got 0 sessions for user:email...
2025-12-04 14:05:42.478 [info] Getting sessions for all scopes...
2025-12-04 14:05:42.478 [info] Got 0 sessions for ...
2025-12-04 14:05:42.479 [info] Getting sessions for user:email...
2025-12-04 14:05:42.479 [info] Got 0 sessions for user:email...
2025-12-04 14:05:42.481 [info] Getting sessions for all scopes...
2025-12-04 14:05:42.481 [info] Got 0 sessions for ...
2025-12-04 14:05:42.482 [info] Getting sessions for user:email...
2025-12-04 14:05:42.482 [info] Got 0 sessions for user:email...
2025-12-04 14:05:42.623 [info] Getting sessions for all scopes...
2025-12-04 14:05:42.623 [info] Got 0 sessions for ...
2025-12-04 14:05:42.627 [info] Getting sessions for user:email...
2025-12-04 14:05:42.627 [info] Got 0 sessions for user:email...
2025-12-04 14:05:42.630 [info] Getting sessions for all scopes...
2025-12-04 14:05:42.630 [info] Got 0 sessions for ...
2025-12-04 14:05:42.631 [info] Getting sessions for user:email...
2025-12-04 14:05:42.631 [info] Got 0 sessions for user:email...
2025-12-04 14:05:42.774 [info] Getting sessions for all scopes...
2025-12-04 14:05:42.774 [info] Got 0 sessions for ...
2025-12-04 14:05:42.776 [info] Getting sessions for user:email...
2025-12-04 14:05:42.776 [info] Got 0 sessions for user:email...
2025-12-04 14:05:42.785 [info] Getting sessions for all scopes...
2025-12-04 14:05:42.785 [info] Got 0 sessions for ...
2025-12-04 14:05:42.788 [info] Getting sessions for user:email...
2025-12-04 14:05:42.788 [info] Got 0 sessions for user:email...
2025-12-04 14:05:42.893 [info] Getting sessions for all scopes...
2025-12-04 14:05:42.893 [info] Got 0 sessions for ...
2025-12-04 14:05:42.894 [info] Getting sessions for user:email...
2025-12-04 14:05:42.894 [info] Got 0 sessions for user:email...
2025-12-04 14:05:42.897 [info] Getting sessions for all scopes...
2025-12-04 14:05:42.897 [info] Got 0 sessions for ...
2025-12-04 14:05:42.897 [info] Getting sessions for user:email...
2025-12-04 14:05:42.897 [info] Got 0 sessions for user:email...
2025-12-04 14:05:44.419 [info] Getting sessions for all scopes...
2025-12-04 14:05:44.419 [info] Got 0 sessions for ...
2025-12-04 14:05:44.421 [info] Getting sessions for user:email...
2025-12-04 14:05:44.421 [info] Got 0 sessions for user:email...
2025-12-04 14:05:44.428 [info] Getting sessions for all scopes...
2025-12-04 14:05:44.428 [info] Got 0 sessions for ...
2025-12-04 14:05:44.429 [info] Getting sessions for user:email...
2025-12-04 14:05:44.429 [info] Got 0 sessions for user:email...
2025-12-04 14:05:49.425 [info] Getting sessions for all scopes...
2025-12-04 14:05:49.425 [info] Got 0 sessions for ...
2025-12-04 14:05:49.425 [info] Getting sessions for user:email...
2025-12-04 14:05:49.425 [info] Got 0 sessions for user:email...
2025-12-04 14:08:29.361 [info] Getting sessions for all scopes...
2025-12-04 14:08:29.361 [info] Got 0 sessions for ...
2025-12-04 14:08:29.362 [info] Getting sessions for user:email...
2025-12-04 14:08:29.362 [info] Got 0 sessions for user:email...
2025-12-04 14:08:29.365 [info] Getting sessions for all scopes...
2025-12-04 14:08:29.365 [info] Got 0 sessions for ...
2025-12-04 14:08:29.366 [info] Getting sessions for user:email...
2025-12-04 14:08:29.366 [info] Got 0 sessions for user:email...
2025-12-04 14:08:29.959 [info] Getting sessions for all scopes...
2025-12-04 14:08:29.959 [info] Got 0 sessions for ...
2025-12-04 14:08:29.962 [info] Getting sessions for user:email...
2025-12-04 14:08:29.962 [info] Got 0 sessions for user:email...
2025-12-04 14:08:29.964 [info] Getting sessions for all scopes...
2025-12-04 14:08:29.964 [info] Got 0 sessions for ...
2025-12-04 14:08:29.965 [info] Getting sessions for user:email...
2025-12-04 14:08:29.965 [info] Got 0 sessions for user:email...
2025-12-04 14:08:34.967 [info] Getting sessions for all scopes...
2025-12-04 14:08:34.967 [info] Got 0 sessions for ...
2025-12-04 14:08:34.967 [info] Getting sessions for user:email...
2025-12-04 14:08:34.967 [info] Got 0 sessions for user:email...
2025-12-04 14:08:47.815 [info] Getting sessions for all scopes...
2025-12-04 14:08:47.815 [info] Got 0 sessions for ...
2025-12-04 14:08:47.816 [info] Getting sessions for user:email...
2025-12-04 14:08:47.816 [info] Got 0 sessions for user:email...
2025-12-04 14:08:47.819 [info] Getting sessions for all scopes...
2025-12-04 14:08:47.819 [info] Got 0 sessions for ...
2025-12-04 14:08:47.821 [info] Getting sessions for user:email...
2025-12-04 14:08:47.821 [info] Got 0 sessions for user:email...
2025-12-04 14:08:48.408 [info] Getting sessions for all scopes...
2025-12-04 14:08:48.408 [info] Got 0 sessions for ...
2025-12-04 14:08:48.409 [info] Getting sessions for user:email...
2025-12-04 14:08:48.409 [info] Got 0 sessions for user:email...
2025-12-04 14:08:48.413 [info] Getting sessions for all scopes...
2025-12-04 14:08:48.413 [info] Got 0 sessions for ...
2025-12-04 14:08:48.414 [info] Getting sessions for user:email...
2025-12-04 14:08:48.414 [info] Got 0 sessions for user:email...
2025-12-04 14:08:48.458 [info] Getting sessions for all scopes...
2025-12-04 14:08:48.458 [info] Got 0 sessions for ...
2025-12-04 14:08:48.462 [info] Getting sessions for user:email...
2025-12-04 14:08:48.462 [info] Got 0 sessions for user:email...
2025-12-04 14:08:48.465 [info] Getting sessions for all scopes...
2025-12-04 14:08:48.465 [info] Got 0 sessions for ...
2025-12-04 14:08:48.466 [info] Getting sessions for user:email...
2025-12-04 14:08:48.466 [info] Got 0 sessions for user:email...
2025-12-04 14:08:48.489 [info] Getting sessions for all scopes...
2025-12-04 14:08:48.489 [info] Got 0 sessions for ...
2025-12-04 14:08:48.490 [info] Getting sessions for user:email...
2025-12-04 14:08:48.490 [info] Got 0 sessions for user:email...
2025-12-04 14:08:48.514 [info] Getting sessions for all scopes...
2025-12-04 14:08:48.514 [info] Got 0 sessions for ...
2025-12-04 14:08:48.529 [info] Getting sessions for user:email...
2025-12-04 14:08:48.529 [info] Got 0 sessions for user:email...
2025-12-04 14:08:48.533 [info] Getting sessions for all scopes...
2025-12-04 14:08:48.533 [info] Got 0 sessions for ...
2025-12-04 14:08:48.534 [info] Getting sessions for user:email...
2025-12-04 14:08:48.534 [info] Got 0 sessions for user:email...
2025-12-04 14:08:48.572 [info] Getting sessions for all scopes...
2025-12-04 14:08:48.572 [info] Got 0 sessions for ...
2025-12-04 14:08:48.574 [info] Getting sessions for user:email...
2025-12-04 14:08:48.574 [info] Got 0 sessions for user:email...
2025-12-04 14:08:48.578 [info] Getting sessions for all scopes...
2025-12-04 14:08:48.578 [info] Got 0 sessions for ...
2025-12-04 14:08:48.579 [info] Getting sessions for user:email...
2025-12-04 14:08:48.579 [info] Got 0 sessions for user:email...
2025-12-04 14:08:48.637 [info] Getting sessions for all scopes...
2025-12-04 14:08:48.637 [info] Got 0 sessions for ...
2025-12-04 14:08:48.702 [info] Getting sessions for user:email...
2025-12-04 14:08:48.702 [info] Got 0 sessions for user:email...
2025-12-04 14:08:48.745 [info] Getting sessions for all scopes...
2025-12-04 14:08:48.745 [info] Got 0 sessions for ...
2025-12-04 14:08:48.746 [info] Getting sessions for user:email...
2025-12-04 14:08:48.746 [info] Got 0 sessions for user:email...
2025-12-04 14:08:48.749 [info] Getting sessions for all scopes...
2025-12-04 14:08:48.749 [info] Got 0 sessions for ...
2025-12-04 14:08:48.750 [info] Getting sessions for user:email...
2025-12-04 14:08:48.750 [info] Got 0 sessions for user:email...
2025-12-04 14:08:48.776 [info] Getting sessions for all scopes...
2025-12-04 14:08:48.776 [info] Got 0 sessions for ...
2025-12-04 14:08:48.779 [info] Getting sessions for user:email...
2025-12-04 14:08:48.779 [info] Got 0 sessions for user:email...
2025-12-04 14:08:48.783 [info] Getting sessions for all scopes...
2025-12-04 14:08:48.783 [info] Got 0 sessions for ...
2025-12-04 14:08:48.783 [info] Getting sessions for user:email...
2025-12-04 14:08:48.783 [info] Got 0 sessions for user:email...
2025-12-04 14:08:48.823 [info] Getting sessions for all scopes...
2025-12-04 14:08:48.823 [info] Got 0 sessions for ...
2025-12-04 14:08:48.835 [info] Getting sessions for user:email...
2025-12-04 14:08:48.835 [info] Got 0 sessions for user:email...
2025-12-04 14:08:48.864 [info] Getting sessions for all scopes...
2025-12-04 14:08:48.864 [info] Got 0 sessions for ...
2025-12-04 14:08:48.866 [info] Getting sessions for user:email...
2025-12-04 14:08:48.866 [info] Got 0 sessions for user:email...
2025-12-04 14:08:48.869 [info] Getting sessions for all scopes...
2025-12-04 14:08:48.869 [info] Got 0 sessions for ...
2025-12-04 14:08:48.870 [info] Getting sessions for user:email...
2025-12-04 14:08:48.870 [info] Got 0 sessions for user:email...
2025-12-04 14:08:50.967 [info] Getting sessions for all scopes...
2025-12-04 14:08:50.967 [info] Got 0 sessions for ...
2025-12-04 14:08:50.967 [info] Getting sessions for user:email...
2025-12-04 14:08:50.967 [info] Got 0 sessions for user:email...
2025-12-04 14:08:50.970 [info] Getting sessions for all scopes...
2025-12-04 14:08:50.970 [info] Got 0 sessions for ...
2025-12-04 14:08:50.971 [info] Getting sessions for user:email...
2025-12-04 14:08:50.971 [info] Got 0 sessions for user:email...
2025-12-04 14:08:54.401 [info] Getting sessions for all scopes...
2025-12-04 14:08:54.401 [info] Got 0 sessions for ...
2025-12-04 14:08:54.402 [info] Getting sessions for user:email...
2025-12-04 14:08:54.402 [info] Got 0 sessions for user:email...
2025-12-04 14:08:54.406 [info] Getting sessions for all scopes...
2025-12-04 14:08:54.406 [info] Got 0 sessions for ...
2025-12-04 14:08:54.407 [info] Getting sessions for user:email...
2025-12-04 14:08:54.407 [info] Got 0 sessions for user:email...
2025-12-04 14:08:59.406 [info] Getting sessions for all scopes...
2025-12-04 14:08:59.406 [info] Got 0 sessions for ...
2025-12-04 14:08:59.407 [info] Getting sessions for user:email...
2025-12-04 14:08:59.407 [info] Got 0 sessions for user:email...
2025-12-04 14:09:20.182 [info] Getting sessions for all scopes...
2025-12-04 14:09:20.182 [info] Got 0 sessions for ...
2025-12-04 14:09:20.183 [info] Getting sessions for user:email...
2025-12-04 14:09:20.183 [info] Got 0 sessions for user:email...
2025-12-04 14:09:20.186 [info] Getting sessions for all scopes...
2025-12-04 14:09:20.186 [info] Got 0 sessions for ...
2025-12-04 14:09:20.187 [info] Getting sessions for user:email...
2025-12-04 14:09:20.187 [info] Got 0 sessions for user:email...
2025-12-04 14:09:20.378 [info] Getting sessions for all scopes...
2025-12-04 14:09:20.378 [info] Got 0 sessions for ...
2025-12-04 14:09:20.383 [info] Getting sessions for user:email...
2025-12-04 14:09:20.383 [info] Got 0 sessions for user:email...
2025-12-04 14:09:20.388 [info] Getting sessions for all scopes...
2025-12-04 14:09:20.388 [info] Got 0 sessions for ...
2025-12-04 14:09:20.395 [info] Getting sessions for user:email...
2025-12-04 14:09:20.396 [info] Got 0 sessions for user:email...
2025-12-04 14:09:20.517 [info] Getting sessions for all scopes...
2025-12-04 14:09:20.517 [info] Got 0 sessions for ...
2025-12-04 14:09:20.518 [info] Getting sessions for user:email...
2025-12-04 14:09:20.518 [info] Got 0 sessions for user:email...
2025-12-04 14:09:20.524 [info] Getting sessions for all scopes...
2025-12-04 14:09:20.524 [info] Got 0 sessions for ...
2025-12-04 14:09:20.525 [info] Getting sessions for user:email...
2025-12-04 14:09:20.525 [info] Got 0 sessions for user:email...
2025-12-04 14:09:25.521 [info] Getting sessions for all scopes...
2025-12-04 14:09:25.521 [info] Got 0 sessions for ...
2025-12-04 14:09:25.522 [info] Getting sessions for user:email...
2025-12-04 14:09:25.522 [info] Got 0 sessions for user:email...
2025-12-04 14:09:28.434 [info] Getting sessions for all scopes...
2025-12-04 14:09:28.434 [info] Got 0 sessions for ...
2025-12-04 14:09:28.444 [info] Getting sessions for user:email...
2025-12-04 14:09:28.444 [info] Got 0 sessions for user:email...
2025-12-04 14:09:28.448 [info] Getting sessions for all scopes...
2025-12-04 14:09:28.448 [info] Got 0 sessions for ...
2025-12-04 14:09:28.448 [info] Getting sessions for user:email...
2025-12-04 14:09:28.448 [info] Got 0 sessions for user:email...
2025-12-04 14:09:31.885 [info] Getting sessions for all scopes...
2025-12-04 14:09:31.885 [info] Got 0 sessions for ...
2025-12-04 14:09:31.886 [info] Getting sessions for user:email...
2025-12-04 14:09:31.886 [info] Got 0 sessions for user:email...
2025-12-04 14:09:31.888 [info] Getting sessions for all scopes...
2025-12-04 14:09:31.888 [info] Got 0 sessions for ...
2025-12-04 14:09:31.889 [info] Getting sessions for user:email...
2025-12-04 14:09:31.889 [info] Got 0 sessions for user:email...
2025-12-04 14:09:36.889 [info] Getting sessions for all scopes...
2025-12-04 14:09:36.889 [info] Got 0 sessions for ...
2025-12-04 14:09:36.890 [info] Getting sessions for user:email...
2025-12-04 14:09:36.890 [info] Got 0 sessions for user:email...
2025-12-04 14:09:49.248 [info] Getting sessions for all scopes...
2025-12-04 14:09:49.248 [info] Got 0 sessions for ...
2025-12-04 14:09:49.249 [info] Getting sessions for user:email...
2025-12-04 14:09:49.249 [info] Got 0 sessions for user:email...
2025-12-04 14:09:49.256 [info] Getting sessions for all scopes...
2025-12-04 14:09:49.256 [info] Got 0 sessions for ...
2025-12-04 14:09:49.257 [info] Getting sessions for user:email...
2025-12-04 14:09:49.257 [info] Got 0 sessions for user:email...
2025-12-04 14:09:53.528 [info] Getting sessions for all scopes...
2025-12-04 14:09:53.528 [info] Got 0 sessions for ...
2025-12-04 14:09:53.537 [info] Getting sessions for user:email...
2025-12-04 14:09:53.537 [info] Got 0 sessions for user:email...
2025-12-04 14:09:53.543 [info] Getting sessions for all scopes...
2025-12-04 14:09:53.543 [info] Got 0 sessions for ...
2025-12-04 14:09:53.544 [info] Getting sessions for user:email...
2025-12-04 14:09:53.544 [info] Got 0 sessions for user:email...
2025-12-04 14:09:58.543 [info] Getting sessions for all scopes...
2025-12-04 14:09:58.543 [info] Got 0 sessions for ...
2025-12-04 14:09:58.544 [info] Getting sessions for user:email...
2025-12-04 14:09:58.544 [info] Got 0 sessions for user:email...
2025-12-04 14:09:59.690 [info] Getting sessions for all scopes...
2025-12-04 14:09:59.690 [info] Got 0 sessions for ...
2025-12-04 14:09:59.702 [info] Getting sessions for user:email...
2025-12-04 14:09:59.702 [info] Got 0 sessions for user:email...
2025-12-04 14:09:59.707 [info] Getting sessions for all scopes...
2025-12-04 14:09:59.708 [info] Got 0 sessions for ...
2025-12-04 14:09:59.709 [info] Getting sessions for user:email...
2025-12-04 14:09:59.709 [info] Got 0 sessions for user:email...
2025-12-04 14:09:59.855 [info] Getting sessions for all scopes...
2025-12-04 14:09:59.855 [info] Got 0 sessions for ...
2025-12-04 14:09:59.858 [info] Getting sessions for user:email...
2025-12-04 14:09:59.858 [info] Got 0 sessions for user:email...
2025-12-04 14:09:59.862 [info] Getting sessions for all scopes...
2025-12-04 14:09:59.862 [info] Got 0 sessions for ...
2025-12-04 14:09:59.863 [info] Getting sessions for user:email...
2025-12-04 14:09:59.863 [info] Got 0 sessions for user:email...
2025-12-04 14:10:04.861 [info] Getting sessions for all scopes...
2025-12-04 14:10:04.861 [info] Got 0 sessions for ...
2025-12-04 14:10:04.862 [info] Getting sessions for user:email...
2025-12-04 14:10:04.862 [info] Got 0 sessions for user:email...
2025-12-04 14:10:11.549 [info] Getting sessions for all scopes...
2025-12-04 14:10:11.549 [info] Got 0 sessions for ...
2025-12-04 14:10:11.550 [info] Getting sessions for user:email...
2025-12-04 14:10:11.550 [info] Got 0 sessions for user:email...
2025-12-04 14:10:11.553 [info] Getting sessions for all scopes...
2025-12-04 14:10:11.553 [info] Got 0 sessions for ...
2025-12-04 14:10:11.554 [info] Getting sessions for user:email...
2025-12-04 14:10:11.554 [info] Got 0 sessions for user:email...
2025-12-04 14:10:14.857 [info] Getting sessions for all scopes...
2025-12-04 14:10:14.857 [info] Got 0 sessions for ...
2025-12-04 14:10:14.868 [info] Getting sessions for user:email...
2025-12-04 14:10:14.868 [info] Got 0 sessions for user:email...
2025-12-04 14:10:14.871 [info] Getting sessions for all scopes...
2025-12-04 14:10:14.871 [info] Got 0 sessions for ...
2025-12-04 14:10:14.871 [info] Getting sessions for user:email...
2025-12-04 14:10:14.871 [info] Got 0 sessions for user:email...
2025-12-04 14:10:19.871 [info] Getting sessions for all scopes...
2025-12-04 14:10:19.871 [info] Got 0 sessions for ...
2025-12-04 14:10:19.872 [info] Getting sessions for user:email...
2025-12-04 14:10:19.872 [info] Got 0 sessions for user:email...
