2025-12-04 09:41:40.864 [info] Extension host with pid 6419 started
2025-12-04 09:41:40.864 [info] Skipping acquiring lock for /home/tellez/.config/Code/User/workspaceStorage/61610ebbd2cdf3864c4b4d45405b1dc1.
2025-12-04 09:41:40.864 [info] $getCanonicalURI invoked for authority (attached-container)
2025-12-04 09:41:40.877 [info] ExtensionService#_doActivateExtension ms-vscode-remote.remote-containers, startup: false, activationEvent: 'onResolveRemoteAuthority:attached-container'
2025-12-04 09:41:41.074 [error] PendingMigrationError: navigator is now a global in nodejs, please see https://aka.ms/vscode-extensions/navigator for additional info on this error.
    at get (file:///usr/share/code/resources/app/out/vs/workbench/api/node/extensionHostProcess.js:402:6611)
    at vt (/home/tellez/.vscode/extensions/ms-vscode-remote.remote-containers-0.431.1/dist/extension/extension.js:19:11229)
    at Gn (/home/tellez/.vscode/extensions/ms-vscode-remote.remote-containers-0.431.1/dist/extension/extension.js:19:7601)
    at /home/tellez/.vscode/extensions/ms-vscode-remote.remote-containers-0.431.1/dist/extension/extension.js:19:11074
    at gu (/home/tellez/.vscode/extensions/ms-vscode-remote.remote-containers-0.431.1/dist/extension/extension.js:20:7625)
    at /home/tellez/.vscode/extensions/ms-vscode-remote.remote-containers-0.431.1/dist/extension/extension.js:22:3161
    at Object.l [as use] (/home/tellez/.vscode/extensions/ms-vscode-remote.remote-containers-0.431.1/dist/extension/extension.js:20:13883)
    at wde (/home/tellez/.vscode/extensions/ms-vscode-remote.remote-containers-0.431.1/dist/extension/extension.js:20:14787)
    at Object.l [as watch] (/home/tellez/.vscode/extensions/ms-vscode-remote.remote-containers-0.431.1/dist/extension/extension.js:20:15016)
    at hr (/home/tellez/.vscode/extensions/ms-vscode-remote.remote-containers-0.431.1/dist/extension/extension.js:20:15736)
    at V.<computed> [as initialize] (/home/tellez/.vscode/extensions/ms-vscode-remote.remote-containers-0.431.1/dist/extension/extension.js:22:2663)
    at t.u [as initialize] (/home/tellez/.vscode/extensions/ms-vscode-remote.remote-containers-0.431.1/dist/extension/extension.js:19:20556)
    at /home/tellez/.vscode/extensions/ms-vscode-remote.remote-containers-0.431.1/dist/extension/extension.js:22:13725
    at mn (/home/tellez/.vscode/extensions/ms-vscode-remote.remote-containers-0.431.1/dist/extension/extension.js:20:23793)
    at W.<computed> [as initialize] (/home/tellez/.vscode/extensions/ms-vscode-remote.remote-containers-0.431.1/dist/extension/extension.js:22:13120)
    at e.u [as initialize] (/home/tellez/.vscode/extensions/ms-vscode-remote.remote-containers-0.431.1/dist/extension/extension.js:19:20556)
    at Array.<anonymous> (/home/tellez/.vscode/extensions/ms-vscode-remote.remote-containers-0.431.1/dist/extension/extension.js:20:27032)
    at ee (/home/tellez/.vscode/extensions/ms-vscode-remote.remote-containers-0.431.1/dist/extension/extension.js:19:12439)
    at XL (/home/tellez/.vscode/extensions/ms-vscode-remote.remote-containers-0.431.1/dist/extension/extension.js:20:26996)
    at Be (/home/tellez/.vscode/extensions/ms-vscode-remote.remote-containers-0.431.1/dist/extension/extension.js:20:41335)
    at N.<computed> (/home/tellez/.vscode/extensions/ms-vscode-remote.remote-containers-0.431.1/dist/extension/extension.js:20:37044)
    at Object.initialize (/home/tellez/.vscode/extensions/ms-vscode-remote.remote-containers-0.431.1/dist/extension/extension.js:19:19857)
    at /home/tellez/.vscode/extensions/ms-vscode-remote.remote-containers-0.431.1/dist/extension/extension.js:20:54646
    at mn (/home/tellez/.vscode/extensions/ms-vscode-remote.remote-containers-0.431.1/dist/extension/extension.js:20:23793)
    at r.<computed> [as initialize] (/home/tellez/.vscode/extensions/ms-vscode-remote.remote-containers-0.431.1/dist/extension/extension.js:20:54574)
    at e.u [as initialize] (/home/tellez/.vscode/extensions/ms-vscode-remote.remote-containers-0.431.1/dist/extension/extension.js:19:20556)
    at Ame (/home/tellez/.vscode/extensions/ms-vscode-remote.remote-containers-0.431.1/dist/extension/extension.js:293:3630)
    at async y6 (/home/tellez/.vscode/extensions/ms-vscode-remote.remote-containers-0.431.1/dist/extension/extension.js:293:3857)
2025-12-04 09:41:41.090 [info] [resolveAuthority(attached-container,1)][0ms] activating remote resolvers ssh-remote+athena1 -> attached-container+7b22636f6e7461696e65724e616d65223a222f6475616c646d5f646576227d
2025-12-04 09:41:41.090 [info] [resolveAuthority(attached-container,1)][0ms] activating resolver for ssh-remote+athena1...
2025-12-04 09:41:41.090 [info] [resolveAuthority(attached-container,1)][0ms] activating resolver for attached-container+7b22636f6e7461696e65724e616d65223a222f6475616c646d5f646576227d...
2025-12-04 09:41:41.091 [info] ExtensionService#_doActivateExtension ms-vscode-remote.remote-ssh, startup: false, activationEvent: 'onResolveRemoteAuthority:ssh-remote'
2025-12-04 09:41:41.186 [error] PendingMigrationError: navigator is now a global in nodejs, please see https://aka.ms/vscode-extensions/navigator for additional info on this error.
    at get (file:///usr/share/code/resources/app/out/vs/workbench/api/node/extensionHostProcess.js:402:6611)
    at Object.<anonymous> (/home/tellez/.vscode/extensions/ms-vscode-remote.remote-ssh-0.120.0/out/extension.js:2:486184)
    at 19534 (/home/tellez/.vscode/extensions/ms-vscode-remote.remote-ssh-0.120.0/out/extension.js:2:504894)
    at r (/home/tellez/.vscode/extensions/ms-vscode-remote.remote-ssh-0.120.0/out/extension.js:2:1108387)
    at 92839 (/home/tellez/.vscode/extensions/ms-vscode-remote.remote-ssh-0.120.0/out/extension.js:2:466959)
    at r (/home/tellez/.vscode/extensions/ms-vscode-remote.remote-ssh-0.120.0/out/extension.js:2:1108387)
    at 49424 (/home/tellez/.vscode/extensions/ms-vscode-remote.remote-ssh-0.120.0/out/extension.js:2:465816)
    at r (/home/tellez/.vscode/extensions/ms-vscode-remote.remote-ssh-0.120.0/out/extension.js:2:1108387)
    at 17130 (/home/tellez/.vscode/extensions/ms-vscode-remote.remote-ssh-0.120.0/out/extension.js:2:596135)
    at r (/home/tellez/.vscode/extensions/ms-vscode-remote.remote-ssh-0.120.0/out/extension.js:2:1108387)
    at 87631 (/home/tellez/.vscode/extensions/ms-vscode-remote.remote-ssh-0.120.0/out/extension.js:2:576866)
    at r (/home/tellez/.vscode/extensions/ms-vscode-remote.remote-ssh-0.120.0/out/extension.js:2:1108387)
    at 65861 (/home/tellez/.vscode/extensions/ms-vscode-remote.remote-ssh-0.120.0/out/extension.js:2:600705)
    at r (/home/tellez/.vscode/extensions/ms-vscode-remote.remote-ssh-0.120.0/out/extension.js:2:1108387)
    at 91577 (/home/tellez/.vscode/extensions/ms-vscode-remote.remote-ssh-0.120.0/out/extension.js:2:856974)
    at r (/home/tellez/.vscode/extensions/ms-vscode-remote.remote-ssh-0.120.0/out/extension.js:2:1108387)
    at 94111 (/home/tellez/.vscode/extensions/ms-vscode-remote.remote-ssh-0.120.0/out/extension.js:2:819912)
    at r (/home/tellez/.vscode/extensions/ms-vscode-remote.remote-ssh-0.120.0/out/extension.js:2:1108387)
    at 35187 (/home/tellez/.vscode/extensions/ms-vscode-remote.remote-ssh-0.120.0/out/extension.js:2:690327)
    at r (/home/tellez/.vscode/extensions/ms-vscode-remote.remote-ssh-0.120.0/out/extension.js:2:1108387)
    at 64417 (/home/tellez/.vscode/extensions/ms-vscode-remote.remote-ssh-0.120.0/out/extension.js:2:846572)
    at r (/home/tellez/.vscode/extensions/ms-vscode-remote.remote-ssh-0.120.0/out/extension.js:2:1108387)
    at 24847 (/home/tellez/.vscode/extensions/ms-vscode-remote.remote-ssh-0.120.0/out/extension.js:2:828930)
    at r (/home/tellez/.vscode/extensions/ms-vscode-remote.remote-ssh-0.120.0/out/extension.js:2:1108387)
    at 54788 (/home/tellez/.vscode/extensions/ms-vscode-remote.remote-ssh-0.120.0/out/extension.js:2:788284)
    at r (/home/tellez/.vscode/extensions/ms-vscode-remote.remote-ssh-0.120.0/out/extension.js:2:1108387)
    at 30729 (/home/tellez/.vscode/extensions/ms-vscode-remote.remote-ssh-0.120.0/out/extension.js:2:682648)
    at r (/home/tellez/.vscode/extensions/ms-vscode-remote.remote-ssh-0.120.0/out/extension.js:2:1108387)
    at 24430 (/home/tellez/.vscode/extensions/ms-vscode-remote.remote-ssh-0.120.0/out/extension.js:2:837945)
    at r (/home/tellez/.vscode/extensions/ms-vscode-remote.remote-ssh-0.120.0/out/extension.js:2:1108387)
    at 52584 (/home/tellez/.vscode/extensions/ms-vscode-remote.remote-ssh-0.120.0/out/extension.js:2:811300)
    at r (/home/tellez/.vscode/extensions/ms-vscode-remote.remote-ssh-0.120.0/out/extension.js:2:1108387)
    at 69480 (/home/tellez/.vscode/extensions/ms-vscode-remote.remote-ssh-0.120.0/out/extension.js:2:800490)
    at r (/home/tellez/.vscode/extensions/ms-vscode-remote.remote-ssh-0.120.0/out/extension.js:2:1108387)
    at 71535 (/home/tellez/.vscode/extensions/ms-vscode-remote.remote-ssh-0.120.0/out/extension.js:2:680397)
    at r (/home/tellez/.vscode/extensions/ms-vscode-remote.remote-ssh-0.120.0/out/extension.js:2:1108387)
    at /home/tellez/.vscode/extensions/ms-vscode-remote.remote-ssh-0.120.0/out/extension.js:2:1109251
    at /home/tellez/.vscode/extensions/ms-vscode-remote.remote-ssh-0.120.0/out/extension.js:2:1117584
    at Object.<anonymous> (/home/tellez/.vscode/extensions/ms-vscode-remote.remote-ssh-0.120.0/out/extension.js:2:1117690)
    at Module._compile (node:internal/modules/cjs/loader:1714:14)
    at Module._extensions..js (node:internal/modules/cjs/loader:1848:10)
    at Module.load (node:internal/modules/cjs/loader:1448:32)
    at Module._load (node:internal/modules/cjs/loader:1270:12)
    at c._load (node:electron/js2c/node_init:2:17993)
    at e._load (file:///usr/share/code/resources/app/out/vs/workbench/api/node/extensionHostProcess.js:402:5984)
    at t._load (file:///usr/share/code/resources/app/out/vs/workbench/api/node/extensionHostProcess.js:220:22582)
    at r._load (file:///usr/share/code/resources/app/out/vs/workbench/api/node/extensionHostProcess.js:212:24094)
    at TracingChannel.traceSync (node:diagnostics_channel:322:14)
    at wrapModuleLoad (node:internal/modules/cjs/loader:244:24)
    at Module.require (node:internal/modules/cjs/loader:1470:12)
    at require (node:internal/modules/helpers:147:16)
    at kX.Cb (file:///usr/share/code/resources/app/out/vs/workbench/api/node/extensionHostProcess.js:251:1253)
2025-12-04 09:41:41.319 [error] PendingMigrationError: navigator is now a global in nodejs, please see https://aka.ms/vscode-extensions/navigator for additional info on this error.
    at get (file:///usr/share/code/resources/app/out/vs/workbench/api/node/extensionHostProcess.js:402:6611)
    at g (/home/tellez/.vscode/extensions/ms-vscode-remote.remote-ssh-0.120.0/out/extension.js:2:283829)
    at /home/tellez/.vscode/extensions/ms-vscode-remote.remote-ssh-0.120.0/out/extension.js:2:283674
    at r (/home/tellez/.vscode/extensions/ms-vscode-remote.remote-ssh-0.120.0/out/extension.js:2:285048)
    at /home/tellez/.vscode/extensions/ms-vscode-remote.remote-ssh-0.120.0/out/extension.js:2:285217
    at Object.get (/home/tellez/.vscode/extensions/ms-vscode-remote.remote-ssh-0.120.0/out/extension.js:2:284567)
    at _ (/home/tellez/.vscode/extensions/ms-vscode-remote.remote-ssh-0.120.0/out/extension.js:2:284134)
    at O (/home/tellez/.vscode/extensions/ms-vscode-remote.remote-ssh-0.120.0/out/extension.js:2:229826)
    at /home/tellez/.vscode/extensions/ms-vscode-remote.remote-ssh-0.120.0/out/extension.js:2:163430
    at Object.p [as use] (/home/tellez/.vscode/extensions/ms-vscode-remote.remote-ssh-0.120.0/out/extension.js:2:205291)
    at /home/tellez/.vscode/extensions/ms-vscode-remote.remote-ssh-0.120.0/out/extension.js:2:206959
    at s.<computed> [as watch] (/home/tellez/.vscode/extensions/ms-vscode-remote.remote-ssh-0.120.0/out/extension.js:2:206970)
    at B (/home/tellez/.vscode/extensions/ms-vscode-remote.remote-ssh-0.120.0/out/extension.js:2:207589)
    at e.<computed> [as initialize] (/home/tellez/.vscode/extensions/ms-vscode-remote.remote-ssh-0.120.0/out/extension.js:2:162741)
    at e.n [as initialize] (/home/tellez/.vscode/extensions/ms-vscode-remote.remote-ssh-0.120.0/out/extension.js:2:275397)
    at /home/tellez/.vscode/extensions/ms-vscode-remote.remote-ssh-0.120.0/out/extension.js:2:170519
    at g (/home/tellez/.vscode/extensions/ms-vscode-remote.remote-ssh-0.120.0/out/extension.js:2:239634)
    at e.<computed> [as initialize] (/home/tellez/.vscode/extensions/ms-vscode-remote.remote-ssh-0.120.0/out/extension.js:2:169778)
    at t.n [as initialize] (/home/tellez/.vscode/extensions/ms-vscode-remote.remote-ssh-0.120.0/out/extension.js:2:275397)
    at Array.<anonymous> (/home/tellez/.vscode/extensions/ms-vscode-remote.remote-ssh-0.120.0/out/extension.js:2:244943)
    at o (/home/tellez/.vscode/extensions/ms-vscode-remote.remote-ssh-0.120.0/out/extension.js:2:280977)
    at u (/home/tellez/.vscode/extensions/ms-vscode-remote.remote-ssh-0.120.0/out/extension.js:2:244904)
    at ge (/home/tellez/.vscode/extensions/ms-vscode-remote.remote-ssh-0.120.0/out/extension.js:2:213632)
    at e.<computed> (/home/tellez/.vscode/extensions/ms-vscode-remote.remote-ssh-0.120.0/out/extension.js:2:216146)
    at Object.initialize (/home/tellez/.vscode/extensions/ms-vscode-remote.remote-ssh-0.120.0/out/extension.js:2:276131)
    at /home/tellez/.vscode/extensions/ms-vscode-remote.remote-ssh-0.120.0/out/extension.js:2:140366
    at g (/home/tellez/.vscode/extensions/ms-vscode-remote.remote-ssh-0.120.0/out/extension.js:2:239634)
    at e.<computed> [as initialize] (/home/tellez/.vscode/extensions/ms-vscode-remote.remote-ssh-0.120.0/out/extension.js:2:140291)
    at t.n [as initialize] (/home/tellez/.vscode/extensions/ms-vscode-remote.remote-ssh-0.120.0/out/extension.js:2:275397)
    at /home/tellez/.vscode/extensions/ms-vscode-remote.remote-ssh-0.120.0/out/extension.js:2:339701
    at async t.oneDataSystemClientFactory (/home/tellez/.vscode/extensions/ms-vscode-remote.remote-ssh-0.120.0/out/extension.js:2:339100)
2025-12-04 09:41:41.320 [info] [resolveAuthority(attached-container,1)][230ms] invoking resolveExecServer() for ssh-remote+athena1
2025-12-04 09:41:42.322 [info] [resolveAuthority(attached-container,1)][1232ms] waiting...
2025-12-04 09:41:43.322 [info] [resolveAuthority(attached-container,1)][2232ms] waiting...
2025-12-04 09:41:43.663 [info] [resolveAuthority(attached-container,1)][2573ms] invoking final resolve()...
2025-12-04 09:41:44.323 [info] [resolveAuthority(attached-container,1)][3233ms] waiting...
2025-12-04 09:41:45.326 [info] [resolveAuthority(attached-container,1)][4236ms] waiting...
2025-12-04 09:41:46.326 [info] [resolveAuthority(attached-container,1)][5236ms] waiting...
2025-12-04 09:41:47.326 [info] [resolveAuthority(attached-container,1)][6236ms] waiting...
2025-12-04 09:41:48.327 [info] [resolveAuthority(attached-container,1)][7237ms] waiting...
2025-12-04 09:41:49.333 [info] [resolveAuthority(attached-container,1)][8242ms] waiting...
2025-12-04 09:41:50.334 [info] [resolveAuthority(attached-container,1)][9244ms] waiting...
2025-12-04 09:41:51.335 [info] [resolveAuthority(attached-container,1)][10245ms] waiting...
2025-12-04 09:41:52.336 [info] [resolveAuthority(attached-container,1)][11246ms] waiting...
2025-12-04 09:41:53.341 [info] [resolveAuthority(attached-container,1)][12251ms] waiting...
2025-12-04 09:41:54.343 [info] [resolveAuthority(attached-container,1)][13252ms] waiting...
2025-12-04 09:41:55.343 [info] [resolveAuthority(attached-container,1)][14253ms] waiting...
2025-12-04 09:41:56.344 [info] [resolveAuthority(attached-container,1)][15254ms] waiting...
2025-12-04 09:41:57.344 [info] [resolveAuthority(attached-container,1)][16254ms] waiting...
2025-12-04 09:41:58.345 [info] [resolveAuthority(attached-container,1)][17255ms] waiting...
2025-12-04 09:41:59.345 [info] [resolveAuthority(attached-container,1)][18255ms] waiting...
2025-12-04 09:41:59.551 [info] [resolveAuthority(attached-container,1)][18461ms] setting tunnel factory...
2025-12-04 09:41:59.551 [info] [resolveAuthority(attached-container,1)][18461ms] returned 127.0.0.1:40317
2025-12-04 09:42:00.274 [info] ExtensionService#_doActivateExtension wayou.vscode-todo-highlight, startup: true, activationEvent: '*'
2025-12-04 09:42:00.277 [info] ExtensionService#_doActivateExtension vscode.github-authentication, startup: false, activationEvent: 'onAuthenticationRequest:github'
2025-12-04 09:42:00.306 [info] ExtensionService#_doActivateExtension ms-vscode.remote-explorer, startup: false, activationEvent: 'onCommand:remote-internal.setActiveFolders'
2025-12-04 09:42:00.361 [info] Eager extensions activated
2025-12-04 09:42:00.466 [info] ExtensionService#_doActivateExtension Catppuccin.catppuccin-vsc, startup: false, activationEvent: 'onStartupFinished'
2025-12-04 09:42:00.474 [info] ExtensionService#_doActivateExtension Catppuccin.catppuccin-vsc-icons, startup: false, activationEvent: 'onStartupFinished'
2025-12-04 09:42:00.591 [info] ExtensionService#_doActivateExtension monokai.theme-monokai-pro-vscode, startup: false, activationEvent: 'onStartupFinished'
2025-12-04 09:42:00.594 [info] ExtensionService#_doActivateExtension ms-vscode-remote.remote-wsl, startup: false, activationEvent: 'onStartupFinished'
2025-12-04 09:42:00.712 [info] ExtensionService#_doActivateExtension vscodevim.vim, startup: false, activationEvent: 'onStartupFinished'
2025-12-04 09:42:00.901 [info] ExtensionService#_doActivateExtension ms-vscode.remote-server, startup: false, activationEvent: 'onCommand:remote-tunnels.internal.isAuthenticated'
2025-12-04 09:42:01.088 [info] ExtensionService#_doActivateExtension vscode.microsoft-authentication, startup: false, activationEvent: 'onAuthenticationRequest:microsoft'
2025-12-04 12:37:02.518 [info] [resolveAuthority(attached-container,2)][0ms] activating remote resolvers ssh-remote+athena1 -> attached-container+7b22636f6e7461696e65724e616d65223a222f6475616c646d5f646576227d
2025-12-04 12:37:02.519 [info] [resolveAuthority(attached-container,2)][1ms] activating resolver for ssh-remote+athena1...
2025-12-04 12:37:02.519 [info] [resolveAuthority(attached-container,2)][1ms] activating resolver for attached-container+7b22636f6e7461696e65724e616d65223a222f6475616c646d5f646576227d...
2025-12-04 12:37:02.519 [info] [resolveAuthority(attached-container,2)][1ms] invoking resolveExecServer() for ssh-remote+athena1
2025-12-04 12:37:03.524 [info] [resolveAuthority(attached-container,2)][1006ms] waiting...
2025-12-04 13:36:52.968 [info] [resolveAuthority(attached-container,2)][3590450ms] waiting...
2025-12-04 13:36:53.100 [error] [resolveAuthority(attached-container,2)][3590582ms] returned an error Could not resolve hostname
2025-12-04 13:36:53.980 [error] Error: Connection closed
	at Socket.<anonymous> (/home/tellez/.vscode/extensions/ms-vscode-remote.remote-ssh-0.120.0/out/extension.js:2:294600)
	at Object.onceWrapper (node:events:634:26)
	at Socket.emit (node:events:531:35)
	at TCP.<anonymous> (node:net:346:12)
2025-12-04 13:37:22.188 [info] Extension host terminating: renderer closed the MessagePort
2025-12-04 13:37:22.226 [info] Extension host with pid 6419 exiting with code 0
2025-12-04 13:37:23.642 [info] Extension host with pid 27489 started
2025-12-04 13:37:23.642 [info] Skipping acquiring lock for /home/tellez/.config/Code/User/workspaceStorage/61610ebbd2cdf3864c4b4d45405b1dc1.
2025-12-04 13:37:23.642 [info] $getCanonicalURI invoked for authority (attached-container)
2025-12-04 13:37:23.650 [info] ExtensionService#_doActivateExtension ms-vscode-remote.remote-containers, startup: false, activationEvent: 'onResolveRemoteAuthority:attached-container'
2025-12-04 13:37:23.928 [error] PendingMigrationError: navigator is now a global in nodejs, please see https://aka.ms/vscode-extensions/navigator for additional info on this error.
    at get (file:///usr/share/code/resources/app/out/vs/workbench/api/node/extensionHostProcess.js:402:6611)
    at vt (/home/tellez/.vscode/extensions/ms-vscode-remote.remote-containers-0.431.1/dist/extension/extension.js:19:11229)
    at Gn (/home/tellez/.vscode/extensions/ms-vscode-remote.remote-containers-0.431.1/dist/extension/extension.js:19:7601)
    at /home/tellez/.vscode/extensions/ms-vscode-remote.remote-containers-0.431.1/dist/extension/extension.js:19:11074
    at gu (/home/tellez/.vscode/extensions/ms-vscode-remote.remote-containers-0.431.1/dist/extension/extension.js:20:7625)
    at /home/tellez/.vscode/extensions/ms-vscode-remote.remote-containers-0.431.1/dist/extension/extension.js:22:3161
    at Object.l [as use] (/home/tellez/.vscode/extensions/ms-vscode-remote.remote-containers-0.431.1/dist/extension/extension.js:20:13883)
    at wde (/home/tellez/.vscode/extensions/ms-vscode-remote.remote-containers-0.431.1/dist/extension/extension.js:20:14787)
    at Object.l [as watch] (/home/tellez/.vscode/extensions/ms-vscode-remote.remote-containers-0.431.1/dist/extension/extension.js:20:15016)
    at hr (/home/tellez/.vscode/extensions/ms-vscode-remote.remote-containers-0.431.1/dist/extension/extension.js:20:15736)
    at V.<computed> [as initialize] (/home/tellez/.vscode/extensions/ms-vscode-remote.remote-containers-0.431.1/dist/extension/extension.js:22:2663)
    at t.u [as initialize] (/home/tellez/.vscode/extensions/ms-vscode-remote.remote-containers-0.431.1/dist/extension/extension.js:19:20556)
    at /home/tellez/.vscode/extensions/ms-vscode-remote.remote-containers-0.431.1/dist/extension/extension.js:22:13725
    at mn (/home/tellez/.vscode/extensions/ms-vscode-remote.remote-containers-0.431.1/dist/extension/extension.js:20:23793)
    at W.<computed> [as initialize] (/home/tellez/.vscode/extensions/ms-vscode-remote.remote-containers-0.431.1/dist/extension/extension.js:22:13120)
    at e.u [as initialize] (/home/tellez/.vscode/extensions/ms-vscode-remote.remote-containers-0.431.1/dist/extension/extension.js:19:20556)
    at Array.<anonymous> (/home/tellez/.vscode/extensions/ms-vscode-remote.remote-containers-0.431.1/dist/extension/extension.js:20:27032)
    at ee (/home/tellez/.vscode/extensions/ms-vscode-remote.remote-containers-0.431.1/dist/extension/extension.js:19:12439)
    at XL (/home/tellez/.vscode/extensions/ms-vscode-remote.remote-containers-0.431.1/dist/extension/extension.js:20:26996)
    at Be (/home/tellez/.vscode/extensions/ms-vscode-remote.remote-containers-0.431.1/dist/extension/extension.js:20:41335)
    at N.<computed> (/home/tellez/.vscode/extensions/ms-vscode-remote.remote-containers-0.431.1/dist/extension/extension.js:20:37044)
    at Object.initialize (/home/tellez/.vscode/extensions/ms-vscode-remote.remote-containers-0.431.1/dist/extension/extension.js:19:19857)
    at /home/tellez/.vscode/extensions/ms-vscode-remote.remote-containers-0.431.1/dist/extension/extension.js:20:54646
    at mn (/home/tellez/.vscode/extensions/ms-vscode-remote.remote-containers-0.431.1/dist/extension/extension.js:20:23793)
    at r.<computed> [as initialize] (/home/tellez/.vscode/extensions/ms-vscode-remote.remote-containers-0.431.1/dist/extension/extension.js:20:54574)
    at e.u [as initialize] (/home/tellez/.vscode/extensions/ms-vscode-remote.remote-containers-0.431.1/dist/extension/extension.js:19:20556)
    at Ame (/home/tellez/.vscode/extensions/ms-vscode-remote.remote-containers-0.431.1/dist/extension/extension.js:293:3630)
    at async y6 (/home/tellez/.vscode/extensions/ms-vscode-remote.remote-containers-0.431.1/dist/extension/extension.js:293:3857)
2025-12-04 13:37:23.947 [info] [resolveAuthority(attached-container,1)][1ms] activating remote resolvers ssh-remote+athena1 -> attached-container+7b22636f6e7461696e65724e616d65223a222f6475616c646d5f646576227d
2025-12-04 13:37:23.947 [info] [resolveAuthority(attached-container,1)][1ms] activating resolver for ssh-remote+athena1...
2025-12-04 13:37:23.947 [info] [resolveAuthority(attached-container,1)][1ms] activating resolver for attached-container+7b22636f6e7461696e65724e616d65223a222f6475616c646d5f646576227d...
2025-12-04 13:37:23.956 [info] ExtensionService#_doActivateExtension ms-vscode-remote.remote-ssh, startup: false, activationEvent: 'onResolveRemoteAuthority:ssh-remote'
2025-12-04 13:37:24.013 [error] PendingMigrationError: navigator is now a global in nodejs, please see https://aka.ms/vscode-extensions/navigator for additional info on this error.
    at get (file:///usr/share/code/resources/app/out/vs/workbench/api/node/extensionHostProcess.js:402:6611)
    at Object.<anonymous> (/home/tellez/.vscode/extensions/ms-vscode-remote.remote-ssh-0.120.0/out/extension.js:2:486184)
    at 19534 (/home/tellez/.vscode/extensions/ms-vscode-remote.remote-ssh-0.120.0/out/extension.js:2:504894)
    at r (/home/tellez/.vscode/extensions/ms-vscode-remote.remote-ssh-0.120.0/out/extension.js:2:1108387)
    at 92839 (/home/tellez/.vscode/extensions/ms-vscode-remote.remote-ssh-0.120.0/out/extension.js:2:466959)
    at r (/home/tellez/.vscode/extensions/ms-vscode-remote.remote-ssh-0.120.0/out/extension.js:2:1108387)
    at 49424 (/home/tellez/.vscode/extensions/ms-vscode-remote.remote-ssh-0.120.0/out/extension.js:2:465816)
    at r (/home/tellez/.vscode/extensions/ms-vscode-remote.remote-ssh-0.120.0/out/extension.js:2:1108387)
    at 17130 (/home/tellez/.vscode/extensions/ms-vscode-remote.remote-ssh-0.120.0/out/extension.js:2:596135)
    at r (/home/tellez/.vscode/extensions/ms-vscode-remote.remote-ssh-0.120.0/out/extension.js:2:1108387)
    at 87631 (/home/tellez/.vscode/extensions/ms-vscode-remote.remote-ssh-0.120.0/out/extension.js:2:576866)
    at r (/home/tellez/.vscode/extensions/ms-vscode-remote.remote-ssh-0.120.0/out/extension.js:2:1108387)
    at 65861 (/home/tellez/.vscode/extensions/ms-vscode-remote.remote-ssh-0.120.0/out/extension.js:2:600705)
    at r (/home/tellez/.vscode/extensions/ms-vscode-remote.remote-ssh-0.120.0/out/extension.js:2:1108387)
    at 91577 (/home/tellez/.vscode/extensions/ms-vscode-remote.remote-ssh-0.120.0/out/extension.js:2:856974)
    at r (/home/tellez/.vscode/extensions/ms-vscode-remote.remote-ssh-0.120.0/out/extension.js:2:1108387)
    at 94111 (/home/tellez/.vscode/extensions/ms-vscode-remote.remote-ssh-0.120.0/out/extension.js:2:819912)
    at r (/home/tellez/.vscode/extensions/ms-vscode-remote.remote-ssh-0.120.0/out/extension.js:2:1108387)
    at 35187 (/home/tellez/.vscode/extensions/ms-vscode-remote.remote-ssh-0.120.0/out/extension.js:2:690327)
    at r (/home/tellez/.vscode/extensions/ms-vscode-remote.remote-ssh-0.120.0/out/extension.js:2:1108387)
    at 64417 (/home/tellez/.vscode/extensions/ms-vscode-remote.remote-ssh-0.120.0/out/extension.js:2:846572)
    at r (/home/tellez/.vscode/extensions/ms-vscode-remote.remote-ssh-0.120.0/out/extension.js:2:1108387)
    at 24847 (/home/tellez/.vscode/extensions/ms-vscode-remote.remote-ssh-0.120.0/out/extension.js:2:828930)
    at r (/home/tellez/.vscode/extensions/ms-vscode-remote.remote-ssh-0.120.0/out/extension.js:2:1108387)
    at 54788 (/home/tellez/.vscode/extensions/ms-vscode-remote.remote-ssh-0.120.0/out/extension.js:2:788284)
    at r (/home/tellez/.vscode/extensions/ms-vscode-remote.remote-ssh-0.120.0/out/extension.js:2:1108387)
    at 30729 (/home/tellez/.vscode/extensions/ms-vscode-remote.remote-ssh-0.120.0/out/extension.js:2:682648)
    at r (/home/tellez/.vscode/extensions/ms-vscode-remote.remote-ssh-0.120.0/out/extension.js:2:1108387)
    at 24430 (/home/tellez/.vscode/extensions/ms-vscode-remote.remote-ssh-0.120.0/out/extension.js:2:837945)
    at r (/home/tellez/.vscode/extensions/ms-vscode-remote.remote-ssh-0.120.0/out/extension.js:2:1108387)
    at 52584 (/home/tellez/.vscode/extensions/ms-vscode-remote.remote-ssh-0.120.0/out/extension.js:2:811300)
    at r (/home/tellez/.vscode/extensions/ms-vscode-remote.remote-ssh-0.120.0/out/extension.js:2:1108387)
    at 69480 (/home/tellez/.vscode/extensions/ms-vscode-remote.remote-ssh-0.120.0/out/extension.js:2:800490)
    at r (/home/tellez/.vscode/extensions/ms-vscode-remote.remote-ssh-0.120.0/out/extension.js:2:1108387)
    at 71535 (/home/tellez/.vscode/extensions/ms-vscode-remote.remote-ssh-0.120.0/out/extension.js:2:680397)
    at r (/home/tellez/.vscode/extensions/ms-vscode-remote.remote-ssh-0.120.0/out/extension.js:2:1108387)
    at /home/tellez/.vscode/extensions/ms-vscode-remote.remote-ssh-0.120.0/out/extension.js:2:1109251
    at /home/tellez/.vscode/extensions/ms-vscode-remote.remote-ssh-0.120.0/out/extension.js:2:1117584
    at Object.<anonymous> (/home/tellez/.vscode/extensions/ms-vscode-remote.remote-ssh-0.120.0/out/extension.js:2:1117690)
    at Module._compile (node:internal/modules/cjs/loader:1714:14)
    at Module._extensions..js (node:internal/modules/cjs/loader:1848:10)
    at Module.load (node:internal/modules/cjs/loader:1448:32)
    at Module._load (node:internal/modules/cjs/loader:1270:12)
    at c._load (node:electron/js2c/node_init:2:17993)
    at e._load (file:///usr/share/code/resources/app/out/vs/workbench/api/node/extensionHostProcess.js:402:5984)
    at t._load (file:///usr/share/code/resources/app/out/vs/workbench/api/node/extensionHostProcess.js:220:22582)
    at r._load (file:///usr/share/code/resources/app/out/vs/workbench/api/node/extensionHostProcess.js:212:24094)
    at TracingChannel.traceSync (node:diagnostics_channel:322:14)
    at wrapModuleLoad (node:internal/modules/cjs/loader:244:24)
    at Module.require (node:internal/modules/cjs/loader:1470:12)
    at require (node:internal/modules/helpers:147:16)
    at kX.Cb (file:///usr/share/code/resources/app/out/vs/workbench/api/node/extensionHostProcess.js:251:1253)
2025-12-04 13:37:24.155 [error] PendingMigrationError: navigator is now a global in nodejs, please see https://aka.ms/vscode-extensions/navigator for additional info on this error.
    at get (file:///usr/share/code/resources/app/out/vs/workbench/api/node/extensionHostProcess.js:402:6611)
    at g (/home/tellez/.vscode/extensions/ms-vscode-remote.remote-ssh-0.120.0/out/extension.js:2:283829)
    at /home/tellez/.vscode/extensions/ms-vscode-remote.remote-ssh-0.120.0/out/extension.js:2:283674
    at r (/home/tellez/.vscode/extensions/ms-vscode-remote.remote-ssh-0.120.0/out/extension.js:2:285048)
    at /home/tellez/.vscode/extensions/ms-vscode-remote.remote-ssh-0.120.0/out/extension.js:2:285217
    at Object.get (/home/tellez/.vscode/extensions/ms-vscode-remote.remote-ssh-0.120.0/out/extension.js:2:284567)
    at _ (/home/tellez/.vscode/extensions/ms-vscode-remote.remote-ssh-0.120.0/out/extension.js:2:284134)
    at O (/home/tellez/.vscode/extensions/ms-vscode-remote.remote-ssh-0.120.0/out/extension.js:2:229826)
    at /home/tellez/.vscode/extensions/ms-vscode-remote.remote-ssh-0.120.0/out/extension.js:2:163430
    at Object.p [as use] (/home/tellez/.vscode/extensions/ms-vscode-remote.remote-ssh-0.120.0/out/extension.js:2:205291)
    at /home/tellez/.vscode/extensions/ms-vscode-remote.remote-ssh-0.120.0/out/extension.js:2:206959
    at s.<computed> [as watch] (/home/tellez/.vscode/extensions/ms-vscode-remote.remote-ssh-0.120.0/out/extension.js:2:206970)
    at B (/home/tellez/.vscode/extensions/ms-vscode-remote.remote-ssh-0.120.0/out/extension.js:2:207589)
    at e.<computed> [as initialize] (/home/tellez/.vscode/extensions/ms-vscode-remote.remote-ssh-0.120.0/out/extension.js:2:162741)
    at e.n [as initialize] (/home/tellez/.vscode/extensions/ms-vscode-remote.remote-ssh-0.120.0/out/extension.js:2:275397)
    at /home/tellez/.vscode/extensions/ms-vscode-remote.remote-ssh-0.120.0/out/extension.js:2:170519
    at g (/home/tellez/.vscode/extensions/ms-vscode-remote.remote-ssh-0.120.0/out/extension.js:2:239634)
    at e.<computed> [as initialize] (/home/tellez/.vscode/extensions/ms-vscode-remote.remote-ssh-0.120.0/out/extension.js:2:169778)
    at t.n [as initialize] (/home/tellez/.vscode/extensions/ms-vscode-remote.remote-ssh-0.120.0/out/extension.js:2:275397)
    at Array.<anonymous> (/home/tellez/.vscode/extensions/ms-vscode-remote.remote-ssh-0.120.0/out/extension.js:2:244943)
    at o (/home/tellez/.vscode/extensions/ms-vscode-remote.remote-ssh-0.120.0/out/extension.js:2:280977)
    at u (/home/tellez/.vscode/extensions/ms-vscode-remote.remote-ssh-0.120.0/out/extension.js:2:244904)
    at ge (/home/tellez/.vscode/extensions/ms-vscode-remote.remote-ssh-0.120.0/out/extension.js:2:213632)
    at e.<computed> (/home/tellez/.vscode/extensions/ms-vscode-remote.remote-ssh-0.120.0/out/extension.js:2:216146)
    at Object.initialize (/home/tellez/.vscode/extensions/ms-vscode-remote.remote-ssh-0.120.0/out/extension.js:2:276131)
    at /home/tellez/.vscode/extensions/ms-vscode-remote.remote-ssh-0.120.0/out/extension.js:2:140366
    at g (/home/tellez/.vscode/extensions/ms-vscode-remote.remote-ssh-0.120.0/out/extension.js:2:239634)
    at e.<computed> [as initialize] (/home/tellez/.vscode/extensions/ms-vscode-remote.remote-ssh-0.120.0/out/extension.js:2:140291)
    at t.n [as initialize] (/home/tellez/.vscode/extensions/ms-vscode-remote.remote-ssh-0.120.0/out/extension.js:2:275397)
    at /home/tellez/.vscode/extensions/ms-vscode-remote.remote-ssh-0.120.0/out/extension.js:2:339701
    at async t.oneDataSystemClientFactory (/home/tellez/.vscode/extensions/ms-vscode-remote.remote-ssh-0.120.0/out/extension.js:2:339100)
2025-12-04 13:37:24.156 [info] [resolveAuthority(attached-container,1)][210ms] invoking resolveExecServer() for ssh-remote+athena1
2025-12-04 13:37:24.872 [info] [resolveAuthority(attached-container,1)][926ms] invoking final resolve()...
2025-12-04 13:37:25.157 [info] [resolveAuthority(attached-container,1)][1211ms] waiting...
2025-12-04 13:37:26.161 [info] [resolveAuthority(attached-container,1)][2215ms] waiting...
2025-12-04 13:37:27.161 [info] [resolveAuthority(attached-container,1)][3215ms] waiting...
2025-12-04 13:37:28.161 [info] [resolveAuthority(attached-container,1)][4215ms] waiting...
2025-12-04 13:37:29.162 [info] [resolveAuthority(attached-container,1)][5216ms] waiting...
2025-12-04 13:37:30.165 [info] [resolveAuthority(attached-container,1)][6219ms] waiting...
2025-12-04 13:37:31.167 [info] [resolveAuthority(attached-container,1)][7221ms] waiting...
2025-12-04 13:37:32.173 [info] [resolveAuthority(attached-container,1)][8227ms] waiting...
2025-12-04 13:37:33.175 [info] [resolveAuthority(attached-container,1)][9228ms] waiting...
2025-12-04 13:37:34.175 [info] [resolveAuthority(attached-container,1)][10229ms] waiting...
2025-12-04 13:37:35.177 [info] [resolveAuthority(attached-container,1)][11230ms] waiting...
2025-12-04 13:37:36.177 [info] [resolveAuthority(attached-container,1)][12231ms] waiting...
2025-12-04 13:37:37.177 [info] [resolveAuthority(attached-container,1)][13231ms] waiting...
2025-12-04 13:37:38.178 [info] [resolveAuthority(attached-container,1)][14232ms] waiting...
2025-12-04 13:37:39.177 [info] [resolveAuthority(attached-container,1)][15231ms] waiting...
2025-12-04 13:37:39.794 [info] [resolveAuthority(attached-container,1)][15848ms] setting tunnel factory...
2025-12-04 13:37:39.796 [info] [resolveAuthority(attached-container,1)][15850ms] returned 127.0.0.1:40317
2025-12-04 13:37:40.697 [info] ExtensionService#_doActivateExtension wayou.vscode-todo-highlight, startup: true, activationEvent: '*'
2025-12-04 13:37:40.699 [info] ExtensionService#_doActivateExtension vscode.github-authentication, startup: false, activationEvent: 'onAuthenticationRequest:github'
2025-12-04 13:37:40.731 [info] ExtensionService#_doActivateExtension ms-vscode.remote-explorer, startup: false, activationEvent: 'onCommand:remote-internal.setActiveFolders'
2025-12-04 13:37:40.779 [info] Eager extensions activated
2025-12-04 13:37:40.921 [info] ExtensionService#_doActivateExtension Catppuccin.catppuccin-vsc, startup: false, activationEvent: 'onStartupFinished'
2025-12-04 13:37:40.929 [info] ExtensionService#_doActivateExtension Catppuccin.catppuccin-vsc-icons, startup: false, activationEvent: 'onStartupFinished'
2025-12-04 13:37:41.037 [info] ExtensionService#_doActivateExtension monokai.theme-monokai-pro-vscode, startup: false, activationEvent: 'onStartupFinished'
2025-12-04 13:37:41.040 [info] ExtensionService#_doActivateExtension ms-vscode-remote.remote-wsl, startup: false, activationEvent: 'onStartupFinished'
2025-12-04 13:37:41.128 [info] ExtensionService#_doActivateExtension vscodevim.vim, startup: false, activationEvent: 'onStartupFinished'
2025-12-04 13:37:57.128 [info] ExtensionService#_doActivateExtension ms-vscode.remote-server, startup: false, activationEvent: 'onCommand:remote-tunnels.internal.isAuthenticated'
2025-12-04 13:37:57.287 [info] ExtensionService#_doActivateExtension vscode.microsoft-authentication, startup: false, activationEvent: 'onAuthenticationRequest:microsoft'
