[1764853423377] INFO  (ext): SQLTools is starting
[1764853423378] INFO  (ext): initializing language client...
[1764853423379] INFO  (ext): Registering client for languages [{"scheme":"sqltools"},{"language":"sql","scheme":"untitled"},{"language":"sql","scheme":"file"},{"language":"sql","scheme":"sqltools"}]
    ns: "lc"
[1764853423384] INFO  (ext): loading plugins...
[1764853423384] INFO  (ext): registering Formatter Plugin.
    plugin: {
      "name": "Formatter Plugin"
    }
[1764853423384] INFO  (ext): registering Connection Manager Plugin.
    plugin: {
      "name": "Connection Manager Plugin"
    }
[1764853423384] INFO  (ext): registering CodeLens Plugin.
    plugin: {
      "name": "CodeLens Plugin",
      "registeredLanguages": []
    }
[1764853423385] INFO  (ext): registering Dependency Manager Plugin.
    plugin: {
      "name": "Dependency Manager Plugin",
      "installingDrivers": []
    }
[1764853423388] INFO  (ext): Connection explorer changed. Will be updated.
    ns: "conn-man:explorer"
[1764853423389] INFO  (ext): registering History Manager Plugin.
    plugin: {
      "name": "History Manager Plugin"
    }
[1764853423389] INFO  (ext): registering Bookmarks Manager Plugin.
    plugin: {
      "name": "Bookmarks Manager Plugin"
    }
[1764853423390] INFO  (ext): registering Authentication Provider Plugin.
    plugin: {
      "name": "Authentication Provider Plugin",
      "isRegistered": false
    }
[1764853423390] INFO  (ext): registering Object Drop-in Provider (plugin).
    plugin: {
      "type": "plugin",
      "name": "Object Drop-in Provider",
      "isRegistered": false
    }
[1764853423392] INFO  (ext): SQLTools activation completed. 14.761778 ms
[1764853423392] INFO  (ext): Formatter Plugin registered!
[1764853423392] INFO  (ext): CodeLens Plugin registered!
[1764853423392] INFO  (ext): Dependency Manager Plugin registered!
[1764853423392] INFO  (ext): Connection Manager Plugin registered!
[1764853423392] INFO  (ext): History Manager Plugin registered!
[1764853423392] INFO  (ext): Bookmarks Manager Plugin registered!
[1764853423392] INFO  (ext): Authentication Provider Plugin registered!
[1764853423392] INFO  (ext): Object Drop-in Provider (plugin) registered!
[1764853423650] INFO  (ls): SQLTools Server started!
===============================
Using node runtime?: no
ExecPath: /usr/share/code/code 
===============================
[1764853423755] INFO  (ext): LanguageClient ready
    ns: "lc"
[1764853423755] INFO  (ls): Initialized with node version:v22.20.0
[1764853425589] INFO  (ext): Connection explorer changed. Will be updated.
    ns: "conn-man:explorer"
[1764853425590] INFO  (ext): Connection explorer changed. Will be updated.
    ns: "conn-man:explorer"
[1764853425623] INFO  (ext): EXECUTING COMMAND => sqltools.refreshTree
[1764853425623] INFO  (ext): Connection explorer changed. Will be updated.
    ns: "conn-man:explorer"
[1764853425624] INFO  (ext): Connection explorer changed. Will be updated.
    ns: "conn-man:explorer"
[1764853426009] INFO  (ext): Connection explorer changed. Will be updated.
    ns: "conn-man:explorer"
[1764853426245] INFO  (ext): Connection explorer changed. Will be updated.
    ns: "conn-man:explorer"
[1764853426716] INFO  (ext): Connection explorer changed. Will be updated.
    ns: "conn-man:explorer"
[1764853426718] INFO  (ext): Connection explorer changed. Will be updated.
    ns: "conn-man:explorer"
[1764853847839] INFO  (ext): Connection explorer changed. Will be updated.
    ns: "conn-man:explorer"
[1764853848655] INFO  (ext): Connection explorer changed. Will be updated.
    ns: "conn-man:explorer"
[1764853848656] INFO  (ext): Connection explorer changed. Will be updated.
    ns: "conn-man:explorer"
