[09:41:41.298] Log Level: 2
[09:41:41.321] Opening exec server for ssh-remote+athena1
[09:41:41.363] VS Code version: 1.106.3
[09:41:41.363] Remote-SSH version: remote-ssh@0.120.0
[09:41:41.363] linux x64
[09:41:41.374] Initizing new exec server for ssh-remote+athena1
[09:41:41.376] Acquiring local install lock: /tmp/vscode-remote-ssh-75cadbb5-install.lock
[09:41:41.377] Looking for existing server data file at /home/tellez/.config/Code/User/globalStorage/ms-vscode-remote.remote-ssh/vscode-ssh-host-75cadbb5-bf9252a2fb45be6893dd8870c0bf37e2e1766d61-0.120.0-es/data.json
[09:41:41.378] No existing data file
[09:41:41.379] Using commit id "bf9252a2fb45be6893dd8870c0bf37e2e1766d61" and quality "stable" for server
[09:41:41.379] Extensions to install: 
[09:41:41.385] Install and start server if needed
[09:41:41.391] PATH: /home/tellez/.opam/5.4.0/bin:/home/tellez/.asdf/shims:/home/tellez/.asdf/bin:/home/tellez/.nvm/versions/node/v22.20.0/bin:/home/tellez/.juliaup/bin:/home/tellez/.cargo/bin:/home/tellez/.local/bin:/usr/local/sbin:/usr/local/bin:/usr/sbin:/usr/bin:/sbin:/bin:/usr/games:/usr/local/games:/snap/bin:/home/tellez/.local/share/JetBrains/Toolbox/scripts:/home/tellez/.cabal/bin:/home/tellez/.ghcup/bin:/home/tellez/.local/bin:/home/tellez/.local/share/gem/ruby/3.3.0/bin:/home/tellez/.modular/bin:/home/tellez/.local/bin:/home/tellez/zig/current_inst
[09:41:41.391] Checking ssh with "ssh -V"
[09:41:41.398] > OpenSSH_9.6p1 Ubuntu-3ubuntu13.14, OpenSSL 3.0.13 30 Jan 2024

[09:41:41.403] askpass server listening on /run/user/1000/vscode-ssh-askpass-6f463a28b12772a4413760bcc957d4086080954a.sock
[09:41:41.403] Spawning local server with {"serverId":1,"ipcHandlePath":"/run/user/1000/vscode-ssh-askpass-f241c4949ab904edc12c1c63bc1403ccde4bcded.sock","sshCommand":"ssh","sshArgs":["-v","-T","-D","42067","-o","ConnectTimeout=15","athena1"],"serverDataFolderName":".vscode-server","dataFilePath":"/home/tellez/.config/Code/User/globalStorage/ms-vscode-remote.remote-ssh/vscode-ssh-host-75cadbb5-bf9252a2fb45be6893dd8870c0bf37e2e1766d61-0.120.0-es/data.json"}
[09:41:41.403] Local server env: {"SSH_AUTH_SOCK":"/run/user/1000/keyring/ssh","SHELL":"/usr/bin/zsh","DISPLAY":":1","ELECTRON_RUN_AS_NODE":"1","SSH_ASKPASS":"/home/tellez/.vscode/extensions/ms-vscode-remote.remote-ssh-0.120.0/out/local-server/askpass.sh","VSCODE_SSH_ASKPASS_NODE":"/usr/share/code/code","VSCODE_SSH_ASKPASS_EXTRA_ARGS":"","VSCODE_SSH_ASKPASS_MAIN":"/home/tellez/.vscode/extensions/ms-vscode-remote.remote-ssh-0.120.0/out/askpass-main.js","VSCODE_SSH_ASKPASS_HANDLE":"/run/user/1000/vscode-ssh-askpass-6f463a28b12772a4413760bcc957d4086080954a.sock"}
[09:41:41.406] Spawned 6471
[09:41:41.407] Using connect timeout of 17 seconds
[09:41:41.509] > local-server-1> Running ssh connection command: ssh -v -T -D 42067 -o ConnectTimeout=15 athena1
[09:41:41.512] > local-server-1> Spawned ssh, pid=6479
[09:41:41.515] stderr> OpenSSH_9.6p1 Ubuntu-3ubuntu13.14, OpenSSL 3.0.13 30 Jan 2024
[09:41:42.789] stderr> debug1: Server host key: ssh-ed25519 SHA256:jTiVQ7hEO1qQ0ujz4Af3hQHk4ii0UTiIFLCXK5mFUTk
[09:41:42.869] stderr> No Kerberos credentials available (default cache: FILE:/tmp/krb5cc_1000)
[09:41:42.869] stderr> 
[09:41:42.869] stderr> 
[09:41:42.884] stderr> No Kerberos credentials available (default cache: FILE:/tmp/krb5cc_1000)
[09:41:42.884] stderr> 
[09:41:42.884] stderr> 
[09:41:43.139] stderr> Authenticated to athena1 ([172.16.4.15]:22) using "publickey".
[09:41:43.533] > ready: 5e7235de18c9
[09:41:43.540] > Linux 6.16.7-200.fc42.x86_64 #1 SMP PREEMPT_DYNAMIC Thu Sep 11 17:46:54 UTC 2025
[09:41:43.541] Platform: linux
[09:41:43.549] > /usr/bin/zsh
[09:41:43.550] Parent Shell: zsh
[09:41:43.550] Parent Shell pid: 6471
[09:41:43.551] Waiting for subshell to start
[09:41:43.556] > 2044014
[09:41:43.557] stdout -> '2044014'
[09:41:43.557] sub-process detected
[09:41:43.567] > 5e7235de18c9: running
> Script executing under PID: 2044014
[09:41:43.575] > Found existing installation at /home/tellez/.vscode-server...
> Starting VS Code CLI...
> Removing old logfile at /home/tellez/.vscode-server/.cli.bf9252a2fb45be6893dd8870c0bf37e2e1766d61.log
> Spawned remote CLI: 2044032
> Waiting for server log...
[09:41:43.610] > 5e7235de18c9: start
> listeningOn==127.0.0.1:45327==
> osReleaseId==fedora==
> arch==x86_64==
> vscodeArch==x64==
> bitness==64==
> tmpDir==/run/user/10109==
> platform==linux==
> unpackResult====
> didLocalDownload==0==
> downloadTime====
> installTime====
> serverStartTime==36==
> execServerToken==a1111aa1-1a1a-111a-aa11-1a1a11a111a1==
> platformDownloadPath==cli-alpine-x64==
> SSH_AUTH_SOCK==/tmp/ssh-XXXX6KvJnC/agent.2043966==
> DISPLAY====
> 5e7235de18c9: end
[09:41:43.610] Received install output: 
listeningOn==127.0.0.1:45327==
osReleaseId==fedora==
arch==x86_64==
vscodeArch==x64==
bitness==64==
tmpDir==/run/user/10109==
platform==linux==
unpackResult====
didLocalDownload==0==
downloadTime====
installTime====
serverStartTime==36==
execServerToken==a1111aa1-1a1a-111a-aa11-1a1a11a111a1==
platformDownloadPath==cli-alpine-x64==
SSH_AUTH_SOCK==/tmp/ssh-XXXX6KvJnC/agent.2043966==
DISPLAY====

[09:41:43.611] Remote server is listening on port 45327
[09:41:43.611] Parsed server configuration: {"serverConfiguration":{"remoteListeningOn":{"port":45327},"osReleaseId":"fedora","arch":"x86_64","sshAuthSock":"/tmp/ssh-XXXX6KvJnC/agent.2043966","display":"","tmpDir":"/run/user/10109","platform":"linux","execServerToken":"a1111aa1-1a1a-111a-aa11-1a1a11a111a1"},"serverStartTime":36,"installUnpackCode":""}
[09:41:43.612] Persisting server connection details to /home/tellez/.config/Code/User/globalStorage/ms-vscode-remote.remote-ssh/vscode-ssh-host-75cadbb5-bf9252a2fb45be6893dd8870c0bf37e2e1766d61-0.120.0-es/data.json
[09:41:43.614] Starting forwarding server. local port 43861 -> socksPort 42067 -> remotePort 45327
[09:41:43.614] Forwarding server listening on port 43861
[09:41:43.614] Waiting for ssh tunnel to be ready
[09:41:43.616] [Forwarding server port 43861] Got connection 0
[09:41:43.620] Tunneled port 45327 to local port 43861
[09:41:43.620] Resolved "ssh-remote+athena1" to "port 43861"
[09:41:43.620] Resolving exec server at port 43861
[09:41:43.622] [Forwarding server port 43861] Got connection 1
[09:41:43.662] Exec server for ssh-remote+athena1 created and cached
[09:41:43.662] No hints found in the recent session.
[12:37:02.520] Opening exec server for ssh-remote+athena1
[13:36:52.968] Existing exec server for ssh-remote+athena1 timed out
[13:36:52.968] Initizing new exec server for ssh-remote+athena1
[13:36:52.971] Acquiring local install lock: /tmp/vscode-remote-ssh-75cadbb5-install.lock
[13:36:52.973] Server delay-shutdown request failed: connect ENOENT /run/user/1000/vscode-ssh-askpass-f241c4949ab904edc12c1c63bc1403ccde4bcded.sock
[13:36:52.973] > local-server-1> Timed out
[13:36:52.974] Looking for existing server data file at /home/tellez/.config/Code/User/globalStorage/ms-vscode-remote.remote-ssh/vscode-ssh-host-75cadbb5-bf9252a2fb45be6893dd8870c0bf37e2e1766d61-0.120.0-es/data.json
[13:36:52.978] No existing data file
[13:36:52.979] Using commit id "bf9252a2fb45be6893dd8870c0bf37e2e1766d61" and quality "stable" for server
[13:36:52.979] Extensions to install: 
[13:36:52.985] Install and start server if needed
[13:36:52.987] Local server exit: 0
[13:36:52.990] askpass server listening on /run/user/1000/vscode-ssh-askpass-2684d56f6a08a32d13dcc08ee6fb2ee6943359e7.sock
[13:36:52.990] Spawning local server with {"serverId":2,"ipcHandlePath":"/run/user/1000/vscode-ssh-askpass-745d48d1668efcd6a4a5c34115fc0f2f7da01130.sock","sshCommand":"ssh","sshArgs":["-v","-T","-D","37795","-o","ConnectTimeout=15","athena1"],"serverDataFolderName":".vscode-server","dataFilePath":"/home/tellez/.config/Code/User/globalStorage/ms-vscode-remote.remote-ssh/vscode-ssh-host-75cadbb5-bf9252a2fb45be6893dd8870c0bf37e2e1766d61-0.120.0-es/data.json"}
[13:36:52.990] Local server env: {"SSH_AUTH_SOCK":"/run/user/1000/keyring/ssh","SHELL":"/usr/bin/zsh","DISPLAY":":1","ELECTRON_RUN_AS_NODE":"1","SSH_ASKPASS":"/home/tellez/.vscode/extensions/ms-vscode-remote.remote-ssh-0.120.0/out/local-server/askpass.sh","VSCODE_SSH_ASKPASS_NODE":"/usr/share/code/code","VSCODE_SSH_ASKPASS_EXTRA_ARGS":"","VSCODE_SSH_ASKPASS_MAIN":"/home/tellez/.vscode/extensions/ms-vscode-remote.remote-ssh-0.120.0/out/askpass-main.js","VSCODE_SSH_ASKPASS_HANDLE":"/run/user/1000/vscode-ssh-askpass-2684d56f6a08a32d13dcc08ee6fb2ee6943359e7.sock"}
[13:36:52.994] Spawned 26070
[13:36:52.995] Using connect timeout of 17 seconds
[13:36:53.084] > local-server-2> Running ssh connection command: ssh -v -T -D 37795 -o ConnectTimeout=15 athena1
[13:36:53.088] > local-server-2> Spawned ssh, pid=26078
[13:36:53.092] stderr> OpenSSH_9.6p1 Ubuntu-3ubuntu13.14, OpenSSL 3.0.13 30 Jan 2024
[13:36:53.093] stderr> ssh: Could not resolve hostname athena1: Name or service not known
[13:36:53.094] > local-server-2> ssh child died, shutting down
[13:36:53.098] Local server exit: 0
[13:36:53.098] Received install output: local-server-2> Running ssh connection command: ssh -v -T -D 37795 -o ConnectTimeout=15 athena1
local-server-2> Spawned ssh, pid=26078
OpenSSH_9.6p1 Ubuntu-3ubuntu13.14, OpenSSL 3.0.13 30 Jan 2024
ssh: Could not resolve hostname athena1: Name or service not known
local-server-2> ssh child died, shutting down

[13:36:53.098] WARN: $PLATFORM is undefined in installation script output.  Errors may be dropped.
[13:36:53.099] Exec server for ssh-remote+athena1 failed: Error: Could not resolve hostname
[13:36:53.099] Error opening exec server for ssh-remote+athena1: Error: Could not resolve hostname
[13:36:53.099] No hints found in the recent session.
