2025-12-04 09:42:57.200 [info] Reading sessions from keychain...
2025-12-04 09:42:57.200 [info] Getting sessions for all scopes...
2025-12-04 09:42:57.448 [info] Got 0 sessions for ...
2025-12-04 09:42:57.448 [info] Getting sessions for all scopes...
2025-12-04 09:42:57.448 [info] Got 0 sessions for ...
2025-12-04 09:42:57.448 [info] Getting sessions for all scopes...
2025-12-04 09:42:57.448 [info] Got 0 sessions for ...
2025-12-04 09:42:57.449 [info] Getting sessions for all scopes...
2025-12-04 09:42:57.449 [info] Got 0 sessions for ...
2025-12-04 09:42:57.449 [info] Getting sessions for all scopes...
2025-12-04 09:42:57.449 [info] Got 0 sessions for ...
2025-12-04 09:42:57.449 [info] Getting sessions for all scopes...
2025-12-04 09:42:57.449 [info] Got 0 sessions for ...
2025-12-04 09:42:57.449 [info] Getting sessions for all scopes...
2025-12-04 09:42:57.449 [info] Got 0 sessions for ...
2025-12-04 09:42:57.449 [info] Getting sessions for all scopes...
2025-12-04 09:42:57.449 [info] Got 0 sessions for ...
2025-12-04 09:42:57.449 [info] Getting sessions for all scopes...
2025-12-04 09:42:57.449 [info] Got 0 sessions for ...
2025-12-04 09:42:57.449 [info] Getting sessions for all scopes...
2025-12-04 09:42:57.449 [info] Got 0 sessions for ...
2025-12-04 09:42:57.535 [info] Getting sessions for all scopes...
2025-12-04 09:42:57.535 [info] Got 0 sessions for ...
2025-12-04 09:42:57.535 [info] Getting sessions for all scopes...
2025-12-04 09:42:57.535 [info] Got 0 sessions for ...
2025-12-04 09:42:57.535 [info] Getting sessions for all scopes...
2025-12-04 09:42:57.535 [info] Got 0 sessions for ...
2025-12-04 09:42:57.536 [info] Getting sessions for all scopes...
2025-12-04 09:42:57.536 [info] Got 0 sessions for ...
2025-12-04 09:42:57.536 [info] Getting sessions for all scopes...
2025-12-04 09:42:57.536 [info] Got 0 sessions for ...
2025-12-04 09:42:57.536 [info] Getting sessions for all scopes...
2025-12-04 09:42:57.536 [info] Got 0 sessions for ...
2025-12-04 09:42:57.838 [info] Getting sessions for read:org,user:email...
2025-12-04 09:42:57.838 [info] Got 0 sessions for read:org,user:email...
2025-12-04 09:42:59.009 [info] Getting sessions for all scopes...
2025-12-04 09:42:59.009 [info] Got 0 sessions for ...
2025-12-04 09:42:59.020 [info] Getting sessions for all scopes...
2025-12-04 09:42:59.020 [info] Got 0 sessions for ...
2025-12-04 09:42:59.048 [info] Getting sessions for all scopes...
2025-12-04 09:42:59.048 [info] Got 0 sessions for ...
2025-12-04 09:42:59.048 [info] Getting sessions for all scopes...
2025-12-04 09:42:59.048 [info] Got 0 sessions for ...
2025-12-04 09:42:59.134 [info] Getting sessions for all scopes...
2025-12-04 09:42:59.134 [info] Got 0 sessions for ...
2025-12-04 09:42:59.343 [info] Getting sessions for user:email...
2025-12-04 09:42:59.343 [info] Got 0 sessions for user:email...
2025-12-04 09:42:59.343 [info] Getting sessions for read:user,repo,user:email,workflow...
2025-12-04 09:42:59.343 [info] Got 0 sessions for read:user,repo,user:email,workflow...
2025-12-04 09:42:59.464 [info] Getting sessions for all scopes...
2025-12-04 09:42:59.464 [info] Got 0 sessions for ...
2025-12-04 09:42:59.464 [info] Getting sessions for all scopes...
2025-12-04 09:42:59.464 [info] Got 0 sessions for ...
2025-12-04 09:42:59.636 [info] Getting sessions for user:email...
2025-12-04 09:42:59.636 [info] Got 0 sessions for user:email...
2025-12-04 09:42:59.636 [info] Getting sessions for read:user,repo,user:email,workflow...
2025-12-04 09:42:59.636 [info] Got 0 sessions for read:user,repo,user:email,workflow...
2025-12-04 09:42:59.823 [info] Getting sessions for all scopes...
2025-12-04 09:42:59.823 [info] Got 0 sessions for ...
2025-12-04 09:42:59.823 [info] Getting sessions for all scopes...
2025-12-04 09:42:59.823 [info] Got 0 sessions for ...
2025-12-04 09:42:59.989 [info] Getting sessions for user:email...
2025-12-04 09:42:59.990 [info] Got 0 sessions for user:email...
2025-12-04 09:42:59.990 [info] Getting sessions for read:user,repo,user:email,workflow...
2025-12-04 09:42:59.990 [info] Got 0 sessions for read:user,repo,user:email,workflow...
2025-12-04 09:43:00.012 [info] Getting sessions for all scopes...
2025-12-04 09:43:00.012 [info] Got 0 sessions for ...
2025-12-04 09:43:00.015 [info] Getting sessions for all scopes...
2025-12-04 09:43:00.015 [info] Got 0 sessions for ...
2025-12-04 09:43:00.032 [info] Getting sessions for all scopes...
2025-12-04 09:43:00.032 [info] Got 0 sessions for ...
2025-12-04 09:43:00.155 [info] Getting sessions for read:user,repo,user:email,workflow...
2025-12-04 09:43:00.155 [info] Got 0 sessions for read:user,repo,user:email,workflow...
2025-12-04 09:50:55.649 [info] Getting sessions for all scopes...
2025-12-04 09:50:55.650 [info] Got 0 sessions for ...
2025-12-04 09:50:55.752 [info] Getting sessions for user:email...
2025-12-04 09:50:55.752 [info] Got 0 sessions for user:email...
2025-12-04 09:50:55.828 [info] Getting sessions for all scopes...
2025-12-04 09:50:55.828 [info] Got 0 sessions for ...
2025-12-04 09:50:55.881 [info] Getting sessions for user:email...
2025-12-04 09:50:55.881 [info] Got 0 sessions for user:email...
2025-12-04 09:50:59.897 [info] Getting sessions for all scopes...
2025-12-04 09:50:59.897 [info] Got 0 sessions for ...
2025-12-04 09:50:59.958 [info] Getting sessions for user:email...
2025-12-04 09:50:59.958 [info] Got 0 sessions for user:email...
2025-12-04 09:51:00.064 [info] Getting sessions for all scopes...
2025-12-04 09:51:00.064 [info] Got 0 sessions for ...
2025-12-04 09:51:00.128 [info] Getting sessions for user:email...
2025-12-04 09:51:00.128 [info] Got 0 sessions for user:email...
2025-12-04 09:51:00.206 [info] Getting sessions for all scopes...
2025-12-04 09:51:00.206 [info] Got 0 sessions for ...
2025-12-04 09:51:00.265 [info] Getting sessions for user:email...
2025-12-04 09:51:00.265 [info] Got 0 sessions for user:email...
2025-12-04 09:51:00.343 [info] Getting sessions for all scopes...
2025-12-04 09:51:00.343 [info] Got 0 sessions for ...
2025-12-04 09:51:00.409 [info] Getting sessions for user:email...
2025-12-04 09:51:00.409 [info] Got 0 sessions for user:email...
2025-12-04 09:51:00.486 [info] Getting sessions for all scopes...
2025-12-04 09:51:00.486 [info] Got 0 sessions for ...
2025-12-04 09:51:00.553 [info] Getting sessions for user:email...
2025-12-04 09:51:00.553 [info] Got 0 sessions for user:email...
2025-12-04 09:51:00.642 [info] Getting sessions for all scopes...
2025-12-04 09:51:00.642 [info] Got 0 sessions for ...
2025-12-04 09:51:00.745 [info] Getting sessions for user:email...
2025-12-04 09:51:00.745 [info] Got 0 sessions for user:email...
2025-12-04 09:51:00.786 [info] Getting sessions for all scopes...
2025-12-04 09:51:00.786 [info] Got 0 sessions for ...
2025-12-04 09:51:00.806 [info] Getting sessions for user:email...
2025-12-04 09:51:00.806 [info] Got 0 sessions for user:email...
2025-12-04 09:51:00.914 [info] Getting sessions for all scopes...
2025-12-04 09:51:00.914 [info] Got 0 sessions for ...
2025-12-04 09:51:00.997 [info] Getting sessions for user:email...
2025-12-04 09:51:00.997 [info] Got 0 sessions for user:email...
2025-12-04 09:51:01.028 [info] Getting sessions for all scopes...
2025-12-04 09:51:01.028 [info] Got 0 sessions for ...
2025-12-04 09:51:01.093 [info] Getting sessions for user:email...
2025-12-04 09:51:01.093 [info] Got 0 sessions for user:email...
2025-12-04 09:51:01.159 [info] Getting sessions for all scopes...
2025-12-04 09:51:01.159 [info] Got 0 sessions for ...
2025-12-04 09:51:01.212 [info] Getting sessions for user:email...
2025-12-04 09:51:01.212 [info] Got 0 sessions for user:email...
2025-12-04 09:51:01.282 [info] Getting sessions for all scopes...
2025-12-04 09:51:01.282 [info] Got 0 sessions for ...
2025-12-04 09:51:01.333 [info] Getting sessions for user:email...
2025-12-04 09:51:01.333 [info] Got 0 sessions for user:email...
2025-12-04 09:51:01.399 [info] Getting sessions for all scopes...
2025-12-04 09:51:01.399 [info] Got 0 sessions for ...
2025-12-04 09:51:01.462 [info] Getting sessions for user:email...
2025-12-04 09:51:01.462 [info] Got 0 sessions for user:email...
2025-12-04 09:51:01.779 [info] Getting sessions for all scopes...
2025-12-04 09:51:01.779 [info] Got 0 sessions for ...
2025-12-04 09:51:01.837 [info] Getting sessions for user:email...
2025-12-04 09:51:01.837 [info] Got 0 sessions for user:email...
2025-12-04 09:51:01.933 [info] Getting sessions for all scopes...
2025-12-04 09:51:01.933 [info] Got 0 sessions for ...
2025-12-04 09:51:02.015 [info] Getting sessions for user:email...
2025-12-04 09:51:02.015 [info] Got 0 sessions for user:email...
2025-12-04 09:51:02.086 [info] Getting sessions for all scopes...
2025-12-04 09:51:02.086 [info] Got 0 sessions for ...
2025-12-04 09:51:02.155 [info] Getting sessions for user:email...
2025-12-04 09:51:02.155 [info] Got 0 sessions for user:email...
2025-12-04 09:51:02.224 [info] Getting sessions for all scopes...
2025-12-04 09:51:02.224 [info] Got 0 sessions for ...
2025-12-04 09:51:02.320 [info] Getting sessions for user:email...
2025-12-04 09:51:02.320 [info] Got 0 sessions for user:email...
2025-12-04 09:51:02.374 [info] Getting sessions for all scopes...
2025-12-04 09:51:02.374 [info] Got 0 sessions for ...
2025-12-04 09:51:02.442 [info] Getting sessions for user:email...
2025-12-04 09:51:02.442 [info] Got 0 sessions for user:email...
2025-12-04 09:51:02.757 [info] Getting sessions for all scopes...
2025-12-04 09:51:02.757 [info] Got 0 sessions for ...
2025-12-04 09:51:02.846 [info] Getting sessions for user:email...
2025-12-04 09:51:02.846 [info] Got 0 sessions for user:email...
2025-12-04 09:51:02.884 [info] Getting sessions for all scopes...
2025-12-04 09:51:02.884 [info] Got 0 sessions for ...
2025-12-04 09:51:02.946 [info] Getting sessions for user:email...
2025-12-04 09:51:02.946 [info] Got 0 sessions for user:email...
2025-12-04 09:51:03.020 [info] Getting sessions for all scopes...
2025-12-04 09:51:03.020 [info] Got 0 sessions for ...
2025-12-04 09:51:03.089 [info] Getting sessions for user:email...
2025-12-04 09:51:03.089 [info] Got 0 sessions for user:email...
2025-12-04 09:51:03.160 [info] Getting sessions for all scopes...
2025-12-04 09:51:03.160 [info] Got 0 sessions for ...
2025-12-04 09:51:03.220 [info] Getting sessions for user:email...
2025-12-04 09:51:03.220 [info] Got 0 sessions for user:email...
2025-12-04 09:51:03.289 [info] Getting sessions for all scopes...
2025-12-04 09:51:03.289 [info] Got 0 sessions for ...
2025-12-04 09:51:03.350 [info] Getting sessions for user:email...
2025-12-04 09:51:03.350 [info] Got 0 sessions for user:email...
2025-12-04 09:51:08.293 [info] Getting sessions for all scopes...
2025-12-04 09:51:08.293 [info] Got 0 sessions for ...
2025-12-04 09:51:08.358 [info] Getting sessions for user:email...
2025-12-04 09:51:08.358 [info] Got 0 sessions for user:email...
2025-12-04 09:53:35.005 [info] Getting sessions for all scopes...
2025-12-04 09:53:35.005 [info] Got 0 sessions for ...
2025-12-04 09:53:35.064 [info] Getting sessions for user:email...
2025-12-04 09:53:35.064 [info] Got 0 sessions for user:email...
2025-12-04 09:53:35.132 [info] Getting sessions for all scopes...
2025-12-04 09:53:35.132 [info] Got 0 sessions for ...
2025-12-04 09:53:35.202 [info] Getting sessions for user:email...
2025-12-04 09:53:35.202 [info] Got 0 sessions for user:email...
2025-12-04 09:53:35.273 [info] Getting sessions for all scopes...
2025-12-04 09:53:35.273 [info] Got 0 sessions for ...
2025-12-04 09:53:35.336 [info] Getting sessions for user:email...
2025-12-04 09:53:35.336 [info] Got 0 sessions for user:email...
2025-12-04 09:53:36.428 [info] Getting sessions for all scopes...
2025-12-04 09:53:36.428 [info] Got 0 sessions for ...
2025-12-04 09:53:36.490 [info] Getting sessions for user:email...
2025-12-04 09:53:36.490 [info] Got 0 sessions for user:email...
2025-12-04 09:53:36.557 [info] Getting sessions for all scopes...
2025-12-04 09:53:36.557 [info] Got 0 sessions for ...
2025-12-04 09:53:36.619 [info] Getting sessions for user:email...
2025-12-04 09:53:36.619 [info] Got 0 sessions for user:email...
2025-12-04 09:53:37.225 [info] Getting sessions for all scopes...
2025-12-04 09:53:37.225 [info] Got 0 sessions for ...
2025-12-04 09:53:37.287 [info] Getting sessions for user:email...
2025-12-04 09:53:37.287 [info] Got 0 sessions for user:email...
2025-12-04 09:53:37.357 [info] Getting sessions for all scopes...
2025-12-04 09:53:37.357 [info] Got 0 sessions for ...
2025-12-04 09:53:37.421 [info] Getting sessions for user:email...
2025-12-04 09:53:37.421 [info] Got 0 sessions for user:email...
2025-12-04 09:53:42.382 [info] Getting sessions for all scopes...
2025-12-04 09:53:42.382 [info] Got 0 sessions for ...
2025-12-04 09:53:42.412 [info] Getting sessions for user:email...
2025-12-04 09:53:42.412 [info] Got 0 sessions for user:email...
2025-12-04 09:54:39.678 [info] Getting sessions for all scopes...
2025-12-04 09:54:39.678 [info] Got 0 sessions for ...
2025-12-04 09:54:39.743 [info] Getting sessions for user:email...
2025-12-04 09:54:39.743 [info] Got 0 sessions for user:email...
2025-12-04 09:54:39.813 [info] Getting sessions for all scopes...
2025-12-04 09:54:39.813 [info] Got 0 sessions for ...
2025-12-04 09:54:39.875 [info] Getting sessions for user:email...
2025-12-04 09:54:39.875 [info] Got 0 sessions for user:email...
2025-12-04 09:54:39.950 [info] Getting sessions for all scopes...
2025-12-04 09:54:39.950 [info] Got 0 sessions for ...
2025-12-04 09:54:40.010 [info] Getting sessions for user:email...
2025-12-04 09:54:40.010 [info] Got 0 sessions for user:email...
2025-12-04 09:54:40.100 [info] Getting sessions for all scopes...
2025-12-04 09:54:40.100 [info] Got 0 sessions for ...
2025-12-04 09:54:40.164 [info] Getting sessions for user:email...
2025-12-04 09:54:40.164 [info] Got 0 sessions for user:email...
2025-12-04 09:54:40.256 [info] Getting sessions for all scopes...
2025-12-04 09:54:40.256 [info] Got 0 sessions for ...
2025-12-04 09:54:40.285 [info] Getting sessions for user:email...
2025-12-04 09:54:40.285 [info] Got 0 sessions for user:email...
2025-12-04 09:54:40.353 [info] Getting sessions for all scopes...
2025-12-04 09:54:40.354 [info] Got 0 sessions for ...
2025-12-04 09:54:40.418 [info] Getting sessions for user:email...
2025-12-04 09:54:40.418 [info] Got 0 sessions for user:email...
2025-12-04 09:54:40.521 [info] Getting sessions for all scopes...
2025-12-04 09:54:40.521 [info] Got 0 sessions for ...
2025-12-04 09:54:40.591 [info] Getting sessions for user:email...
2025-12-04 09:54:40.591 [info] Got 0 sessions for user:email...
2025-12-04 09:54:40.657 [info] Getting sessions for all scopes...
2025-12-04 09:54:40.657 [info] Got 0 sessions for ...
2025-12-04 09:54:40.764 [info] Getting sessions for user:email...
2025-12-04 09:54:40.764 [info] Got 0 sessions for user:email...
2025-12-04 09:54:40.884 [info] Getting sessions for all scopes...
2025-12-04 09:54:40.884 [info] Got 0 sessions for ...
2025-12-04 09:54:40.940 [info] Getting sessions for user:email...
2025-12-04 09:54:40.940 [info] Got 0 sessions for user:email...
2025-12-04 09:54:41.003 [info] Getting sessions for all scopes...
2025-12-04 09:54:41.003 [info] Got 0 sessions for ...
2025-12-04 09:54:41.074 [info] Getting sessions for user:email...
2025-12-04 09:54:41.074 [info] Got 0 sessions for user:email...
2025-12-04 09:54:41.138 [info] Getting sessions for all scopes...
2025-12-04 09:54:41.138 [info] Got 0 sessions for ...
2025-12-04 09:54:41.201 [info] Getting sessions for user:email...
2025-12-04 09:54:41.201 [info] Got 0 sessions for user:email...
2025-12-04 09:54:41.288 [info] Getting sessions for all scopes...
2025-12-04 09:54:41.288 [info] Got 0 sessions for ...
2025-12-04 09:54:41.365 [info] Getting sessions for user:email...
2025-12-04 09:54:41.366 [info] Got 0 sessions for user:email...
2025-12-04 09:54:41.449 [info] Getting sessions for all scopes...
2025-12-04 09:54:41.449 [info] Got 0 sessions for ...
2025-12-04 09:54:41.534 [info] Getting sessions for user:email...
2025-12-04 09:54:41.535 [info] Got 0 sessions for user:email...
2025-12-04 09:54:41.625 [info] Getting sessions for all scopes...
2025-12-04 09:54:41.625 [info] Got 0 sessions for ...
2025-12-04 09:54:41.653 [info] Getting sessions for user:email...
2025-12-04 09:54:41.653 [info] Got 0 sessions for user:email...
2025-12-04 09:54:41.724 [info] Getting sessions for all scopes...
2025-12-04 09:54:41.724 [info] Got 0 sessions for ...
2025-12-04 09:54:41.788 [info] Getting sessions for user:email...
2025-12-04 09:54:41.788 [info] Got 0 sessions for user:email...
2025-12-04 09:54:41.860 [info] Getting sessions for all scopes...
2025-12-04 09:54:41.860 [info] Got 0 sessions for ...
2025-12-04 09:54:41.917 [info] Getting sessions for user:email...
2025-12-04 09:54:41.917 [info] Got 0 sessions for user:email...
2025-12-04 09:54:41.985 [info] Getting sessions for all scopes...
2025-12-04 09:54:41.986 [info] Got 0 sessions for ...
2025-12-04 09:54:42.050 [info] Getting sessions for user:email...
2025-12-04 09:54:42.050 [info] Got 0 sessions for user:email...
2025-12-04 09:54:42.590 [info] Getting sessions for all scopes...
2025-12-04 09:54:42.590 [info] Got 0 sessions for ...
2025-12-04 09:54:42.657 [info] Getting sessions for user:email...
2025-12-04 09:54:42.657 [info] Got 0 sessions for user:email...
2025-12-04 09:54:42.724 [info] Getting sessions for all scopes...
2025-12-04 09:54:42.724 [info] Got 0 sessions for ...
2025-12-04 09:54:42.763 [info] Getting sessions for user:email...
2025-12-04 09:54:42.763 [info] Got 0 sessions for user:email...
2025-12-04 09:54:43.451 [info] Getting sessions for all scopes...
2025-12-04 09:54:43.451 [info] Got 0 sessions for ...
2025-12-04 09:54:43.513 [info] Getting sessions for user:email...
2025-12-04 09:54:43.513 [info] Got 0 sessions for user:email...
2025-12-04 09:54:43.579 [info] Getting sessions for all scopes...
2025-12-04 09:54:43.579 [info] Got 0 sessions for ...
2025-12-04 09:54:43.643 [info] Getting sessions for user:email...
2025-12-04 09:54:43.643 [info] Got 0 sessions for user:email...
2025-12-04 09:54:44.506 [info] Getting sessions for all scopes...
2025-12-04 09:54:44.506 [info] Got 0 sessions for ...
2025-12-04 09:54:44.537 [info] Getting sessions for user:email...
2025-12-04 09:54:44.537 [info] Got 0 sessions for user:email...
2025-12-04 09:54:44.627 [info] Getting sessions for all scopes...
2025-12-04 09:54:44.627 [info] Got 0 sessions for ...
2025-12-04 09:54:44.692 [info] Getting sessions for user:email...
2025-12-04 09:54:44.692 [info] Got 0 sessions for user:email...
2025-12-04 09:54:44.763 [info] Getting sessions for all scopes...
2025-12-04 09:54:44.763 [info] Got 0 sessions for ...
2025-12-04 09:54:44.831 [info] Getting sessions for user:email...
2025-12-04 09:54:44.831 [info] Got 0 sessions for user:email...
2025-12-04 09:54:44.900 [info] Getting sessions for all scopes...
2025-12-04 09:54:44.900 [info] Got 0 sessions for ...
2025-12-04 09:54:44.961 [info] Getting sessions for user:email...
2025-12-04 09:54:44.961 [info] Got 0 sessions for user:email...
2025-12-04 09:54:49.905 [info] Getting sessions for all scopes...
2025-12-04 09:54:49.905 [info] Got 0 sessions for ...
2025-12-04 09:54:49.967 [info] Getting sessions for user:email...
2025-12-04 09:54:49.967 [info] Got 0 sessions for user:email...
2025-12-04 10:20:01.856 [info] Getting sessions for all scopes...
2025-12-04 10:20:01.857 [info] Got 0 sessions for ...
2025-12-04 10:20:01.919 [info] Getting sessions for user:email...
2025-12-04 10:20:01.919 [info] Got 0 sessions for user:email...
2025-12-04 10:20:01.982 [info] Getting sessions for all scopes...
2025-12-04 10:20:01.982 [info] Got 0 sessions for ...
2025-12-04 10:20:02.054 [info] Getting sessions for user:email...
2025-12-04 10:20:02.054 [info] Got 0 sessions for user:email...
2025-12-04 10:20:02.118 [info] Getting sessions for all scopes...
2025-12-04 10:20:02.118 [info] Got 0 sessions for ...
2025-12-04 10:20:02.181 [info] Getting sessions for user:email...
2025-12-04 10:20:02.181 [info] Got 0 sessions for user:email...
2025-12-04 10:20:02.547 [info] Getting sessions for all scopes...
2025-12-04 10:20:02.547 [info] Got 0 sessions for ...
2025-12-04 10:20:02.612 [info] Getting sessions for user:email...
2025-12-04 10:20:02.612 [info] Got 0 sessions for user:email...
2025-12-04 10:20:02.679 [info] Getting sessions for all scopes...
2025-12-04 10:20:02.679 [info] Got 0 sessions for ...
2025-12-04 10:20:02.742 [info] Getting sessions for user:email...
2025-12-04 10:20:02.742 [info] Got 0 sessions for user:email...
2025-12-04 10:20:07.689 [info] Getting sessions for all scopes...
2025-12-04 10:20:07.689 [info] Got 0 sessions for ...
2025-12-04 10:20:07.749 [info] Getting sessions for user:email...
2025-12-04 10:20:07.749 [info] Got 0 sessions for user:email...
2025-12-04 10:20:11.792 [info] Getting sessions for all scopes...
2025-12-04 10:20:11.792 [info] Got 0 sessions for ...
2025-12-04 10:20:11.808 [info] Getting sessions for user:email...
2025-12-04 10:20:11.808 [info] Got 0 sessions for user:email...
2025-12-04 10:20:11.878 [info] Getting sessions for all scopes...
2025-12-04 10:20:11.878 [info] Got 0 sessions for ...
2025-12-04 10:20:11.953 [info] Getting sessions for user:email...
2025-12-04 10:20:11.954 [info] Got 0 sessions for user:email...
2025-12-04 10:20:12.015 [info] Getting sessions for all scopes...
2025-12-04 10:20:12.015 [info] Got 0 sessions for ...
2025-12-04 10:20:12.119 [info] Getting sessions for user:email...
2025-12-04 10:20:12.119 [info] Got 0 sessions for user:email...
2025-12-04 10:20:12.189 [info] Getting sessions for all scopes...
2025-12-04 10:20:12.189 [info] Got 0 sessions for ...
2025-12-04 10:20:12.257 [info] Getting sessions for user:email...
2025-12-04 10:20:12.257 [info] Got 0 sessions for user:email...
2025-12-04 10:20:14.302 [info] Getting sessions for all scopes...
2025-12-04 10:20:14.302 [info] Got 0 sessions for ...
2025-12-04 10:20:14.367 [info] Getting sessions for user:email...
2025-12-04 10:20:14.367 [info] Got 0 sessions for user:email...
2025-12-04 10:20:14.439 [info] Getting sessions for all scopes...
2025-12-04 10:20:14.439 [info] Got 0 sessions for ...
2025-12-04 10:20:14.474 [info] Getting sessions for user:email...
2025-12-04 10:20:14.474 [info] Got 0 sessions for user:email...
2025-12-04 10:20:19.498 [info] Getting sessions for all scopes...
2025-12-04 10:20:19.498 [info] Got 0 sessions for ...
2025-12-04 10:20:19.562 [info] Getting sessions for user:email...
2025-12-04 10:20:19.562 [info] Got 0 sessions for user:email...
2025-12-04 10:20:21.567 [info] Getting sessions for all scopes...
2025-12-04 10:20:21.567 [info] Got 0 sessions for ...
2025-12-04 10:20:21.626 [info] Getting sessions for user:email...
2025-12-04 10:20:21.626 [info] Got 0 sessions for user:email...
2025-12-04 10:20:21.724 [info] Getting sessions for all scopes...
2025-12-04 10:20:21.724 [info] Got 0 sessions for ...
2025-12-04 10:20:21.766 [info] Getting sessions for user:email...
2025-12-04 10:20:21.766 [info] Got 0 sessions for user:email...
2025-12-04 10:20:21.838 [info] Getting sessions for all scopes...
2025-12-04 10:20:21.838 [info] Got 0 sessions for ...
2025-12-04 10:20:21.895 [info] Getting sessions for user:email...
2025-12-04 10:20:21.895 [info] Got 0 sessions for user:email...
2025-12-04 10:20:23.422 [info] Getting sessions for all scopes...
2025-12-04 10:20:23.422 [info] Got 0 sessions for ...
2025-12-04 10:20:23.485 [info] Getting sessions for user:email...
2025-12-04 10:20:23.485 [info] Got 0 sessions for user:email...
2025-12-04 10:20:23.556 [info] Getting sessions for all scopes...
2025-12-04 10:20:23.556 [info] Got 0 sessions for ...
2025-12-04 10:20:23.621 [info] Getting sessions for user:email...
2025-12-04 10:20:23.621 [info] Got 0 sessions for user:email...
2025-12-04 10:20:28.553 [info] Getting sessions for all scopes...
2025-12-04 10:20:28.553 [info] Got 0 sessions for ...
2025-12-04 10:20:28.618 [info] Getting sessions for user:email...
2025-12-04 10:20:28.618 [info] Got 0 sessions for user:email...
2025-12-04 10:20:32.459 [info] Getting sessions for all scopes...
2025-12-04 10:20:32.459 [info] Got 0 sessions for ...
2025-12-04 10:20:32.519 [info] Getting sessions for user:email...
2025-12-04 10:20:32.519 [info] Got 0 sessions for user:email...
2025-12-04 10:20:32.581 [info] Getting sessions for all scopes...
2025-12-04 10:20:32.581 [info] Got 0 sessions for ...
2025-12-04 10:20:32.609 [info] Getting sessions for user:email...
2025-12-04 10:20:32.609 [info] Got 0 sessions for user:email...
2025-12-04 10:20:36.152 [info] Getting sessions for all scopes...
2025-12-04 10:20:36.152 [info] Got 0 sessions for ...
2025-12-04 10:20:36.215 [info] Getting sessions for user:email...
2025-12-04 10:20:36.215 [info] Got 0 sessions for user:email...
2025-12-04 10:20:36.287 [info] Getting sessions for all scopes...
2025-12-04 10:20:36.287 [info] Got 0 sessions for ...
2025-12-04 10:20:36.357 [info] Getting sessions for user:email...
2025-12-04 10:20:36.357 [info] Got 0 sessions for user:email...
2025-12-04 10:20:37.074 [info] Getting sessions for all scopes...
2025-12-04 10:20:37.074 [info] Got 0 sessions for ...
2025-12-04 10:20:37.139 [info] Getting sessions for user:email...
2025-12-04 10:20:37.139 [info] Got 0 sessions for user:email...
2025-12-04 10:20:37.212 [info] Getting sessions for all scopes...
2025-12-04 10:20:37.212 [info] Got 0 sessions for ...
2025-12-04 10:20:37.292 [info] Getting sessions for user:email...
2025-12-04 10:20:37.292 [info] Got 0 sessions for user:email...
2025-12-04 10:20:37.513 [info] Getting sessions for all scopes...
2025-12-04 10:20:37.513 [info] Got 0 sessions for ...
2025-12-04 10:20:37.571 [info] Getting sessions for user:email...
2025-12-04 10:20:37.571 [info] Got 0 sessions for user:email...
2025-12-04 10:20:37.640 [info] Getting sessions for all scopes...
2025-12-04 10:20:37.640 [info] Got 0 sessions for ...
2025-12-04 10:20:37.680 [info] Getting sessions for user:email...
2025-12-04 10:20:37.680 [info] Got 0 sessions for user:email...
2025-12-04 10:20:37.934 [info] Getting sessions for all scopes...
2025-12-04 10:20:37.934 [info] Got 0 sessions for ...
2025-12-04 10:20:37.991 [info] Getting sessions for user:email...
2025-12-04 10:20:37.991 [info] Got 0 sessions for user:email...
2025-12-04 10:20:38.060 [info] Getting sessions for all scopes...
2025-12-04 10:20:38.060 [info] Got 0 sessions for ...
2025-12-04 10:20:38.125 [info] Getting sessions for user:email...
2025-12-04 10:20:38.125 [info] Got 0 sessions for user:email...
2025-12-04 10:20:39.072 [info] Getting sessions for all scopes...
2025-12-04 10:20:39.072 [info] Got 0 sessions for ...
2025-12-04 10:20:39.132 [info] Getting sessions for user:email...
2025-12-04 10:20:39.133 [info] Got 0 sessions for user:email...
2025-12-04 10:20:39.202 [info] Getting sessions for all scopes...
2025-12-04 10:20:39.202 [info] Got 0 sessions for ...
2025-12-04 10:20:39.269 [info] Getting sessions for user:email...
2025-12-04 10:20:39.269 [info] Got 0 sessions for user:email...
2025-12-04 10:20:39.370 [info] Getting sessions for all scopes...
2025-12-04 10:20:39.370 [info] Got 0 sessions for ...
2025-12-04 10:20:39.430 [info] Getting sessions for user:email...
2025-12-04 10:20:39.430 [info] Got 0 sessions for user:email...
2025-12-04 10:20:39.496 [info] Getting sessions for all scopes...
2025-12-04 10:20:39.496 [info] Got 0 sessions for ...
2025-12-04 10:20:39.558 [info] Getting sessions for user:email...
2025-12-04 10:20:39.558 [info] Got 0 sessions for user:email...
2025-12-04 10:20:43.147 [info] Getting sessions for all scopes...
2025-12-04 10:20:43.147 [info] Got 0 sessions for ...
2025-12-04 10:20:43.202 [info] Getting sessions for user:email...
2025-12-04 10:20:43.202 [info] Got 0 sessions for user:email...
2025-12-04 10:20:43.272 [info] Getting sessions for all scopes...
2025-12-04 10:20:43.272 [info] Got 0 sessions for ...
2025-12-04 10:20:43.336 [info] Getting sessions for user:email...
2025-12-04 10:20:43.336 [info] Got 0 sessions for user:email...
2025-12-04 10:20:44.268 [info] Getting sessions for all scopes...
2025-12-04 10:20:44.269 [info] Got 0 sessions for ...
2025-12-04 10:20:44.325 [info] Getting sessions for user:email...
2025-12-04 10:20:44.325 [info] Got 0 sessions for user:email...
2025-12-04 10:20:44.400 [info] Getting sessions for all scopes...
2025-12-04 10:20:44.400 [info] Got 0 sessions for ...
2025-12-04 10:20:44.460 [info] Getting sessions for user:email...
2025-12-04 10:20:44.460 [info] Got 0 sessions for user:email...
2025-12-04 10:20:45.615 [info] Getting sessions for all scopes...
2025-12-04 10:20:45.615 [info] Got 0 sessions for ...
2025-12-04 10:20:45.677 [info] Getting sessions for user:email...
2025-12-04 10:20:45.677 [info] Got 0 sessions for user:email...
2025-12-04 10:20:45.745 [info] Getting sessions for all scopes...
2025-12-04 10:20:45.745 [info] Got 0 sessions for ...
2025-12-04 10:20:45.788 [info] Getting sessions for user:email...
2025-12-04 10:20:45.788 [info] Got 0 sessions for user:email...
2025-12-04 10:20:46.537 [info] Getting sessions for all scopes...
2025-12-04 10:20:46.537 [info] Got 0 sessions for ...
2025-12-04 10:20:46.596 [info] Getting sessions for user:email...
2025-12-04 10:20:46.596 [info] Got 0 sessions for user:email...
2025-12-04 10:20:46.665 [info] Getting sessions for all scopes...
2025-12-04 10:20:46.665 [info] Got 0 sessions for ...
2025-12-04 10:20:46.749 [info] Getting sessions for user:email...
2025-12-04 10:20:46.749 [info] Got 0 sessions for user:email...
2025-12-04 10:20:47.537 [info] Getting sessions for all scopes...
2025-12-04 10:20:47.537 [info] Got 0 sessions for ...
2025-12-04 10:20:47.600 [info] Getting sessions for user:email...
2025-12-04 10:20:47.600 [info] Got 0 sessions for user:email...
2025-12-04 10:20:47.662 [info] Getting sessions for all scopes...
2025-12-04 10:20:47.662 [info] Got 0 sessions for ...
2025-12-04 10:20:47.697 [info] Getting sessions for user:email...
2025-12-04 10:20:47.697 [info] Got 0 sessions for user:email...
2025-12-04 10:20:48.744 [info] Getting sessions for all scopes...
2025-12-04 10:20:48.744 [info] Got 0 sessions for ...
2025-12-04 10:20:48.811 [info] Getting sessions for user:email...
2025-12-04 10:20:48.811 [info] Got 0 sessions for user:email...
2025-12-04 10:20:48.882 [info] Getting sessions for all scopes...
2025-12-04 10:20:48.882 [info] Got 0 sessions for ...
2025-12-04 10:20:48.927 [info] Getting sessions for user:email...
2025-12-04 10:20:48.927 [info] Got 0 sessions for user:email...
2025-12-04 10:20:51.261 [info] Getting sessions for all scopes...
2025-12-04 10:20:51.261 [info] Got 0 sessions for ...
2025-12-04 10:20:51.333 [info] Getting sessions for user:email...
2025-12-04 10:20:51.333 [info] Got 0 sessions for user:email...
2025-12-04 10:20:51.422 [info] Getting sessions for all scopes...
2025-12-04 10:20:51.422 [info] Got 0 sessions for ...
2025-12-04 10:20:51.484 [info] Getting sessions for user:email...
2025-12-04 10:20:51.484 [info] Got 0 sessions for user:email...
2025-12-04 10:20:56.432 [info] Getting sessions for all scopes...
2025-12-04 10:20:56.432 [info] Got 0 sessions for ...
2025-12-04 10:20:56.492 [info] Getting sessions for user:email...
2025-12-04 10:20:56.492 [info] Got 0 sessions for user:email...
2025-12-04 10:26:16.245 [info] Getting sessions for all scopes...
2025-12-04 10:26:16.245 [info] Got 0 sessions for ...
2025-12-04 10:26:16.300 [info] Getting sessions for user:email...
2025-12-04 10:26:16.300 [info] Got 0 sessions for user:email...
2025-12-04 10:26:16.363 [info] Getting sessions for all scopes...
2025-12-04 10:26:16.363 [info] Got 0 sessions for ...
2025-12-04 10:26:16.431 [info] Getting sessions for user:email...
2025-12-04 10:26:16.431 [info] Got 0 sessions for user:email...
2025-12-04 10:26:21.368 [info] Getting sessions for all scopes...
2025-12-04 10:26:21.368 [info] Got 0 sessions for ...
2025-12-04 10:26:21.430 [info] Getting sessions for user:email...
2025-12-04 10:26:21.430 [info] Got 0 sessions for user:email...
2025-12-04 10:31:59.755 [info] Getting sessions for all scopes...
2025-12-04 10:31:59.755 [info] Got 0 sessions for ...
2025-12-04 10:31:59.819 [info] Getting sessions for user:email...
2025-12-04 10:31:59.819 [info] Got 0 sessions for user:email...
2025-12-04 10:31:59.920 [info] Getting sessions for all scopes...
2025-12-04 10:31:59.920 [info] Got 0 sessions for ...
2025-12-04 10:31:59.961 [info] Getting sessions for user:email...
2025-12-04 10:31:59.961 [info] Got 0 sessions for user:email...
2025-12-04 10:32:00.045 [info] Getting sessions for all scopes...
2025-12-04 10:32:00.045 [info] Got 0 sessions for ...
2025-12-04 10:32:00.078 [info] Getting sessions for user:email...
2025-12-04 10:32:00.078 [info] Got 0 sessions for user:email...
2025-12-04 10:32:00.146 [info] Getting sessions for all scopes...
2025-12-04 10:32:00.146 [info] Got 0 sessions for ...
2025-12-04 10:32:00.229 [info] Getting sessions for user:email...
2025-12-04 10:32:00.229 [info] Got 0 sessions for user:email...
2025-12-04 10:32:00.310 [info] Getting sessions for all scopes...
2025-12-04 10:32:00.310 [info] Got 0 sessions for ...
2025-12-04 10:32:00.347 [info] Getting sessions for user:email...
2025-12-04 10:32:00.347 [info] Got 0 sessions for user:email...
2025-12-04 10:32:00.400 [info] Getting sessions for all scopes...
2025-12-04 10:32:00.400 [info] Got 0 sessions for ...
2025-12-04 10:32:00.466 [info] Getting sessions for user:email...
2025-12-04 10:32:00.466 [info] Got 0 sessions for user:email...
2025-12-04 10:32:01.356 [info] Getting sessions for all scopes...
2025-12-04 10:32:01.356 [info] Got 0 sessions for ...
2025-12-04 10:32:01.447 [info] Getting sessions for user:email...
2025-12-04 10:32:01.447 [info] Got 0 sessions for user:email...
2025-12-04 10:32:01.516 [info] Getting sessions for all scopes...
2025-12-04 10:32:01.516 [info] Got 0 sessions for ...
2025-12-04 10:32:01.553 [info] Getting sessions for user:email...
2025-12-04 10:32:01.553 [info] Got 0 sessions for user:email...
2025-12-04 10:32:01.796 [info] Getting sessions for all scopes...
2025-12-04 10:32:01.796 [info] Got 0 sessions for ...
2025-12-04 10:32:01.855 [info] Getting sessions for user:email...
2025-12-04 10:32:01.855 [info] Got 0 sessions for user:email...
2025-12-04 10:32:01.923 [info] Getting sessions for all scopes...
2025-12-04 10:32:01.923 [info] Got 0 sessions for ...
2025-12-04 10:32:01.981 [info] Getting sessions for user:email...
2025-12-04 10:32:01.981 [info] Got 0 sessions for user:email...
2025-12-04 10:32:02.140 [info] Getting sessions for all scopes...
2025-12-04 10:32:02.140 [info] Got 0 sessions for ...
2025-12-04 10:32:02.195 [info] Getting sessions for user:email...
2025-12-04 10:32:02.195 [info] Got 0 sessions for user:email...
2025-12-04 10:32:02.264 [info] Getting sessions for all scopes...
2025-12-04 10:32:02.264 [info] Got 0 sessions for ...
2025-12-04 10:32:02.322 [info] Getting sessions for user:email...
2025-12-04 10:32:02.322 [info] Got 0 sessions for user:email...
2025-12-04 10:32:03.104 [info] Getting sessions for all scopes...
2025-12-04 10:32:03.104 [info] Got 0 sessions for ...
2025-12-04 10:32:03.161 [info] Getting sessions for user:email...
2025-12-04 10:32:03.161 [info] Got 0 sessions for user:email...
2025-12-04 10:32:03.229 [info] Getting sessions for all scopes...
2025-12-04 10:32:03.229 [info] Got 0 sessions for ...
2025-12-04 10:32:03.311 [info] Getting sessions for user:email...
2025-12-04 10:32:03.311 [info] Got 0 sessions for user:email...
2025-12-04 10:32:03.462 [info] Getting sessions for all scopes...
2025-12-04 10:32:03.462 [info] Got 0 sessions for ...
2025-12-04 10:32:03.520 [info] Getting sessions for user:email...
2025-12-04 10:32:03.520 [info] Got 0 sessions for user:email...
2025-12-04 10:32:03.590 [info] Getting sessions for all scopes...
2025-12-04 10:32:03.590 [info] Got 0 sessions for ...
2025-12-04 10:32:03.653 [info] Getting sessions for user:email...
2025-12-04 10:32:03.653 [info] Got 0 sessions for user:email...
2025-12-04 10:32:04.197 [info] Getting sessions for all scopes...
2025-12-04 10:32:04.197 [info] Got 0 sessions for ...
2025-12-04 10:32:04.270 [info] Getting sessions for user:email...
2025-12-04 10:32:04.270 [info] Got 0 sessions for user:email...
2025-12-04 10:32:04.350 [info] Getting sessions for all scopes...
2025-12-04 10:32:04.351 [info] Got 0 sessions for ...
2025-12-04 10:32:04.412 [info] Getting sessions for user:email...
2025-12-04 10:32:04.412 [info] Got 0 sessions for user:email...
2025-12-04 10:32:04.856 [info] Getting sessions for all scopes...
2025-12-04 10:32:04.856 [info] Got 0 sessions for ...
2025-12-04 10:32:04.920 [info] Getting sessions for user:email...
2025-12-04 10:32:04.920 [info] Got 0 sessions for user:email...
2025-12-04 10:32:04.986 [info] Getting sessions for all scopes...
2025-12-04 10:32:04.986 [info] Got 0 sessions for ...
2025-12-04 10:32:05.055 [info] Getting sessions for user:email...
2025-12-04 10:32:05.055 [info] Got 0 sessions for user:email...
2025-12-04 10:32:05.117 [info] Getting sessions for all scopes...
2025-12-04 10:32:05.117 [info] Got 0 sessions for ...
2025-12-04 10:32:05.175 [info] Getting sessions for user:email...
2025-12-04 10:32:05.175 [info] Got 0 sessions for user:email...
2025-12-04 10:32:06.281 [info] Getting sessions for all scopes...
2025-12-04 10:32:06.281 [info] Got 0 sessions for ...
2025-12-04 10:32:06.304 [info] Getting sessions for user:email...
2025-12-04 10:32:06.304 [info] Got 0 sessions for user:email...
2025-12-04 10:32:06.369 [info] Getting sessions for all scopes...
2025-12-04 10:32:06.369 [info] Got 0 sessions for ...
2025-12-04 10:32:06.530 [info] Getting sessions for user:email...
2025-12-04 10:32:06.530 [info] Got 0 sessions for user:email...
2025-12-04 10:32:11.376 [info] Getting sessions for all scopes...
2025-12-04 10:32:11.376 [info] Got 0 sessions for ...
2025-12-04 10:32:11.432 [info] Getting sessions for user:email...
2025-12-04 10:32:11.432 [info] Got 0 sessions for user:email...
