[13:37:24.135] Log Level: 2
[13:37:24.156] Opening exec server for ssh-remote+athena1
[13:37:24.160] VS Code version: 1.106.3
[13:37:24.160] Remote-SSH version: remote-ssh@0.120.0
[13:37:24.160] linux x64
[13:37:24.171] Initizing new exec server for ssh-remote+athena1
[13:37:24.174] Acquiring local install lock: /tmp/vscode-remote-ssh-75cadbb5-install.lock
[13:37:24.181] Looking for existing server data file at /home/tellez/.config/Code/User/globalStorage/ms-vscode-remote.remote-ssh/vscode-ssh-host-75cadbb5-bf9252a2fb45be6893dd8870c0bf37e2e1766d61-0.120.0-es/data.json
[13:37:24.182] No existing data file
[13:37:24.183] Using commit id "bf9252a2fb45be6893dd8870c0bf37e2e1766d61" and quality "stable" for server
[13:37:24.183] Extensions to install: 
[13:37:24.188] Install and start server if needed
[13:37:24.194] PATH: /home/tellez/.opam/5.4.0/bin:/home/tellez/.asdf/shims:/home/tellez/.asdf/bin:/home/tellez/.nvm/versions/node/v22.20.0/bin:/home/tellez/.juliaup/bin:/home/tellez/.cargo/bin:/home/tellez/.local/bin:/usr/local/sbin:/usr/local/bin:/usr/sbin:/usr/bin:/sbin:/bin:/usr/games:/usr/local/games:/snap/bin:/home/tellez/.local/share/JetBrains/Toolbox/scripts:/home/tellez/.cabal/bin:/home/tellez/.ghcup/bin:/home/tellez/.local/bin:/home/tellez/.local/share/gem/ruby/3.3.0/bin:/home/tellez/.modular/bin:/home/tellez/.local/bin:/home/tellez/zig/current_inst
[13:37:24.195] Checking ssh with "ssh -V"
[13:37:24.205] > OpenSSH_9.6p1 Ubuntu-3ubuntu13.14, OpenSSL 3.0.13 30 Jan 2024

[13:37:24.208] askpass server listening on /run/user/1000/vscode-ssh-askpass-d510d15d1481d68bbaa6d41f31f150880050c5d7.sock
[13:37:24.209] Spawning local server with {"serverId":1,"ipcHandlePath":"/run/user/1000/vscode-ssh-askpass-cfbc215d38d0724ab38899755b67315da73a2cc8.sock","sshCommand":"ssh","sshArgs":["-v","-T","-D","38455","-o","ConnectTimeout=15","athena1"],"serverDataFolderName":".vscode-server","dataFilePath":"/home/tellez/.config/Code/User/globalStorage/ms-vscode-remote.remote-ssh/vscode-ssh-host-75cadbb5-bf9252a2fb45be6893dd8870c0bf37e2e1766d61-0.120.0-es/data.json"}
[13:37:24.209] Local server env: {"SSH_AUTH_SOCK":"/run/user/1000/keyring/ssh","SHELL":"/usr/bin/zsh","DISPLAY":":1","ELECTRON_RUN_AS_NODE":"1","SSH_ASKPASS":"/home/tellez/.vscode/extensions/ms-vscode-remote.remote-ssh-0.120.0/out/local-server/askpass.sh","VSCODE_SSH_ASKPASS_NODE":"/usr/share/code/code","VSCODE_SSH_ASKPASS_EXTRA_ARGS":"","VSCODE_SSH_ASKPASS_MAIN":"/home/tellez/.vscode/extensions/ms-vscode-remote.remote-ssh-0.120.0/out/askpass-main.js","VSCODE_SSH_ASKPASS_HANDLE":"/run/user/1000/vscode-ssh-askpass-d510d15d1481d68bbaa6d41f31f150880050c5d7.sock"}
[13:37:24.213] Spawned 27534
[13:37:24.214] Using connect timeout of 17 seconds
[13:37:24.317] > local-server-1> Running ssh connection command: ssh -v -T -D 38455 -o ConnectTimeout=15 athena1
[13:37:24.325] > local-server-1> Spawned ssh, pid=27543
[13:37:24.329] stderr> OpenSSH_9.6p1 Ubuntu-3ubuntu13.14, OpenSSL 3.0.13 30 Jan 2024
[13:37:24.354] stderr> debug1: Server host key: ssh-ed25519 SHA256:jTiVQ7hEO1qQ0ujz4Af3hQHk4ii0UTiIFLCXK5mFUTk
[13:37:24.415] stderr> No Kerberos credentials available (default cache: FILE:/tmp/krb5cc_1000)
[13:37:24.415] stderr> 
[13:37:24.415] stderr> 
[13:37:24.423] stderr> No Kerberos credentials available (default cache: FILE:/tmp/krb5cc_1000)
[13:37:24.423] stderr> 
[13:37:24.423] stderr> 
[13:37:24.456] stderr> Authenticated to athena1 ([172.16.4.15]:22) using "publickey".
[13:37:24.777] > ready: 9428eacc3eb5
[13:37:24.781] > Linux 6.16.7-200.fc42.x86_64 #1 SMP PREEMPT_DYNAMIC Thu Sep 11 17:46:54 UTC 2025
[13:37:24.782] Platform: linux
[13:37:24.784] > /usr/bin/zsh
[13:37:24.784] Parent Shell: zsh
[13:37:24.784] Parent Shell pid: 27534
[13:37:24.785] Waiting for subshell to start
[13:37:24.787] > 2187240
[13:37:24.787] stdout -> '2187240'
[13:37:24.788] sub-process detected
[13:37:24.792] > 9428eacc3eb5: running
> Script executing under PID: 2187240
[13:37:24.798] > Found existing installation at /home/tellez/.vscode-server...
> Starting VS Code CLI...
[13:37:24.799] > Removing old logfile at /home/tellez/.vscode-server/.cli.bf9252a2fb45be6893dd8870c0bf37e2e1766d61.log
> Spawned remote CLI: 2187258
[13:37:24.800] > Waiting for server log...
[13:37:24.833] > 9428eacc3eb5: start
> listeningOn==127.0.0.1:32957==
> osReleaseId==fedora==
> arch==x86_64==
> vscodeArch==x64==
> bitness==64==
> tmpDir==/run/user/10109==
> platform==linux==
> unpackResult====
> didLocalDownload==0==
> downloadTime====
> installTime====
> serverStartTime==35==
> execServerToken==11a1aa1a-1111-1a1a-aa1a-11a11aa11a1a==
> platformDownloadPath==cli-alpine-x64==
> SSH_AUTH_SOCK==/tmp/ssh-XXXXNWLDHT/agent.2187192==
> DISPLAY====
> 9428eacc3eb5: end
[13:37:24.833] Received install output: 
listeningOn==127.0.0.1:32957==
osReleaseId==fedora==
arch==x86_64==
vscodeArch==x64==
bitness==64==
tmpDir==/run/user/10109==
platform==linux==
unpackResult====
didLocalDownload==0==
downloadTime====
installTime====
serverStartTime==35==
execServerToken==11a1aa1a-1111-1a1a-aa1a-11a11aa11a1a==
platformDownloadPath==cli-alpine-x64==
SSH_AUTH_SOCK==/tmp/ssh-XXXXNWLDHT/agent.2187192==
DISPLAY====

[13:37:24.834] Remote server is listening on port 32957
[13:37:24.834] Parsed server configuration: {"serverConfiguration":{"remoteListeningOn":{"port":32957},"osReleaseId":"fedora","arch":"x86_64","sshAuthSock":"/tmp/ssh-XXXXNWLDHT/agent.2187192","display":"","tmpDir":"/run/user/10109","platform":"linux","execServerToken":"11a1aa1a-1111-1a1a-aa1a-11a11aa11a1a"},"serverStartTime":35,"installUnpackCode":""}
[13:37:24.834] Persisting server connection details to /home/tellez/.config/Code/User/globalStorage/ms-vscode-remote.remote-ssh/vscode-ssh-host-75cadbb5-bf9252a2fb45be6893dd8870c0bf37e2e1766d61-0.120.0-es/data.json
[13:37:24.837] Starting forwarding server. local port 43375 -> socksPort 38455 -> remotePort 32957
[13:37:24.837] Forwarding server listening on port 43375
[13:37:24.837] Waiting for ssh tunnel to be ready
[13:37:24.838] [Forwarding server port 43375] Got connection 0
[13:37:24.839] Tunneled port 32957 to local port 43375
[13:37:24.839] Resolved "ssh-remote+athena1" to "port 43375"
[13:37:24.839] Resolving exec server at port 43375
[13:37:24.840] [Forwarding server port 43375] Got connection 1
[13:37:24.871] Exec server for ssh-remote+athena1 created and cached
[13:37:24.872] No hints found in the recent session.
