2025-12-04 14:40:12.786 [info] Active editor: file:///home/tellez/dotfiles/.config/i3/config_gpt_bak
2025-12-04 14:40:14.029 [info] /home/tellez/dotfiles/.config/i3/config_gpt_bak closed
2025-12-04 14:40:22.835 [info] /home/tellez/dotfiles/.config/i3/config_gpt_bak closed
2025-12-04 14:40:22.869 [info] Active editor: file:///home/tellez/dotfiles/.config/i3/config_old
2025-12-04 14:40:23.499 [info] /home/tellez/dotfiles/.config/i3/config_old closed
2025-12-04 14:40:23.521 [info] Active editor: file:///home/tellez/dotfiles/.config/i3/config
2025-12-04 14:40:24.263 [info] /home/tellez/dotfiles/.config/i3/config closed
2025-12-04 14:40:26.414 [info] Active editor: file:///home/tellez/dotfiles/.config/i3/config_gpt_bak
2025-12-04 14:40:27.124 [info] /home/tellez/dotfiles/.config/i3/config_gpt_bak closed
2025-12-04 14:40:32.175 [info] Active editor: file:///home/tellez/dotfiles/.config/i3/config
2025-12-04 14:40:36.936 [info] Active editor: file:///home/tellez/dotfiles/.config/i3/config_gpt_bak
2025-12-04 14:40:40.588 [info] Active editor: file:///home/tellez/dotfiles/.config/i3/config
2025-12-04 14:40:46.777 [info] Executing :wa
2025-12-04 14:41:08.702 [info] Executing :w
2025-12-04 14:41:21.239 [info] Executing :w
2025-12-04 14:41:45.250 [info] Executing :w
2025-12-04 14:41:56.943 [info] Executing :w
2025-12-04 14:44:12.140 [info] Executing :w
2025-12-04 14:45:41.385 [info] Executing :w
2025-12-04 14:48:20.052 [info] Executing :w
2025-12-04 14:48:32.156 [info] Executing :w
2025-12-04 14:48:59.665 [info] Executing :w
2025-12-04 14:49:05.689 [info] Executing :w
2025-12-04 14:51:16.505 [info] Executing :w
2025-12-04 14:51:34.224 [info] Executing :w
2025-12-04 14:52:44.621 [info] Executing :w
2025-12-04 14:52:59.534 [info] Executing :w
2025-12-04 14:53:41.532 [info] Executing :w
2025-12-04 14:53:46.464 [info] Executing :w
2025-12-04 14:56:53.770 [info] Executing :w
2025-12-04 14:57:13.550 [info] Executing :w
2025-12-04 14:57:42.218 [info] Executing :w
2025-12-04 14:57:43.310 [info] Executing :w
2025-12-04 14:59:11.185 [info] Executing :w
2025-12-04 14:59:57.613 [info] Executing :w
2025-12-04 15:00:18.718 [info] Executing :w
2025-12-04 15:01:41.549 [warning] [InternalSelectionsTracker] Treating untracked selection change event [173, 14; 173, 14] as an intermediate selection to ignore; assuming it slipped past the end of an action we just ran, since there are still 1 tracked internal selections updates to ignore
2025-12-04 15:01:42.618 [warning] [InternalSelectionsTracker] Un-tracking stale internal selections update [173, 15; 173, 15] after 1070ms without a matching selection change event (expiry_ms: 1000ms)
2025-12-04 15:01:45.230 [info] Executing :w
2025-12-04 15:02:37.513 [info] Active editor: untitled:/home/tellez/dotfiles/.config/i3/icons
2025-12-04 15:02:39.455 [info] /home/tellez/dotfiles/.config/i3/icons closed
2025-12-04 15:02:39.903 [info] Executing :w
2025-12-04 15:02:39.929 [info] /home/tellez/dotfiles/.config/i3/icons closed
2025-12-04 15:02:39.951 [info] /home/tellez/dotfiles/.config/i3/icons closed
2025-12-04 15:02:39.976 [info] Active editor: file:///home/tellez/dotfiles/.config/i3/icons
2025-12-04 15:02:46.984 [info] Active editor: file:///home/tellez/dotfiles/.config/i3/config
2025-12-04 15:04:16.368 [info] Executing :w
2025-12-04 15:04:29.921 [info] Executing :w
2025-12-04 15:04:40.624 [info] Executing :w
2025-12-04 15:04:53.084 [info] Executing :w
2025-12-04 15:05:07.188 [info] Executing :w
2025-12-04 15:13:47.053 [info] Executing :w
2025-12-04 15:13:48.987 [info] Searching for log
2025-12-04 15:15:49.451 [info] Executing :w
2025-12-04 15:16:21.099 [info] Searching for Escape
2025-12-04 15:16:32.462 [info] Executing :w
2025-12-04 15:17:11.014 [info] Executing :w
2025-12-04 15:17:11.828 [info] Executing :w
2025-12-04 15:17:17.700 [info] Executing :w
2025-12-04 15:18:29.462 [info] Executing :w
2025-12-04 15:18:37.588 [info] Executing :w
2025-12-04 15:18:50.834 [info] Active editor: untitled:/home/tellez/dotfiles/.config/i3/rofi/powermenu.sh
2025-12-04 15:18:57.212 [info] Executing :w
2025-12-04 15:18:57.256 [info] /home/tellez/dotfiles/.config/i3/rofi/powermenu.sh closed
2025-12-04 15:18:57.277 [info] Active editor: file:///home/tellez/dotfiles/.config/i3/rofi/powermenu.sh
2025-12-04 15:19:25.511 [info] Active editor: file:///home/tellez/dotfiles/.config/i3/config
2025-12-04 15:19:26.837 [info] Executing :w
2025-12-04 15:20:34.946 [info] Executing :w
2025-12-04 15:20:53.174 [info] Executing :w
2025-12-04 15:20:54.715 [info] Active editor: file:///home/tellez/dotfiles/.config/i3/rofi/powermenu.sh
2025-12-04 15:21:00.716 [info] Executing :w
2025-12-04 15:21:02.227 [info] Active editor: file:///home/tellez/dotfiles/.config/i3/config
2025-12-04 15:22:50.619 [info] Searching for Shift+b
2025-12-04 15:23:08.931 [info] Executing :w
2025-12-04 15:24:39.433 [info] Executing :w
2025-12-04 15:26:05.981 [info] Executing :w
2025-12-04 15:26:14.435 [info] Executing :w
2025-12-04 15:26:32.067 [info] Executing :w
2025-12-04 15:26:52.435 [info] Active editor: file:///home/tellez/dotfiles/.config/i3/rofi/powermenu.sh
2025-12-04 15:27:07.397 [info] Executing :w
2025-12-04 15:28:47.458 [info] Active editor: file:///home/tellez/dotfiles/.config/i3/config
