2025-12-04 09:42:01.034 [info] Reading sessions from keychain...
2025-12-04 09:42:01.034 [info] Getting sessions for all scopes...
2025-12-04 09:42:01.034 [info] Got 0 sessions for ...
2025-12-04 09:42:01.035 [info] Getting sessions for all scopes...
2025-12-04 09:42:01.035 [info] Got 0 sessions for ...
2025-12-04 09:42:01.035 [info] Getting sessions for all scopes...
2025-12-04 09:42:01.035 [info] Got 0 sessions for ...
2025-12-04 09:42:01.035 [info] Getting sessions for all scopes...
2025-12-04 09:42:01.035 [info] Got 0 sessions for ...
2025-12-04 09:42:01.035 [info] Getting sessions for all scopes...
2025-12-04 09:42:01.035 [info] Got 0 sessions for ...
2025-12-04 09:42:01.035 [info] Getting sessions for all scopes...
2025-12-04 09:42:01.035 [info] Got 0 sessions for ...
2025-12-04 09:42:01.072 [info] Getting sessions for all scopes...
2025-12-04 09:42:01.072 [info] Got 0 sessions for ...
2025-12-04 09:42:01.073 [info] Getting sessions for all scopes...
2025-12-04 09:42:01.073 [info] Got 0 sessions for ...
2025-12-04 09:42:01.073 [info] Getting sessions for all scopes...
2025-12-04 09:42:01.073 [info] Got 0 sessions for ...
2025-12-04 09:42:01.073 [info] Getting sessions for all scopes...
2025-12-04 09:42:01.073 [info] Got 0 sessions for ...
2025-12-04 09:42:01.073 [info] Getting sessions for all scopes...
2025-12-04 09:42:01.073 [info] Got 0 sessions for ...
2025-12-04 09:42:01.079 [info] Getting sessions for all scopes...
2025-12-04 09:42:01.079 [info] Got 0 sessions for ...
2025-12-04 09:42:01.079 [info] Getting sessions for all scopes...
2025-12-04 09:42:01.079 [info] Got 0 sessions for ...
2025-12-04 09:42:01.079 [info] Getting sessions for all scopes...
2025-12-04 09:42:01.079 [info] Got 0 sessions for ...
2025-12-04 09:42:01.079 [info] Getting sessions for all scopes...
2025-12-04 09:42:01.079 [info] Got 0 sessions for ...
2025-12-04 09:42:01.079 [info] Getting sessions for all scopes...
2025-12-04 09:42:01.079 [info] Got 0 sessions for ...
2025-12-04 09:42:01.145 [info] Getting sessions for read:org,user:email...
2025-12-04 09:42:01.145 [info] Got 0 sessions for read:org,user:email...
2025-12-04 09:42:02.543 [info] Getting sessions for all scopes...
2025-12-04 09:42:02.543 [info] Got 0 sessions for ...
2025-12-04 09:42:02.543 [info] Getting sessions for all scopes...
2025-12-04 09:42:02.543 [info] Got 0 sessions for ...
2025-12-04 09:42:02.793 [info] Getting sessions for all scopes...
2025-12-04 09:42:02.793 [info] Got 0 sessions for ...
2025-12-04 09:42:02.804 [info] Getting sessions for all scopes...
2025-12-04 09:42:02.804 [info] Got 0 sessions for ...
2025-12-04 09:42:02.883 [info] Getting sessions for all scopes...
2025-12-04 09:42:02.883 [info] Got 0 sessions for ...
2025-12-04 09:42:02.953 [info] Getting sessions for read:user,repo,user:email,workflow...
2025-12-04 09:42:02.953 [info] Got 0 sessions for read:user,repo,user:email,workflow...
2025-12-04 09:42:02.976 [info] Getting sessions for user:email...
2025-12-04 09:42:02.976 [info] Got 0 sessions for user:email...
2025-12-04 09:42:02.976 [info] Getting sessions for read:user,repo,user:email,workflow...
2025-12-04 09:42:02.976 [info] Got 0 sessions for read:user,repo,user:email,workflow...
2025-12-04 09:42:03.484 [info] Getting sessions for all scopes...
2025-12-04 09:42:03.484 [info] Got 0 sessions for ...
2025-12-04 09:42:03.484 [info] Getting sessions for all scopes...
2025-12-04 09:42:03.484 [info] Got 0 sessions for ...
2025-12-04 09:42:03.665 [info] Getting sessions for user:email...
2025-12-04 09:42:03.665 [info] Got 0 sessions for user:email...
2025-12-04 09:42:03.665 [info] Getting sessions for read:user,repo,user:email,workflow...
2025-12-04 09:42:03.665 [info] Got 0 sessions for read:user,repo,user:email,workflow...
2025-12-04 09:42:03.864 [info] Getting sessions for all scopes...
2025-12-04 09:42:03.864 [info] Got 0 sessions for ...
2025-12-04 09:42:03.864 [info] Getting sessions for all scopes...
2025-12-04 09:42:03.864 [info] Got 0 sessions for ...
2025-12-04 09:42:03.947 [info] Getting sessions for user:email...
2025-12-04 09:42:03.947 [info] Got 0 sessions for user:email...
2025-12-04 09:42:03.947 [info] Getting sessions for read:user,repo,user:email,workflow...
2025-12-04 09:42:03.947 [info] Got 0 sessions for read:user,repo,user:email,workflow...
2025-12-04 09:42:03.999 [info] Getting sessions for all scopes...
2025-12-04 09:42:03.999 [info] Got 0 sessions for ...
2025-12-04 09:42:04.000 [info] Getting sessions for all scopes...
2025-12-04 09:42:04.000 [info] Got 0 sessions for ...
2025-12-04 13:37:41.257 [info] Reading sessions from keychain...
2025-12-04 13:37:41.257 [info] Getting sessions for all scopes...
2025-12-04 13:37:41.257 [info] Got 0 sessions for ...
2025-12-04 13:37:41.257 [info] Getting sessions for all scopes...
2025-12-04 13:37:41.257 [info] Got 0 sessions for ...
2025-12-04 13:37:41.257 [info] Getting sessions for all scopes...
2025-12-04 13:37:41.257 [info] Got 0 sessions for ...
2025-12-04 13:37:41.257 [info] Getting sessions for all scopes...
2025-12-04 13:37:41.257 [info] Got 0 sessions for ...
2025-12-04 13:37:41.257 [info] Getting sessions for all scopes...
2025-12-04 13:37:41.257 [info] Got 0 sessions for ...
2025-12-04 13:37:57.213 [info] Getting sessions for all scopes...
2025-12-04 13:37:57.213 [info] Got 0 sessions for ...
2025-12-04 13:37:57.252 [info] Getting sessions for all scopes...
2025-12-04 13:37:57.252 [info] Got 0 sessions for ...
2025-12-04 13:37:57.252 [info] Getting sessions for all scopes...
2025-12-04 13:37:57.252 [info] Got 0 sessions for ...
2025-12-04 13:37:57.252 [info] Getting sessions for all scopes...
2025-12-04 13:37:57.252 [info] Got 0 sessions for ...
2025-12-04 13:37:57.253 [info] Getting sessions for all scopes...
2025-12-04 13:37:57.253 [info] Got 0 sessions for ...
2025-12-04 13:37:57.253 [info] Getting sessions for all scopes...
2025-12-04 13:37:57.253 [info] Got 0 sessions for ...
2025-12-04 13:37:57.264 [info] Getting sessions for all scopes...
2025-12-04 13:37:57.264 [info] Got 0 sessions for ...
2025-12-04 13:37:57.264 [info] Getting sessions for all scopes...
2025-12-04 13:37:57.264 [info] Got 0 sessions for ...
2025-12-04 13:37:57.264 [info] Getting sessions for all scopes...
2025-12-04 13:37:57.264 [info] Got 0 sessions for ...
2025-12-04 13:37:57.265 [info] Getting sessions for all scopes...
2025-12-04 13:37:57.265 [info] Got 0 sessions for ...
2025-12-04 13:37:57.265 [info] Getting sessions for all scopes...
2025-12-04 13:37:57.265 [info] Got 0 sessions for ...
2025-12-04 13:37:57.352 [info] Getting sessions for read:org,user:email...
2025-12-04 13:37:57.352 [info] Got 0 sessions for read:org,user:email...
2025-12-04 13:37:58.568 [info] Getting sessions for all scopes...
2025-12-04 13:37:58.569 [info] Got 0 sessions for ...
2025-12-04 13:37:58.576 [info] Getting sessions for all scopes...
2025-12-04 13:37:58.576 [info] Got 0 sessions for ...
2025-12-04 13:37:58.579 [info] Getting sessions for all scopes...
2025-12-04 13:37:58.579 [info] Got 0 sessions for ...
2025-12-04 13:37:58.579 [info] Getting sessions for all scopes...
2025-12-04 13:37:58.579 [info] Got 0 sessions for ...
2025-12-04 13:37:58.793 [info] Getting sessions for all scopes...
2025-12-04 13:37:58.793 [info] Got 0 sessions for ...
2025-12-04 13:37:58.937 [info] Getting sessions for read:user,repo,user:email,workflow...
2025-12-04 13:37:58.937 [info] Got 0 sessions for read:user,repo,user:email,workflow...
2025-12-04 13:37:58.938 [info] Getting sessions for user:email...
2025-12-04 13:37:58.938 [info] Got 0 sessions for user:email...
2025-12-04 13:37:58.938 [info] Getting sessions for read:user,repo,user:email,workflow...
2025-12-04 13:37:58.938 [info] Got 0 sessions for read:user,repo,user:email,workflow...
2025-12-04 13:37:59.121 [info] Getting sessions for all scopes...
2025-12-04 13:37:59.121 [info] Got 0 sessions for ...
2025-12-04 13:37:59.121 [info] Getting sessions for all scopes...
2025-12-04 13:37:59.121 [info] Got 0 sessions for ...
2025-12-04 13:37:59.266 [info] Getting sessions for user:email...
2025-12-04 13:37:59.266 [info] Got 0 sessions for user:email...
2025-12-04 13:37:59.266 [info] Getting sessions for read:user,repo,user:email,workflow...
2025-12-04 13:37:59.266 [info] Got 0 sessions for read:user,repo,user:email,workflow...
2025-12-04 13:37:59.341 [info] Getting sessions for all scopes...
2025-12-04 13:37:59.341 [info] Got 0 sessions for ...
2025-12-04 13:37:59.341 [info] Getting sessions for all scopes...
2025-12-04 13:37:59.341 [info] Got 0 sessions for ...
2025-12-04 13:37:59.370 [info] Getting sessions for user:email...
2025-12-04 13:37:59.370 [info] Got 0 sessions for user:email...
2025-12-04 13:37:59.370 [info] Getting sessions for read:user,repo,user:email,workflow...
2025-12-04 13:37:59.370 [info] Got 0 sessions for read:user,repo,user:email,workflow...
2025-12-04 13:37:59.436 [info] Getting sessions for all scopes...
2025-12-04 13:37:59.436 [info] Got 0 sessions for ...
2025-12-04 13:37:59.449 [info] Getting sessions for all scopes...
2025-12-04 13:37:59.449 [info] Got 0 sessions for ...
2025-12-04 13:37:59.457 [info] Getting sessions for all scopes...
2025-12-04 13:37:59.457 [info] Got 0 sessions for ...
2025-12-04 13:37:59.487 [info] Getting sessions for read:user,repo,user:email,workflow...
2025-12-04 13:37:59.487 [info] Got 0 sessions for read:user,repo,user:email,workflow...
