2025-12-04 14:40:06.816 [error] Error: Unable to read file '/home/tellez/.vscode/extensions/ms-python.black-formatter-2024.0.1/package.json' (Error: Unable to resolve nonexistent file '/home/tellez/.vscode/extensions/ms-python.black-formatter-2024.0.1/package.json')
    at Qh.G (file:///usr/share/code/resources/app/out/vs/code/electron-utility/sharedProcess/sharedProcessMain.js:74:89877)
    at Qh.F (file:///usr/share/code/resources/app/out/vs/code/electron-utility/sharedProcess/sharedProcessMain.js:74:89702)
    at async Qh.C (file:///usr/share/code/resources/app/out/vs/code/electron-utility/sharedProcess/sharedProcessMain.js:74:89074)
    at async xa.t (file:///usr/share/code/resources/app/out/vs/code/electron-utility/sharedProcess/sharedProcessMain.js:74:45884)
    at async xa.scanExtension (file:///usr/share/code/resources/app/out/vs/code/electron-utility/sharedProcess/sharedProcessMain.js:74:44391)
    at async Promise.all (index 24)
    at async xa.q (file:///usr/share/code/resources/app/out/vs/code/electron-utility/sharedProcess/sharedProcessMain.js:74:42817)
    at async Sf.scanAllUserExtensions (file:///usr/share/code/resources/app/out/vs/code/electron-utility/sharedProcess/sharedProcessMain.js:74:35677)
    at async Gh.I (file:///usr/share/code/resources/app/out/vs/code/electron-utility/sharedProcess/sharedProcessMain.js:74:76324)
    at async Gh.cleanUp (file:///usr/share/code/resources/app/out/vs/code/electron-utility/sharedProcess/sharedProcessMain.js:74:69176)
    at async Wh.cleanUp (file:///usr/share/code/resources/app/out/vs/code/electron-utility/sharedProcess/sharedProcessMain.js:74:63578)
2025-12-04 14:40:06.846 [error] Error: Unable to read file '/home/tellez/.vscode/extensions/ms-python.black-formatter-2024.0.1/package.json' (Error: Unable to resolve nonexistent file '/home/tellez/.vscode/extensions/ms-python.black-formatter-2024.0.1/package.json')
    at Qh.G (file:///usr/share/code/resources/app/out/vs/code/electron-utility/sharedProcess/sharedProcessMain.js:74:89877)
    at Qh.F (file:///usr/share/code/resources/app/out/vs/code/electron-utility/sharedProcess/sharedProcessMain.js:74:89702)
    at async Qh.C (file:///usr/share/code/resources/app/out/vs/code/electron-utility/sharedProcess/sharedProcessMain.js:74:89074)
    at async xa.t (file:///usr/share/code/resources/app/out/vs/code/electron-utility/sharedProcess/sharedProcessMain.js:74:45884)
    at async xa.scanExtension (file:///usr/share/code/resources/app/out/vs/code/electron-utility/sharedProcess/sharedProcessMain.js:74:44391)
    at async Promise.all (index 24)
    at async xa.q (file:///usr/share/code/resources/app/out/vs/code/electron-utility/sharedProcess/sharedProcessMain.js:74:42817)
    at async Sf.scanAllUserExtensions (file:///usr/share/code/resources/app/out/vs/code/electron-utility/sharedProcess/sharedProcessMain.js:74:35677)
    at async Gh.scanAllUserExtensions (file:///usr/share/code/resources/app/out/vs/code/electron-utility/sharedProcess/sharedProcessMain.js:74:69775)
    at async Y9.H (file:///usr/share/code/resources/app/out/vs/code/electron-utility/sharedProcess/sharedProcessMain.js:74:59589)
    at async Y9.r (file:///usr/share/code/resources/app/out/vs/code/electron-utility/sharedProcess/sharedProcessMain.js:74:57484)
