2025-12-04 09:42:01.167 [info] Configuration changed
2025-12-04 09:42:01.180 [info] Configuration changed
2025-12-04 09:42:01.188 [info] Configuration changed
2025-12-04 09:42:01.198 [info] Configuration changed
2025-12-04 09:42:01.207 [info] Configuration changed
2025-12-04 09:42:01.227 [info] Configuration changed
2025-12-04 09:42:02.905 [info] Configuration changed
2025-12-04 09:42:03.131 [info] Configuration changed
2025-12-04 09:42:03.276 [info] Active editor: vscode-remote://attached-container%2B7b22636f6e7461696e65724e616d65223a222f6475616c646d5f646576227d@ssh-remote%2Bathena1/workspace/src/ddiff/training/regime.py
2025-12-04 09:45:09.191 [info] /workspace/scripts/eval.py closed
2025-12-04 09:45:09.192 [info] /workspace/configs/mnist.yaml closed
2025-12-04 09:45:09.193 [info] /workspace/src/ddiff/geometry/diffuser.py closed
2025-12-04 09:45:09.194 [info] /workspace/src/ddiff/geometry/skew_and_rotation.py closed
2025-12-04 09:45:09.195 [info] /workspace/src/ddiff/geometry/utils.py closed
2025-12-04 13:37:22.187 [info] git/scm0/input closed
2025-12-04 13:37:57.368 [info] /home/tellez/.config/Code/User/settings.json closed
2025-12-04 13:37:58.681 [info] Configuration changed
2025-12-04 13:37:58.925 [info] Configuration changed
2025-12-04 13:37:59.025 [info] Active editor: vscode-remote://attached-container%2B7b22636f6e7461696e65724e616d65223a222f6475616c646d5f646576227d@ssh-remote%2Bathena1/workspace/src/ddiff/training/regime.py
2025-12-04 13:41:03.734 [info] /workspace/configs/mnist.yaml closed
2025-12-04 13:41:03.736 [info] /workspace/scripts/eval.py closed
2025-12-04 13:41:03.737 [info] /workspace/src/ddiff/geometry/diffuser.py closed
2025-12-04 13:41:03.737 [info] /workspace/src/ddiff/geometry/utils.py closed
2025-12-04 13:41:03.738 [info] /workspace/src/ddiff/geometry/skew_and_rotation.py closed
2025-12-04 14:03:38.361 [info] Configuration changed
