2025-12-04 09:41:40.870 [info] Extension host with pid 6416 started
2025-12-04 09:41:40.870 [info] Skipping acquiring lock for /home/tellez/.config/Code/User/workspaceStorage/b2279908319252926b16a4ae64fb350d.
2025-12-04 09:41:40.870 [info] $getCanonicalURI invoked for authority (ssh-remote)
2025-12-04 09:41:40.880 [info] ExtensionService#_doActivateExtension ms-vscode-remote.remote-ssh, startup: false, activationEvent: 'onResolveRemoteAuthority:ssh-remote'
2025-12-04 09:41:40.948 [error] PendingMigrationError: navigator is now a global in nodejs, please see https://aka.ms/vscode-extensions/navigator for additional info on this error.
    at get (file:///usr/share/code/resources/app/out/vs/workbench/api/node/extensionHostProcess.js:402:6611)
    at Object.<anonymous> (/home/tellez/.vscode/extensions/ms-vscode-remote.remote-ssh-0.120.0/out/extension.js:2:486184)
    at 19534 (/home/tellez/.vscode/extensions/ms-vscode-remote.remote-ssh-0.120.0/out/extension.js:2:504894)
    at r (/home/tellez/.vscode/extensions/ms-vscode-remote.remote-ssh-0.120.0/out/extension.js:2:1108387)
    at 92839 (/home/tellez/.vscode/extensions/ms-vscode-remote.remote-ssh-0.120.0/out/extension.js:2:466959)
    at r (/home/tellez/.vscode/extensions/ms-vscode-remote.remote-ssh-0.120.0/out/extension.js:2:1108387)
    at 49424 (/home/tellez/.vscode/extensions/ms-vscode-remote.remote-ssh-0.120.0/out/extension.js:2:465816)
    at r (/home/tellez/.vscode/extensions/ms-vscode-remote.remote-ssh-0.120.0/out/extension.js:2:1108387)
    at 17130 (/home/tellez/.vscode/extensions/ms-vscode-remote.remote-ssh-0.120.0/out/extension.js:2:596135)
    at r (/home/tellez/.vscode/extensions/ms-vscode-remote.remote-ssh-0.120.0/out/extension.js:2:1108387)
    at 87631 (/home/tellez/.vscode/extensions/ms-vscode-remote.remote-ssh-0.120.0/out/extension.js:2:576866)
    at r (/home/tellez/.vscode/extensions/ms-vscode-remote.remote-ssh-0.120.0/out/extension.js:2:1108387)
    at 65861 (/home/tellez/.vscode/extensions/ms-vscode-remote.remote-ssh-0.120.0/out/extension.js:2:600705)
    at r (/home/tellez/.vscode/extensions/ms-vscode-remote.remote-ssh-0.120.0/out/extension.js:2:1108387)
    at 91577 (/home/tellez/.vscode/extensions/ms-vscode-remote.remote-ssh-0.120.0/out/extension.js:2:856974)
    at r (/home/tellez/.vscode/extensions/ms-vscode-remote.remote-ssh-0.120.0/out/extension.js:2:1108387)
    at 94111 (/home/tellez/.vscode/extensions/ms-vscode-remote.remote-ssh-0.120.0/out/extension.js:2:819912)
    at r (/home/tellez/.vscode/extensions/ms-vscode-remote.remote-ssh-0.120.0/out/extension.js:2:1108387)
    at 35187 (/home/tellez/.vscode/extensions/ms-vscode-remote.remote-ssh-0.120.0/out/extension.js:2:690327)
    at r (/home/tellez/.vscode/extensions/ms-vscode-remote.remote-ssh-0.120.0/out/extension.js:2:1108387)
    at 64417 (/home/tellez/.vscode/extensions/ms-vscode-remote.remote-ssh-0.120.0/out/extension.js:2:846572)
    at r (/home/tellez/.vscode/extensions/ms-vscode-remote.remote-ssh-0.120.0/out/extension.js:2:1108387)
    at 24847 (/home/tellez/.vscode/extensions/ms-vscode-remote.remote-ssh-0.120.0/out/extension.js:2:828930)
    at r (/home/tellez/.vscode/extensions/ms-vscode-remote.remote-ssh-0.120.0/out/extension.js:2:1108387)
    at 54788 (/home/tellez/.vscode/extensions/ms-vscode-remote.remote-ssh-0.120.0/out/extension.js:2:788284)
    at r (/home/tellez/.vscode/extensions/ms-vscode-remote.remote-ssh-0.120.0/out/extension.js:2:1108387)
    at 30729 (/home/tellez/.vscode/extensions/ms-vscode-remote.remote-ssh-0.120.0/out/extension.js:2:682648)
    at r (/home/tellez/.vscode/extensions/ms-vscode-remote.remote-ssh-0.120.0/out/extension.js:2:1108387)
    at 24430 (/home/tellez/.vscode/extensions/ms-vscode-remote.remote-ssh-0.120.0/out/extension.js:2:837945)
    at r (/home/tellez/.vscode/extensions/ms-vscode-remote.remote-ssh-0.120.0/out/extension.js:2:1108387)
    at 52584 (/home/tellez/.vscode/extensions/ms-vscode-remote.remote-ssh-0.120.0/out/extension.js:2:811300)
    at r (/home/tellez/.vscode/extensions/ms-vscode-remote.remote-ssh-0.120.0/out/extension.js:2:1108387)
    at 69480 (/home/tellez/.vscode/extensions/ms-vscode-remote.remote-ssh-0.120.0/out/extension.js:2:800490)
    at r (/home/tellez/.vscode/extensions/ms-vscode-remote.remote-ssh-0.120.0/out/extension.js:2:1108387)
    at 71535 (/home/tellez/.vscode/extensions/ms-vscode-remote.remote-ssh-0.120.0/out/extension.js:2:680397)
    at r (/home/tellez/.vscode/extensions/ms-vscode-remote.remote-ssh-0.120.0/out/extension.js:2:1108387)
    at /home/tellez/.vscode/extensions/ms-vscode-remote.remote-ssh-0.120.0/out/extension.js:2:1109251
    at /home/tellez/.vscode/extensions/ms-vscode-remote.remote-ssh-0.120.0/out/extension.js:2:1117584
    at Object.<anonymous> (/home/tellez/.vscode/extensions/ms-vscode-remote.remote-ssh-0.120.0/out/extension.js:2:1117690)
    at Module._compile (node:internal/modules/cjs/loader:1714:14)
    at Module._extensions..js (node:internal/modules/cjs/loader:1848:10)
    at Module.load (node:internal/modules/cjs/loader:1448:32)
    at Module._load (node:internal/modules/cjs/loader:1270:12)
    at c._load (node:electron/js2c/node_init:2:17993)
    at e._load (file:///usr/share/code/resources/app/out/vs/workbench/api/node/extensionHostProcess.js:402:5984)
    at t._load (file:///usr/share/code/resources/app/out/vs/workbench/api/node/extensionHostProcess.js:220:22582)
    at r._load (file:///usr/share/code/resources/app/out/vs/workbench/api/node/extensionHostProcess.js:212:24094)
    at TracingChannel.traceSync (node:diagnostics_channel:322:14)
    at wrapModuleLoad (node:internal/modules/cjs/loader:244:24)
    at Module.require (node:internal/modules/cjs/loader:1470:12)
    at require (node:internal/modules/helpers:147:16)
    at kX.Cb (file:///usr/share/code/resources/app/out/vs/workbench/api/node/extensionHostProcess.js:251:1253)
2025-12-04 09:41:41.075 [error] PendingMigrationError: navigator is now a global in nodejs, please see https://aka.ms/vscode-extensions/navigator for additional info on this error.
    at get (file:///usr/share/code/resources/app/out/vs/workbench/api/node/extensionHostProcess.js:402:6611)
    at g (/home/tellez/.vscode/extensions/ms-vscode-remote.remote-ssh-0.120.0/out/extension.js:2:283829)
    at /home/tellez/.vscode/extensions/ms-vscode-remote.remote-ssh-0.120.0/out/extension.js:2:283674
    at r (/home/tellez/.vscode/extensions/ms-vscode-remote.remote-ssh-0.120.0/out/extension.js:2:285048)
    at /home/tellez/.vscode/extensions/ms-vscode-remote.remote-ssh-0.120.0/out/extension.js:2:285217
    at Object.get (/home/tellez/.vscode/extensions/ms-vscode-remote.remote-ssh-0.120.0/out/extension.js:2:284567)
    at _ (/home/tellez/.vscode/extensions/ms-vscode-remote.remote-ssh-0.120.0/out/extension.js:2:284134)
    at O (/home/tellez/.vscode/extensions/ms-vscode-remote.remote-ssh-0.120.0/out/extension.js:2:229826)
    at /home/tellez/.vscode/extensions/ms-vscode-remote.remote-ssh-0.120.0/out/extension.js:2:163430
    at Object.p [as use] (/home/tellez/.vscode/extensions/ms-vscode-remote.remote-ssh-0.120.0/out/extension.js:2:205291)
    at /home/tellez/.vscode/extensions/ms-vscode-remote.remote-ssh-0.120.0/out/extension.js:2:206959
    at s.<computed> [as watch] (/home/tellez/.vscode/extensions/ms-vscode-remote.remote-ssh-0.120.0/out/extension.js:2:206970)
    at B (/home/tellez/.vscode/extensions/ms-vscode-remote.remote-ssh-0.120.0/out/extension.js:2:207589)
    at e.<computed> [as initialize] (/home/tellez/.vscode/extensions/ms-vscode-remote.remote-ssh-0.120.0/out/extension.js:2:162741)
    at e.n [as initialize] (/home/tellez/.vscode/extensions/ms-vscode-remote.remote-ssh-0.120.0/out/extension.js:2:275397)
    at /home/tellez/.vscode/extensions/ms-vscode-remote.remote-ssh-0.120.0/out/extension.js:2:170519
    at g (/home/tellez/.vscode/extensions/ms-vscode-remote.remote-ssh-0.120.0/out/extension.js:2:239634)
    at e.<computed> [as initialize] (/home/tellez/.vscode/extensions/ms-vscode-remote.remote-ssh-0.120.0/out/extension.js:2:169778)
    at t.n [as initialize] (/home/tellez/.vscode/extensions/ms-vscode-remote.remote-ssh-0.120.0/out/extension.js:2:275397)
    at Array.<anonymous> (/home/tellez/.vscode/extensions/ms-vscode-remote.remote-ssh-0.120.0/out/extension.js:2:244943)
    at o (/home/tellez/.vscode/extensions/ms-vscode-remote.remote-ssh-0.120.0/out/extension.js:2:280977)
    at u (/home/tellez/.vscode/extensions/ms-vscode-remote.remote-ssh-0.120.0/out/extension.js:2:244904)
    at ge (/home/tellez/.vscode/extensions/ms-vscode-remote.remote-ssh-0.120.0/out/extension.js:2:213632)
    at e.<computed> (/home/tellez/.vscode/extensions/ms-vscode-remote.remote-ssh-0.120.0/out/extension.js:2:216146)
    at Object.initialize (/home/tellez/.vscode/extensions/ms-vscode-remote.remote-ssh-0.120.0/out/extension.js:2:276131)
    at /home/tellez/.vscode/extensions/ms-vscode-remote.remote-ssh-0.120.0/out/extension.js:2:140366
    at g (/home/tellez/.vscode/extensions/ms-vscode-remote.remote-ssh-0.120.0/out/extension.js:2:239634)
    at e.<computed> [as initialize] (/home/tellez/.vscode/extensions/ms-vscode-remote.remote-ssh-0.120.0/out/extension.js:2:140291)
    at t.n [as initialize] (/home/tellez/.vscode/extensions/ms-vscode-remote.remote-ssh-0.120.0/out/extension.js:2:275397)
    at /home/tellez/.vscode/extensions/ms-vscode-remote.remote-ssh-0.120.0/out/extension.js:2:339701
    at async t.oneDataSystemClientFactory (/home/tellez/.vscode/extensions/ms-vscode-remote.remote-ssh-0.120.0/out/extension.js:2:339100)
2025-12-04 09:41:41.091 [info] [resolveAuthority(ssh-remote,1)][1ms] activating remote resolvers ssh-remote+athena3
2025-12-04 09:41:41.091 [info] [resolveAuthority(ssh-remote,1)][1ms] activating resolver for ssh-remote+athena3...
2025-12-04 09:41:41.091 [info] [resolveAuthority(ssh-remote,1)][1ms] invoking final resolve()...
2025-12-04 09:41:42.091 [info] [resolveAuthority(ssh-remote,1)][1001ms] waiting...
2025-12-04 09:41:43.092 [info] [resolveAuthority(ssh-remote,1)][2002ms] waiting...
2025-12-04 09:41:44.094 [info] [resolveAuthority(ssh-remote,1)][3004ms] waiting...
2025-12-04 09:41:45.099 [info] [resolveAuthority(ssh-remote,1)][4009ms] waiting...
2025-12-04 09:41:46.101 [info] [resolveAuthority(ssh-remote,1)][5011ms] waiting...
2025-12-04 09:41:47.103 [info] [resolveAuthority(ssh-remote,1)][6013ms] waiting...
2025-12-04 09:41:48.105 [info] [resolveAuthority(ssh-remote,1)][7015ms] waiting...
2025-12-04 09:41:49.110 [info] [resolveAuthority(ssh-remote,1)][8020ms] waiting...
2025-12-04 09:41:50.112 [info] [resolveAuthority(ssh-remote,1)][9022ms] waiting...
2025-12-04 09:41:51.113 [info] [resolveAuthority(ssh-remote,1)][10023ms] waiting...
2025-12-04 09:41:52.115 [info] [resolveAuthority(ssh-remote,1)][11025ms] waiting...
2025-12-04 09:41:53.120 [info] [resolveAuthority(ssh-remote,1)][12030ms] waiting...
2025-12-04 09:41:54.122 [info] [resolveAuthority(ssh-remote,1)][13032ms] waiting...
2025-12-04 09:41:55.127 [info] [resolveAuthority(ssh-remote,1)][14037ms] waiting...
2025-12-04 09:41:56.129 [info] [resolveAuthority(ssh-remote,1)][15039ms] waiting...
2025-12-04 09:41:57.134 [info] [resolveAuthority(ssh-remote,1)][16044ms] waiting...
2025-12-04 09:41:58.136 [info] [resolveAuthority(ssh-remote,1)][17046ms] waiting...
2025-12-04 09:41:59.142 [info] [resolveAuthority(ssh-remote,1)][18052ms] waiting...
2025-12-04 09:42:00.144 [info] [resolveAuthority(ssh-remote,1)][19054ms] waiting...
2025-12-04 09:42:01.148 [info] [resolveAuthority(ssh-remote,1)][20058ms] waiting...
2025-12-04 09:42:02.149 [info] [resolveAuthority(ssh-remote,1)][21059ms] waiting...
2025-12-04 09:42:03.154 [info] [resolveAuthority(ssh-remote,1)][22064ms] waiting...
2025-12-04 09:42:04.157 [info] [resolveAuthority(ssh-remote,1)][23067ms] waiting...
2025-12-04 09:42:05.162 [info] [resolveAuthority(ssh-remote,1)][24072ms] waiting...
2025-12-04 09:42:06.164 [info] [resolveAuthority(ssh-remote,1)][25074ms] waiting...
2025-12-04 09:42:07.169 [info] [resolveAuthority(ssh-remote,1)][26079ms] waiting...
2025-12-04 09:42:08.173 [info] [resolveAuthority(ssh-remote,1)][27083ms] waiting...
2025-12-04 09:42:09.178 [info] [resolveAuthority(ssh-remote,1)][28088ms] waiting...
2025-12-04 09:42:10.180 [info] [resolveAuthority(ssh-remote,1)][29090ms] waiting...
2025-12-04 09:42:11.181 [info] [resolveAuthority(ssh-remote,1)][30091ms] waiting...
2025-12-04 09:42:12.183 [info] [resolveAuthority(ssh-remote,1)][31093ms] waiting...
2025-12-04 09:42:13.188 [info] [resolveAuthority(ssh-remote,1)][32098ms] waiting...
2025-12-04 09:42:14.191 [info] [resolveAuthority(ssh-remote,1)][33101ms] waiting...
2025-12-04 09:42:15.196 [info] [resolveAuthority(ssh-remote,1)][34106ms] waiting...
2025-12-04 09:42:16.198 [info] [resolveAuthority(ssh-remote,1)][35108ms] waiting...
2025-12-04 09:42:17.203 [info] [resolveAuthority(ssh-remote,1)][36113ms] waiting...
2025-12-04 09:42:18.206 [info] [resolveAuthority(ssh-remote,1)][37116ms] waiting...
2025-12-04 09:42:19.208 [info] [resolveAuthority(ssh-remote,1)][38118ms] waiting...
2025-12-04 09:42:20.209 [info] [resolveAuthority(ssh-remote,1)][39119ms] waiting...
2025-12-04 09:42:21.215 [info] [resolveAuthority(ssh-remote,1)][40125ms] waiting...
2025-12-04 09:42:22.216 [info] [resolveAuthority(ssh-remote,1)][41126ms] waiting...
2025-12-04 09:42:23.221 [info] [resolveAuthority(ssh-remote,1)][42131ms] waiting...
2025-12-04 09:42:24.223 [info] [resolveAuthority(ssh-remote,1)][43133ms] waiting...
2025-12-04 09:42:25.229 [info] [resolveAuthority(ssh-remote,1)][44139ms] waiting...
2025-12-04 09:42:26.231 [info] [resolveAuthority(ssh-remote,1)][45141ms] waiting...
2025-12-04 09:42:27.233 [info] [resolveAuthority(ssh-remote,1)][46143ms] waiting...
2025-12-04 09:42:28.235 [info] [resolveAuthority(ssh-remote,1)][47145ms] waiting...
2025-12-04 09:42:29.241 [info] [resolveAuthority(ssh-remote,1)][48151ms] waiting...
2025-12-04 09:42:30.242 [info] [resolveAuthority(ssh-remote,1)][49152ms] waiting...
2025-12-04 09:42:31.247 [info] [resolveAuthority(ssh-remote,1)][50157ms] waiting...
2025-12-04 09:42:32.250 [info] [resolveAuthority(ssh-remote,1)][51160ms] waiting...
2025-12-04 09:42:33.254 [info] [resolveAuthority(ssh-remote,1)][52164ms] waiting...
2025-12-04 09:42:34.258 [info] [resolveAuthority(ssh-remote,1)][53168ms] waiting...
2025-12-04 09:42:35.258 [info] [resolveAuthority(ssh-remote,1)][54168ms] waiting...
2025-12-04 09:42:36.261 [info] [resolveAuthority(ssh-remote,1)][55171ms] waiting...
2025-12-04 09:42:37.266 [info] [resolveAuthority(ssh-remote,1)][56176ms] waiting...
2025-12-04 09:42:38.269 [info] [resolveAuthority(ssh-remote,1)][57179ms] waiting...
2025-12-04 09:42:39.274 [info] [resolveAuthority(ssh-remote,1)][58184ms] waiting...
2025-12-04 09:42:40.277 [info] [resolveAuthority(ssh-remote,1)][59187ms] waiting...
2025-12-04 09:42:41.278 [info] [resolveAuthority(ssh-remote,1)][60188ms] waiting...
2025-12-04 09:42:42.281 [info] [resolveAuthority(ssh-remote,1)][61191ms] waiting...
2025-12-04 09:42:43.282 [info] [resolveAuthority(ssh-remote,1)][62192ms] waiting...
2025-12-04 09:42:44.286 [info] [resolveAuthority(ssh-remote,1)][63196ms] waiting...
2025-12-04 09:42:45.291 [info] [resolveAuthority(ssh-remote,1)][64201ms] waiting...
2025-12-04 09:42:46.295 [info] [resolveAuthority(ssh-remote,1)][65205ms] waiting...
2025-12-04 09:42:47.298 [info] [resolveAuthority(ssh-remote,1)][66208ms] waiting...
2025-12-04 09:42:48.302 [info] [resolveAuthority(ssh-remote,1)][67212ms] waiting...
2025-12-04 09:42:49.306 [info] [resolveAuthority(ssh-remote,1)][68216ms] waiting...
2025-12-04 09:42:50.309 [info] [resolveAuthority(ssh-remote,1)][69219ms] waiting...
2025-12-04 09:42:51.310 [info] [resolveAuthority(ssh-remote,1)][70220ms] waiting...
2025-12-04 09:42:52.314 [info] [resolveAuthority(ssh-remote,1)][71224ms] waiting...
2025-12-04 09:42:53.318 [info] [resolveAuthority(ssh-remote,1)][72228ms] waiting...
2025-12-04 09:42:54.321 [info] [resolveAuthority(ssh-remote,1)][73231ms] waiting...
2025-12-04 09:42:55.322 [info] [resolveAuthority(ssh-remote,1)][74232ms] waiting...
2025-12-04 09:42:55.500 [info] [resolveAuthority(ssh-remote,1)][74410ms] setting tunnel factory...
2025-12-04 09:42:55.500 [info] [resolveAuthority(ssh-remote,1)][74410ms] returned managed authority
2025-12-04 09:42:56.457 [info] ExtensionService#_doActivateExtension wayou.vscode-todo-highlight, startup: true, activationEvent: '*'
2025-12-04 09:42:56.458 [info] ExtensionService#_doActivateExtension vscode.github-authentication, startup: false, activationEvent: 'onAuthenticationRequest:github'
2025-12-04 09:42:56.487 [info] ExtensionService#_doActivateExtension ms-vscode.remote-explorer, startup: false, activationEvent: 'onCommand:remote-internal.setActiveFolders'
2025-12-04 09:42:57.308 [info] ExtensionService#_doActivateExtension ms-vscode.remote-server, startup: false, activationEvent: 'onCommand:remote-tunnels.internal.isAuthenticated'
2025-12-04 09:42:57.758 [info] ExtensionService#_doActivateExtension vscode.microsoft-authentication, startup: false, activationEvent: 'onAuthenticationRequest:microsoft'
2025-12-04 09:42:58.208 [info] Eager extensions activated
2025-12-04 09:42:58.283 [info] ExtensionService#_doActivateExtension Catppuccin.catppuccin-vsc, startup: false, activationEvent: 'onStartupFinished'
2025-12-04 09:42:58.288 [info] ExtensionService#_doActivateExtension Catppuccin.catppuccin-vsc-icons, startup: false, activationEvent: 'onStartupFinished'
2025-12-04 09:42:58.421 [info] ExtensionService#_doActivateExtension monokai.theme-monokai-pro-vscode, startup: false, activationEvent: 'onStartupFinished'
2025-12-04 09:42:58.424 [info] ExtensionService#_doActivateExtension ms-vscode-remote.remote-containers, startup: false, activationEvent: 'onStartupFinished'
2025-12-04 09:42:58.600 [info] ExtensionService#_doActivateExtension ms-vscode-remote.remote-wsl, startup: false, activationEvent: 'onStartupFinished'
2025-12-04 09:42:58.722 [info] ExtensionService#_doActivateExtension vscodevim.vim, startup: false, activationEvent: 'onStartupFinished'
2025-12-04 09:50:51.790 [info] $getCanonicalURI invoked for authority (ssh-remote)
2025-12-04 10:53:31.555 [info] Extension host terminating: renderer closed the MessagePort
2025-12-04 10:53:31.587 [error] TypeError: r.some is not a function
	at h.saveToDisk (/home/tellez/.vscode/extensions/vscodevim.vim-1.32.2/out/extension.js:2:654792)
	at t.deactivate (/home/tellez/.vscode/extensions/vscodevim.vim-1.32.2/out/extension.js:2:792692)
	at kX.eb (file:///usr/share/code/resources/app/out/vs/workbench/api/node/extensionHostProcess.js:118:11850)
	at file:///usr/share/code/resources/app/out/vs/workbench/api/node/extensionHostProcess.js:118:10000
	at Array.map (<anonymous>)
	at kX.$ (file:///usr/share/code/resources/app/out/vs/workbench/api/node/extensionHostProcess.js:118:9988)
	at kX.terminate (file:///usr/share/code/resources/app/out/vs/workbench/api/node/extensionHostProcess.js:118:10231)
	at nN.terminate (file:///usr/share/code/resources/app/out/vs/workbench/api/node/extensionHostProcess.js:120:914)
	at Fs (file:///usr/share/code/resources/app/out/vs/workbench/api/node/extensionHostProcess.js:402:10411)
	at MessagePortMain.<anonymous> (file:///usr/share/code/resources/app/out/vs/workbench/api/node/extensionHostProcess.js:402:6949)
	at MessagePortMain.emit (node:events:519:28)
	at MessagePortMain._internalPort.emit (node:electron/js2c/utility_init:2:2949)
2025-12-04 10:53:31.588 [info] Extension host with pid 6416 exiting with code 0
