2025-12-04 09:42:01.473 [info] [aebc6443-996d-45c2-90f0-388ff96faa56] Native Broker is only available on Windows and macOS
2025-12-04 09:42:01.564 [info] [getSessions] [all] starting
2025-12-04 09:42:01.564 [info] [getSessions] [all] returned 0 session(s)
2025-12-04 09:42:01.564 [info] [getSessions] [all] starting
2025-12-04 09:42:01.564 [info] [getSessions] [all] returned 0 session(s)
2025-12-04 09:42:01.564 [info] [getSessions] [all] starting
2025-12-04 09:42:01.565 [info] [getSessions] [all] returned 0 session(s)
2025-12-04 09:42:01.570 [info] [getSessions] [46da2f7e-b5ef-422a-88d4-2a7f9de6a0b2/.default email openid] starting
2025-12-04 09:42:01.570 [info] [aebc6443-996d-45c2-90f0-388ff96faa56] Native Broker is only available on Windows and macOS
2025-12-04 09:42:01.574 [info] [getSessions] [46da2f7e-b5ef-422a-88d4-2a7f9de6a0b2/.default email openid] returned 0 session(s)
2025-12-04 09:42:02.544 [info] [getSessions] [499b84ac-1321-427f-aa17-267ca6975798/.default offline_access] starting
2025-12-04 09:42:02.544 [info] [getSessions] [499b84ac-1321-427f-aa17-267ca6975798/.default offline_access] returned 0 session(s)
2025-12-04 13:37:57.425 [info] [aebc6443-996d-45c2-90f0-388ff96faa56] Native Broker is only available on Windows and macOS
2025-12-04 13:37:57.476 [info] [getSessions] [all] starting
2025-12-04 13:37:57.476 [info] [getSessions] [all] returned 0 session(s)
2025-12-04 13:37:57.476 [info] [getSessions] [all] starting
2025-12-04 13:37:57.476 [info] [getSessions] [all] returned 0 session(s)
2025-12-04 13:37:57.476 [info] [getSessions] [all] starting
2025-12-04 13:37:57.476 [info] [getSessions] [all] returned 0 session(s)
2025-12-04 13:37:57.483 [info] [getSessions] [46da2f7e-b5ef-422a-88d4-2a7f9de6a0b2/.default email openid] starting
2025-12-04 13:37:57.483 [info] [aebc6443-996d-45c2-90f0-388ff96faa56] Native Broker is only available on Windows and macOS
2025-12-04 13:37:57.490 [info] [getSessions] [46da2f7e-b5ef-422a-88d4-2a7f9de6a0b2/.default email openid] returned 0 session(s)
2025-12-04 13:37:58.579 [info] [getSessions] [499b84ac-1321-427f-aa17-267ca6975798/.default offline_access] starting
2025-12-04 13:37:58.579 [info] [getSessions] [499b84ac-1321-427f-aa17-267ca6975798/.default offline_access] returned 0 session(s)
