2025-12-04 14:03:46.719 [info] /home/tellez/dotfiles/.config/i3/config_old closed
2025-12-04 14:03:46.762 [info] Configuration changed
2025-12-04 14:03:47.933 [info] Configuration changed
2025-12-04 14:04:24.157 [info] Active editor: file:///home/tellez/dotfiles/.config/i3/config
2025-12-04 14:05:31.008 [info] Active editor: file:///home/tellez/dotfiles/.config/i3/config_old
2025-12-04 14:05:33.763 [info] Executing :w
2025-12-04 14:05:35.634 [info] Active editor: file:///home/tellez/dotfiles/.config/i3/config
2025-12-04 14:05:40.529 [info] Active editor: file:///home/tellez/dotfiles/.config/i3/config_old
2025-12-04 14:05:45.792 [info] Executing :w
2025-12-04 14:08:17.315 [info] Active editor: file:///home/tellez/dotfiles/.config/i3/config
2025-12-04 14:08:25.682 [info] Active editor: file:///home/tellez/dotfiles/.config/i3/config_old
2025-12-04 14:08:32.985 [info] Active editor: file:///home/tellez/dotfiles/.config/i3/config
2025-12-04 14:08:46.590 [info] Active editor: file:///home/tellez/dotfiles/.config/i3/config_old
2025-12-04 14:08:55.148 [info] Executing :w
2025-12-04 14:09:06.654 [info] Active editor: file:///home/tellez/dotfiles/.config/i3/config
2025-12-04 14:09:19.387 [info] Active editor: file:///home/tellez/dotfiles/.config/i3/config_old
2025-12-04 14:09:22.295 [info] Active editor: file:///home/tellez/dotfiles/.config/i3/config
2025-12-04 14:09:27.602 [info] Active editor: file:///home/tellez/dotfiles/.config/i3/config_old
2025-12-04 14:09:44.046 [info] Active editor: file:///home/tellez/dotfiles/.config/i3/config
2025-12-04 14:09:48.463 [info] Active editor: file:///home/tellez/dotfiles/.config/i3/config_old
2025-12-04 14:09:54.469 [info] Executing :w
2025-12-04 14:10:05.395 [info] Active editor: file:///home/tellez/dotfiles/.config/i3/config
2025-12-04 14:10:10.772 [info] Active editor: file:///home/tellez/dotfiles/.config/i3/config_old
2025-12-04 14:10:17.889 [info] Executing :wq
2025-12-04 14:10:17.924 [info] Active editor: file:///home/tellez/dotfiles/.config/i3/config
2025-12-04 14:10:18.103 [info] /home/tellez/dotfiles/.config/i3/config_old closed
2025-12-04 14:10:18.106 [warning] getLineLength() called with out-of-bounds line 267
2025-12-04 14:10:18.106 [warning] getLineLength() called with out-of-bounds line 267
2025-12-04 14:10:24.921 [info] Executing :wq
2025-12-04 14:10:24.954 [info] /home/tellez/dotfiles/.config/i3/config closed
2025-12-04 14:10:24.956 [warning] getLineLength() called with out-of-bounds line 154
2025-12-04 14:10:24.956 [warning] invalid cursor position. [[154, 34] | [154, 34]].
2025-12-04 14:10:47.852 [info] Active editor: file:///home/tellez/dotfiles/.config/i3/config
2025-12-04 14:10:48.657 [info] /home/tellez/dotfiles/.config/i3/config closed
2025-12-04 14:10:53.707 [info] Executing :wq
2025-12-04 14:10:53.728 [info] /home/tellez/dotfiles/.config/i3/config closed
2025-12-04 14:10:53.729 [warning] getLineLength() called with out-of-bounds line 45
2025-12-04 14:10:53.729 [warning] getLineLength() called with out-of-bounds line 45
