2025-12-04 12:03:27.581 [info] [aebc6443-996d-45c2-90f0-388ff96faa56] Native Broker is only available on Windows and macOS
2025-12-04 12:03:27.581 [info] [getSessions] [all] starting
2025-12-04 12:03:27.581 [info] [getSessions] [all] returned 0 session(s)
2025-12-04 12:03:27.581 [info] [getSessions] [all] starting
2025-12-04 12:03:27.581 [info] [getSessions] [all] returned 0 session(s)
2025-12-04 12:03:27.581 [info] [getSessions] [all] starting
2025-12-04 12:03:27.581 [info] [getSessions] [all] returned 0 session(s)
2025-12-04 12:03:27.581 [info] [getSessions] [499b84ac-1321-427f-aa17-267ca6975798/.default offline_access] starting
2025-12-04 12:03:27.581 [info] [aebc6443-996d-45c2-90f0-388ff96faa56] Native Broker is only available on Windows and macOS
2025-12-04 12:03:27.581 [info] [getSessions] [499b84ac-1321-427f-aa17-267ca6975798/.default offline_access] returned 0 session(s)
2025-12-04 12:03:29.169 [info] [getSessions] [all] starting
2025-12-04 12:03:29.169 [info] [getSessions] [all] returned 0 session(s)
2025-12-04 12:03:30.813 [info] [getSessions] [46da2f7e-b5ef-422a-88d4-2a7f9de6a0b2/.default email openid] starting
2025-12-04 12:03:30.814 [info] [getSessions] [46da2f7e-b5ef-422a-88d4-2a7f9de6a0b2/.default email openid] returned 0 session(s)
2025-12-04 12:03:44.105 [info] [aebc6443-996d-45c2-90f0-388ff96faa56] Native Broker is only available on Windows and macOS
2025-12-04 12:03:44.119 [info] [getSessions] [all] starting
2025-12-04 12:03:44.119 [info] [getSessions] [all] returned 0 session(s)
2025-12-04 12:03:44.119 [info] [getSessions] [all] starting
2025-12-04 12:03:44.119 [info] [getSessions] [all] returned 0 session(s)
2025-12-04 12:03:44.119 [info] [getSessions] [all] starting
2025-12-04 12:03:44.119 [info] [getSessions] [all] returned 0 session(s)
2025-12-04 12:03:44.120 [info] [getSessions] [46da2f7e-b5ef-422a-88d4-2a7f9de6a0b2/.default email openid] starting
2025-12-04 12:03:44.120 [info] [aebc6443-996d-45c2-90f0-388ff96faa56] Native Broker is only available on Windows and macOS
2025-12-04 12:03:44.122 [info] [getSessions] [46da2f7e-b5ef-422a-88d4-2a7f9de6a0b2/.default email openid] returned 0 session(s)
2025-12-04 12:03:45.124 [info] [getSessions] [499b84ac-1321-427f-aa17-267ca6975798/.default offline_access] starting
2025-12-04 12:03:45.124 [info] [getSessions] [499b84ac-1321-427f-aa17-267ca6975798/.default offline_access] returned 0 session(s)
