[1764855594284] INFO  (ext): SQLTools is starting
[1764855594287] INFO  (ext): initializing language client...
[1764855594290] INFO  (ext): Registering client for languages [{"scheme":"sqltools"},{"language":"sql","scheme":"untitled"},{"language":"sql","scheme":"file"},{"language":"sql","scheme":"sqltools"}]
    ns: "lc"
[1764855594296] INFO  (ext): loading plugins...
[1764855594296] INFO  (ext): registering Formatter Plugin.
    plugin: {
      "name": "Formatter Plugin"
    }
[1764855594303] INFO  (ext): registering Connection Manager Plugin.
    plugin: {
      "name": "Connection Manager Plugin"
    }
[1764855594303] INFO  (ext): registering CodeLens Plugin.
    plugin: {
      "name": "CodeLens Plugin",
      "registeredLanguages": []
    }
[1764855594304] INFO  (ext): registering Dependency Manager Plugin.
    plugin: {
      "name": "Dependency Manager Plugin",
      "installingDrivers": []
    }
[1764855594307] INFO  (ext): Connection explorer changed. Will be updated.
    ns: "conn-man:explorer"
[1764855594307] INFO  (ext): registering History Manager Plugin.
    plugin: {
      "name": "History Manager Plugin"
    }
[1764855594308] INFO  (ext): registering Bookmarks Manager Plugin.
    plugin: {
      "name": "Bookmarks Manager Plugin"
    }
[1764855594310] INFO  (ext): registering Authentication Provider Plugin.
    plugin: {
      "name": "Authentication Provider Plugin",
      "isRegistered": false
    }
[1764855594310] INFO  (ext): registering Object Drop-in Provider (plugin).
    plugin: {
      "type": "plugin",
      "name": "Object Drop-in Provider",
      "isRegistered": false
    }
[1764855594312] INFO  (ext): SQLTools activation completed. 27.06688 ms
[1764855594312] INFO  (ext): Formatter Plugin registered!
[1764855594312] INFO  (ext): CodeLens Plugin registered!
[1764855594312] INFO  (ext): Dependency Manager Plugin registered!
[1764855594312] INFO  (ext): Connection Manager Plugin registered!
[1764855594312] INFO  (ext): History Manager Plugin registered!
[1764855594312] INFO  (ext): Bookmarks Manager Plugin registered!
[1764855594312] INFO  (ext): Authentication Provider Plugin registered!
[1764855594312] INFO  (ext): Object Drop-in Provider (plugin) registered!
[1764855594804] INFO  (ls): SQLTools Server started!
===============================
Using node runtime?: no
ExecPath: /usr/share/code/code 
===============================
[1764855594966] INFO  (ext): LanguageClient ready
    ns: "lc"
[1764855594963] INFO  (ls): Initialized with node version:v22.20.0
[1764855595355] INFO  (ext): EXECUTING COMMAND => sqltools.refreshTree
[1764855595355] INFO  (ext): Connection explorer changed. Will be updated.
    ns: "conn-man:explorer"
[1764855597574] INFO  (ext): Connection explorer changed. Will be updated.
    ns: "conn-man:explorer"
[1764855597586] INFO  (ext): Connection explorer changed. Will be updated.
    ns: "conn-man:explorer"
[1764855598057] INFO  (ext): Connection explorer changed. Will be updated.
    ns: "conn-man:explorer"
[1764855598667] INFO  (ext): Connection explorer changed. Will be updated.
    ns: "conn-man:explorer"
[1764855598719] INFO  (ext): Connection explorer changed. Will be updated.
    ns: "conn-man:explorer"
[1764855599796] INFO  (ext): Connection explorer changed. Will be updated.
    ns: "conn-man:explorer"
[1764855600022] INFO  (ext): Connection explorer changed. Will be updated.
    ns: "conn-man:explorer"
