$ /home/tellez/.opam/5.4.0/bin/dune --version
$ /home/tellez/.opam/5.4.0/bin/dune --version
$ /usr/bin/opam --version
$ /usr/bin/opam --version
$ /usr/bin/opam --version
3.20.2
2.1.5
3.20.2
2.1.5


$ /usr/bin/opam var --global root

2.1.5

$ /usr/bin/opam var --global root

$ /usr/bin/opam var --global root
/home/tellez/.opam

/home/tellez/.opam

/home/tellez/.opam

$ /usr/bin/opam switch show --root /home/tellez/.opam
5.4.0

$ /usr/bin/opam switch show --root /home/tellez/.opam
5.4.0

$ /usr/bin/opam exec --switch=5.4.0 --set-switch --root /home/tellez/.opam -- ocamlc -version
5.4.0

$ /usr/bin/opam exec --switch=5.4.0 --set-switch --root /home/tellez/.opam -- ocamllsp --version
1.24.0

