[1764855609363] INFO  (ext): SQLTools is starting
[1764855609365] INFO  (ext): initializing language client...
[1764855609366] INFO  (ext): Registering client for languages [{"scheme":"sqltools"},{"language":"sql","scheme":"untitled"},{"language":"sql","scheme":"file"},{"language":"sql","scheme":"sqltools"}]
    ns: "lc"
[1764855609373] INFO  (ext): loading plugins...
[1764855609373] INFO  (ext): registering Formatter Plugin.
    plugin: {
      "name": "Formatter Plugin"
    }
[1764855609373] INFO  (ext): registering Connection Manager Plugin.
    plugin: {
      "name": "Connection Manager Plugin"
    }
[1764855609374] INFO  (ext): registering CodeLens Plugin.
    plugin: {
      "name": "CodeLens Plugin",
      "registeredLanguages": []
    }
[1764855609375] INFO  (ext): registering Dependency Manager Plugin.
    plugin: {
      "name": "Dependency Manager Plugin",
      "installingDrivers": []
    }
[1764855609378] INFO  (ext): Connection explorer changed. Will be updated.
    ns: "conn-man:explorer"
[1764855609378] INFO  (ext): registering History Manager Plugin.
    plugin: {
      "name": "History Manager Plugin"
    }
[1764855609379] INFO  (ext): registering Bookmarks Manager Plugin.
    plugin: {
      "name": "Bookmarks Manager Plugin"
    }
[1764855609379] INFO  (ext): registering Authentication Provider Plugin.
    plugin: {
      "name": "Authentication Provider Plugin",
      "isRegistered": false
    }
[1764855609380] INFO  (ext): registering Object Drop-in Provider (plugin).
    plugin: {
      "type": "plugin",
      "name": "Object Drop-in Provider",
      "isRegistered": false
    }
[1764855609380] INFO  (ext): SQLTools activation completed. 17.168468 ms
[1764855609381] INFO  (ext): Formatter Plugin registered!
[1764855609381] INFO  (ext): CodeLens Plugin registered!
[1764855609381] INFO  (ext): Dependency Manager Plugin registered!
[1764855609381] INFO  (ext): Connection Manager Plugin registered!
[1764855609381] INFO  (ext): History Manager Plugin registered!
[1764855609381] INFO  (ext): Bookmarks Manager Plugin registered!
[1764855609381] INFO  (ext): Authentication Provider Plugin registered!
[1764855609381] INFO  (ext): Object Drop-in Provider (plugin) registered!
[1764855609667] INFO  (ls): SQLTools Server started!
===============================
Using node runtime?: no
ExecPath: /usr/share/code/code 
===============================
[1764855609757] INFO  (ext): LanguageClient ready
    ns: "lc"
[1764855609754] INFO  (ls): Initialized with node version:v22.20.0
[1764855611532] INFO  (ext): EXECUTING COMMAND => sqltools.refreshTree
[1764855611532] INFO  (ext): Connection explorer changed. Will be updated.
    ns: "conn-man:explorer"
[1764855611533] INFO  (ext): Connection explorer changed. Will be updated.
    ns: "conn-man:explorer"
[1764855612073] INFO  (ext): Connection explorer changed. Will be updated.
    ns: "conn-man:explorer"
[1764855612683] INFO  (ext): Connection explorer changed. Will be updated.
    ns: "conn-man:explorer"
[1764855614026] INFO  (ext): Connection explorer changed. Will be updated.
    ns: "conn-man:explorer"
[1764855614028] INFO  (ext): Connection explorer changed. Will be updated.
    ns: "conn-man:explorer"
[1764855622855] INFO  (ext): Connection explorer changed. Will be updated.
    ns: "conn-man:explorer"
[1764855623512] INFO  (ext): Connection explorer changed. Will be updated.
    ns: "conn-man:explorer"
[1764855624260] INFO  (ext): Connection explorer changed. Will be updated.
    ns: "conn-man:explorer"
[1764855624261] INFO  (ext): Connection explorer changed. Will be updated.
    ns: "conn-man:explorer"
[1764855626405] INFO  (ext): Connection explorer changed. Will be updated.
    ns: "conn-man:explorer"
[1764855627122] INFO  (ext): Connection explorer changed. Will be updated.
    ns: "conn-man:explorer"
[1764855627123] INFO  (ext): Connection explorer changed. Will be updated.
    ns: "conn-man:explorer"
[1764856957500] INFO  (ext): Connection explorer changed. Will be updated.
    ns: "conn-man:explorer"
[1764856959453] INFO  (ext): Connection explorer changed. Will be updated.
    ns: "conn-man:explorer"
[1764856959454] INFO  (ext): Connection explorer changed. Will be updated.
    ns: "conn-man:explorer"
[1764856959925] INFO  (ext): Connection explorer changed. Will be updated.
    ns: "conn-man:explorer"
[1764856959928] INFO  (ext): Connection explorer changed. Will be updated.
    ns: "conn-man:explorer"
[1764856959928] INFO  (ext): Connection explorer changed. Will be updated.
    ns: "conn-man:explorer"
[1764857930822] INFO  (ext): Connection explorer changed. Will be updated.
    ns: "conn-man:explorer"
[1764857937232] INFO  (ext): Connection explorer changed. Will be updated.
    ns: "conn-man:explorer"
