2025-12-04 14:39:55.737 [info] [main] Log level: Info
2025-12-04 14:39:55.737 [info] [main] Validating found git in: "git"
2025-12-04 14:39:55.737 [info] [main] Using git "2.43.0" from "git"
2025-12-04 14:39:55.737 [info] [Model][doInitialScan] Initial repository scan started
2025-12-04 14:39:55.737 [info] > git rev-parse --show-toplevel [116ms]
2025-12-04 14:39:55.737 [info] fatal: not a git repository (or any parent up to mount point /)
Stopping at filesystem boundary (GIT_DISCOVERY_ACROSS_FILESYSTEM not set).
2025-12-04 14:39:55.970 [info] > git rev-parse --show-toplevel [150ms]
2025-12-04 14:39:56.147 [info] > git rev-parse --git-dir --git-common-dir --show-superproject-working-tree [135ms]
2025-12-04 14:39:56.157 [info] [Model][openRepository] Opened repository (path): /home/tellez/.asdf
2025-12-04 14:39:56.157 [info] [Model][openRepository] Opened repository (real path): /home/tellez/.asdf
2025-12-04 14:39:56.157 [info] [Model][openRepository] Opened repository (kind): repository
2025-12-04 14:39:57.585 [info] > git rev-parse --show-toplevel [1408ms]
2025-12-04 14:39:57.585 [info] fatal: not a git repository (or any parent up to mount point /)
Stopping at filesystem boundary (GIT_DISCOVERY_ACROSS_FILESYSTEM not set).
2025-12-04 14:39:57.585 [info] > git config --get commit.template [1413ms]
2025-12-04 14:39:58.013 [info] > git rev-parse --show-toplevel [174ms]
2025-12-04 14:39:58.013 [info] fatal: not a git repository (or any parent up to mount point /)
Stopping at filesystem boundary (GIT_DISCOVERY_ACROSS_FILESYSTEM not set).
2025-12-04 14:39:58.040 [info] > git for-each-ref --format %(refname)%00%(objectname)%00%(*objectname) refs/tags [47ms]
2025-12-04 14:39:58.105 [info] > git rev-parse --show-toplevel [71ms]
2025-12-04 14:39:58.105 [info] fatal: not a git repository (or any parent up to mount point /)
Stopping at filesystem boundary (GIT_DISCOVERY_ACROSS_FILESYSTEM not set).
2025-12-04 14:39:58.158 [info] > git status -z -uall [110ms]
2025-12-04 14:39:58.158 [info] > git check-ignore -v -z --stdin [42ms]
2025-12-04 14:39:58.161 [info] > git for-each-ref --sort -committerdate --format %(refname)%00%(objectname)%00%(*objectname) [105ms]
2025-12-04 14:39:58.290 [info] > git rev-parse --show-toplevel [138ms]
2025-12-04 14:39:58.290 [info] fatal: not a git repository (or any parent up to mount point /)
Stopping at filesystem boundary (GIT_DISCOVERY_ACROSS_FILESYSTEM not set).
2025-12-04 14:39:58.347 [info] > git config --get commit.template [61ms]
2025-12-04 14:39:58.383 [info] > git rev-parse --show-toplevel [45ms]
2025-12-04 14:39:58.383 [info] fatal: not a git repository (or any parent up to mount point /)
Stopping at filesystem boundary (GIT_DISCOVERY_ACROSS_FILESYSTEM not set).
2025-12-04 14:39:58.420 [info] > git rev-parse --show-toplevel [25ms]
2025-12-04 14:39:58.420 [info] fatal: not a git repository (or any parent up to mount point /)
Stopping at filesystem boundary (GIT_DISCOVERY_ACROSS_FILESYSTEM not set).
2025-12-04 14:39:58.420 [info] > git for-each-ref --format %(refname)%00%(objectname)%00%(*objectname) refs/tags [31ms]
2025-12-04 14:39:58.463 [info] > git status -z -uall [38ms]
2025-12-04 14:39:58.463 [info] > git rev-parse --show-toplevel [19ms]
2025-12-04 14:39:58.463 [info] fatal: not a git repository (or any parent up to mount point /)
Stopping at filesystem boundary (GIT_DISCOVERY_ACROSS_FILESYSTEM not set).
2025-12-04 14:39:58.463 [info] > git for-each-ref --sort -committerdate --format %(refname)%00%(objectname)%00%(*objectname) [33ms]
2025-12-04 14:39:58.483 [info] > git rev-parse --show-toplevel [7ms]
2025-12-04 14:39:58.483 [info] fatal: not a git repository (or any parent up to mount point /)
Stopping at filesystem boundary (GIT_DISCOVERY_ACROSS_FILESYSTEM not set).
2025-12-04 14:39:58.494 [info] > git rev-parse --show-toplevel [3ms]
2025-12-04 14:39:58.494 [info] fatal: not a git repository (or any parent up to mount point /)
Stopping at filesystem boundary (GIT_DISCOVERY_ACROSS_FILESYSTEM not set).
2025-12-04 14:39:58.503 [info] > git rev-parse --show-toplevel [3ms]
2025-12-04 14:39:58.503 [info] fatal: not a git repository (or any parent up to mount point /)
Stopping at filesystem boundary (GIT_DISCOVERY_ACROSS_FILESYSTEM not set).
2025-12-04 14:39:58.510 [info] > git rev-parse --show-toplevel [1ms]
2025-12-04 14:39:58.510 [info] fatal: not a git repository (or any parent up to mount point /)
Stopping at filesystem boundary (GIT_DISCOVERY_ACROSS_FILESYSTEM not set).
2025-12-04 14:39:58.520 [info] > git rev-parse --show-toplevel [3ms]
2025-12-04 14:39:58.520 [info] fatal: not a git repository (or any parent up to mount point /)
Stopping at filesystem boundary (GIT_DISCOVERY_ACROSS_FILESYSTEM not set).
2025-12-04 14:39:58.527 [info] > git rev-parse --show-toplevel [1ms]
2025-12-04 14:39:58.527 [info] fatal: not a git repository (or any parent up to mount point /)
Stopping at filesystem boundary (GIT_DISCOVERY_ACROSS_FILESYSTEM not set).
2025-12-04 14:39:58.535 [info] > git rev-parse --show-toplevel [3ms]
2025-12-04 14:39:58.535 [info] fatal: not a git repository (or any parent up to mount point /)
Stopping at filesystem boundary (GIT_DISCOVERY_ACROSS_FILESYSTEM not set).
2025-12-04 14:39:58.555 [info] > git rev-parse --show-toplevel [13ms]
2025-12-04 14:39:58.555 [info] fatal: not a git repository (or any parent up to mount point /)
Stopping at filesystem boundary (GIT_DISCOVERY_ACROSS_FILESYSTEM not set).
2025-12-04 14:39:58.562 [info] > git rev-parse --show-toplevel [1ms]
2025-12-04 14:39:58.562 [info] fatal: not a git repository (or any parent up to mount point /)
Stopping at filesystem boundary (GIT_DISCOVERY_ACROSS_FILESYSTEM not set).
2025-12-04 14:39:58.570 [info] > git rev-parse --show-toplevel [2ms]
2025-12-04 14:39:58.570 [info] fatal: not a git repository (or any parent up to mount point /)
Stopping at filesystem boundary (GIT_DISCOVERY_ACROSS_FILESYSTEM not set).
2025-12-04 14:39:58.577 [info] > git rev-parse --show-toplevel [1ms]
2025-12-04 14:39:58.577 [info] fatal: not a git repository (or any parent up to mount point /)
Stopping at filesystem boundary (GIT_DISCOVERY_ACROSS_FILESYSTEM not set).
2025-12-04 14:39:58.609 [info] > git rev-parse --show-toplevel [25ms]
2025-12-04 14:39:58.634 [info] > git rev-parse --git-dir --git-common-dir --show-superproject-working-tree [4ms]
2025-12-04 14:39:58.638 [info] [Model][openRepository] Opened repository (path): /home/tellez/.nvm
2025-12-04 14:39:58.638 [info] [Model][openRepository] Opened repository (real path): /home/tellez/.nvm
2025-12-04 14:39:58.638 [info] [Model][openRepository] Opened repository (kind): repository
2025-12-04 14:39:58.671 [info] > git rev-parse --show-toplevel [12ms]
2025-12-04 14:39:58.672 [info] > git config --get commit.template [19ms]
2025-12-04 14:39:58.693 [info] > git rev-parse --git-dir --git-common-dir --show-superproject-working-tree [6ms]
2025-12-04 14:39:58.696 [info] [Model][openRepository] Opened repository (path): /home/tellez/.oh-my-zsh
2025-12-04 14:39:58.696 [info] [Model][openRepository] Opened repository (real path): /home/tellez/.oh-my-zsh
2025-12-04 14:39:58.696 [info] [Model][openRepository] Opened repository (kind): repository
2025-12-04 14:39:58.708 [info] > git for-each-ref --format %(refname)%00%(objectname)%00%(*objectname) refs/tags [16ms]
2025-12-04 14:39:58.742 [info] > git status -z -uall [29ms]
2025-12-04 14:39:58.742 [info] > git for-each-ref --sort -committerdate --format %(refname)%00%(objectname)%00%(*objectname) [23ms]
2025-12-04 14:39:58.745 [info] > git rev-parse --show-toplevel [38ms]
2025-12-04 14:39:58.745 [info] fatal: not a git repository (or any parent up to mount point /)
Stopping at filesystem boundary (GIT_DISCOVERY_ACROSS_FILESYSTEM not set).
2025-12-04 14:39:58.745 [info] > git config --get commit.template [43ms]
2025-12-04 14:39:58.775 [info] > git rev-parse --show-toplevel [18ms]
2025-12-04 14:39:58.775 [info] fatal: not a git repository (or any parent up to mount point /)
Stopping at filesystem boundary (GIT_DISCOVERY_ACROSS_FILESYSTEM not set).
2025-12-04 14:39:58.775 [info] > git config --get commit.template [23ms]
2025-12-04 14:39:58.799 [info] > git for-each-ref --format=%(refname)%00%(upstream:short)%00%(objectname)%00%(upstream:track)%00%(upstream:remotename)%00%(upstream:remoteref) refs/heads/master refs/remotes/master [25ms]
2025-12-04 14:39:58.802 [info] > git for-each-ref --format %(refname)%00%(objectname)%00%(*objectname) refs/tags [8ms]
2025-12-04 14:39:58.813 [info] > git rev-parse --show-toplevel [31ms]
2025-12-04 14:39:58.813 [info] fatal: not a git repository (or any parent up to mount point /)
Stopping at filesystem boundary (GIT_DISCOVERY_ACROSS_FILESYSTEM not set).
2025-12-04 14:39:58.819 [info] > git status -z -uall [12ms]
2025-12-04 14:39:58.819 [info] > git for-each-ref --sort -committerdate --format %(refname)%00%(objectname)%00%(*objectname) [7ms]
2025-12-04 14:39:58.823 [info] > git rev-parse --show-toplevel [5ms]
2025-12-04 14:39:58.823 [info] fatal: not a git repository (or any parent up to mount point /)
Stopping at filesystem boundary (GIT_DISCOVERY_ACROSS_FILESYSTEM not set).
2025-12-04 14:39:58.857 [info] > git status -z -uall [27ms]
2025-12-04 14:39:58.857 [info] > git rev-parse --show-toplevel [4ms]
2025-12-04 14:39:58.857 [info] fatal: not a git repository (or any parent up to mount point /)
Stopping at filesystem boundary (GIT_DISCOVERY_ACROSS_FILESYSTEM not set).
2025-12-04 14:39:58.858 [info] > git for-each-ref --sort -committerdate --format %(refname)%00%(objectname)%00%(*objectname) [22ms]
2025-12-04 14:39:59.329 [info] > git for-each-ref --format=%(refname)%00%(upstream:short)%00%(objectname)%00%(upstream:track)%00%(upstream:remotename)%00%(upstream:remoteref) refs/heads/master refs/remotes/master [461ms]
2025-12-04 14:39:59.363 [info] > git check-ignore -v -z --stdin [18ms]
2025-12-04 14:39:59.363 [info] > git check-ignore -v -z --stdin [13ms]
2025-12-04 14:39:59.363 [info] > git check-ignore -v -z --stdin [8ms]
2025-12-04 14:39:59.364 [info] > git config --get --local branch.master.vscode-merge-base [28ms]
2025-12-04 14:39:59.364 [warning] [Git][config] git config failed: Failed to execute git
2025-12-04 14:39:59.370 [info] > git config --get commit.template [43ms]
2025-12-04 14:39:59.370 [info] > git rev-parse --show-toplevel [49ms]
2025-12-04 14:39:59.370 [info] fatal: not a git repository (or any parent up to mount point /)
Stopping at filesystem boundary (GIT_DISCOVERY_ACROSS_FILESYSTEM not set).
2025-12-04 14:39:59.406 [info] > git reflog master --grep-reflog=branch: Created from *. [36ms]
2025-12-04 14:39:59.436 [info] > git for-each-ref --format=%(refname)%00%(upstream:short)%00%(objectname)%00%(upstream:track)%00%(upstream:remotename)%00%(upstream:remoteref) refs/heads/origin/master refs/remotes/origin/master [25ms]
2025-12-04 14:39:59.442 [info] > git rev-parse --show-toplevel [37ms]
2025-12-04 14:39:59.442 [info] fatal: not a git repository (or any parent up to mount point /)
Stopping at filesystem boundary (GIT_DISCOVERY_ACROSS_FILESYSTEM not set).
2025-12-04 14:39:59.450 [info] > git config --add --local branch.master.vscode-merge-base origin/master [8ms]
2025-12-04 14:39:59.450 [info] > git for-each-ref --format=%(refname)%00%(upstream:short)%00%(objectname)%00%(upstream:track)%00%(upstream:remotename)%00%(upstream:remoteref) refs/heads/master refs/remotes/master [15ms]
2025-12-04 14:39:59.457 [info] > git rev-parse --show-toplevel [8ms]
2025-12-04 14:39:59.457 [info] fatal: not a git repository (or any parent up to mount point /)
Stopping at filesystem boundary (GIT_DISCOVERY_ACROSS_FILESYSTEM not set).
2025-12-04 14:39:59.477 [info] > git config --get commit.template [19ms]
2025-12-04 14:39:59.479 [info] > git rev-parse --show-toplevel [4ms]
2025-12-04 14:39:59.479 [info] fatal: not a git repository (or any parent up to mount point /)
Stopping at filesystem boundary (GIT_DISCOVERY_ACROSS_FILESYSTEM not set).
2025-12-04 14:39:59.493 [info] > git for-each-ref --format=%(refname)%00%(upstream:short)%00%(objectname)%00%(upstream:track)%00%(upstream:remotename)%00%(upstream:remoteref) refs/heads/master refs/remotes/master [8ms]
2025-12-04 14:39:59.508 [info] > git rev-parse --show-toplevel [16ms]
2025-12-04 14:39:59.508 [info] fatal: not a git repository (or any parent up to mount point /)
Stopping at filesystem boundary (GIT_DISCOVERY_ACROSS_FILESYSTEM not set).
2025-12-04 14:39:59.517 [info] > git rev-parse --show-toplevel [3ms]
2025-12-04 14:39:59.517 [info] fatal: not a git repository (or any parent up to mount point /)
Stopping at filesystem boundary (GIT_DISCOVERY_ACROSS_FILESYSTEM not set).
2025-12-04 14:39:59.547 [info] > git status -z -uall [24ms]
2025-12-04 14:39:59.547 [info] > git for-each-ref --sort -committerdate --format %(refname)%00%(objectname)%00%(*objectname) [19ms]
2025-12-04 14:39:59.568 [info] > git merge-base refs/heads/master refs/remotes/origin/master [4ms]
2025-12-04 14:39:59.574 [info] > git merge-base refs/heads/master refs/remotes/origin/master [18ms]
2025-12-04 14:39:59.581 [info] > git rev-parse --show-toplevel [48ms]
2025-12-04 14:39:59.581 [info] fatal: not a git repository (or any parent up to mount point /)
Stopping at filesystem boundary (GIT_DISCOVERY_ACROSS_FILESYSTEM not set).
2025-12-04 14:39:59.588 [info] > git diff --name-status -z --diff-filter=ADMR --find-renames=50% beadd56dd75e8a40fe0a7d4a5d63ed5bf9efcd48...refs/remotes/origin/master -- [8ms]
2025-12-04 14:39:59.589 [info] > git diff --name-status -z --diff-filter=ADMR --find-renames=50% beadd56dd75e8a40fe0a7d4a5d63ed5bf9efcd48...refs/remotes/origin/master -- [15ms]
2025-12-04 14:39:59.591 [info] > git rev-parse --show-toplevel [3ms]
2025-12-04 14:39:59.591 [info] fatal: not a git repository (or any parent up to mount point /)
Stopping at filesystem boundary (GIT_DISCOVERY_ACROSS_FILESYSTEM not set).
2025-12-04 14:39:59.610 [info] > git rev-parse --show-toplevel [2ms]
2025-12-04 14:39:59.610 [info] fatal: not a git repository (or any parent up to mount point /)
Stopping at filesystem boundary (GIT_DISCOVERY_ACROSS_FILESYSTEM not set).
2025-12-04 14:39:59.637 [info] > git rev-parse --show-toplevel [21ms]
2025-12-04 14:39:59.637 [info] fatal: not a git repository (or any parent up to mount point /)
Stopping at filesystem boundary (GIT_DISCOVERY_ACROSS_FILESYSTEM not set).
2025-12-04 14:39:59.650 [info] > git rev-parse --show-toplevel [6ms]
2025-12-04 14:39:59.650 [info] fatal: not a git repository (or any parent up to mount point /)
Stopping at filesystem boundary (GIT_DISCOVERY_ACROSS_FILESYSTEM not set).
2025-12-04 14:39:59.696 [info] > git rev-parse --show-toplevel [9ms]
2025-12-04 14:39:59.696 [info] fatal: not a git repository (or any parent up to mount point /)
Stopping at filesystem boundary (GIT_DISCOVERY_ACROSS_FILESYSTEM not set).
2025-12-04 14:39:59.714 [info] > git rev-parse --show-toplevel [3ms]
2025-12-04 14:39:59.714 [info] fatal: not a git repository (or any parent up to mount point /)
Stopping at filesystem boundary (GIT_DISCOVERY_ACROSS_FILESYSTEM not set).
2025-12-04 14:39:59.723 [info] > git rev-parse --show-toplevel [1ms]
2025-12-04 14:39:59.723 [info] fatal: not a git repository (or any parent up to mount point /)
Stopping at filesystem boundary (GIT_DISCOVERY_ACROSS_FILESYSTEM not set).
2025-12-04 14:39:59.740 [info] > git rev-parse --show-toplevel [11ms]
2025-12-04 14:39:59.740 [info] fatal: not a git repository (or any parent up to mount point /)
Stopping at filesystem boundary (GIT_DISCOVERY_ACROSS_FILESYSTEM not set).
2025-12-04 14:39:59.749 [info] > git rev-parse --show-toplevel [2ms]
2025-12-04 14:39:59.765 [info] > git rev-parse --git-dir --git-common-dir --show-superproject-working-tree [9ms]
2025-12-04 14:39:59.770 [info] [Model][openRepository] Opened repository (path): /home/tellez/ObsidianVault
2025-12-04 14:39:59.770 [info] [Model][openRepository] Opened repository (real path): /home/tellez/ObsidianVault
2025-12-04 14:39:59.770 [info] [Model][openRepository] Opened repository (kind): repository
2025-12-04 14:39:59.798 [info] > git rev-parse --show-toplevel [10ms]
2025-12-04 14:39:59.798 [info] fatal: not a git repository (or any parent up to mount point /)
Stopping at filesystem boundary (GIT_DISCOVERY_ACROSS_FILESYSTEM not set).
2025-12-04 14:39:59.799 [info] > git config --get commit.template [19ms]
2025-12-04 14:39:59.816 [info] > git for-each-ref --format=%(refname)%00%(upstream:short)%00%(objectname)%00%(upstream:track)%00%(upstream:remotename)%00%(upstream:remoteref) refs/heads/main refs/remotes/main [2ms]
2025-12-04 14:39:59.828 [info] > git rev-parse --show-toplevel [20ms]
2025-12-04 14:39:59.828 [info] fatal: not a git repository (or any parent up to mount point /)
Stopping at filesystem boundary (GIT_DISCOVERY_ACROSS_FILESYSTEM not set).
2025-12-04 14:39:59.835 [info] > git status -z -uall [13ms]
2025-12-04 14:39:59.843 [info] > git rev-parse --show-toplevel [9ms]
2025-12-04 14:39:59.843 [info] fatal: not a git repository (or any parent up to mount point /)
Stopping at filesystem boundary (GIT_DISCOVERY_ACROSS_FILESYSTEM not set).
2025-12-04 14:39:59.843 [info] > git for-each-ref --sort -committerdate --format %(refname)%00%(objectname)%00%(*objectname) [15ms]
2025-12-04 14:39:59.867 [info] > git for-each-ref --format=%(refname)%00%(upstream:short)%00%(objectname)%00%(upstream:track)%00%(upstream:remotename)%00%(upstream:remoteref) refs/heads/main refs/remotes/main [15ms]
2025-12-04 14:39:59.881 [info] > git config --get --local branch.main.vscode-merge-base [8ms]
2025-12-04 14:39:59.881 [warning] [Git][config] git config failed: Failed to execute git
2025-12-04 14:39:59.887 [info] > git config --get commit.template [21ms]
2025-12-04 14:39:59.887 [info] > git rev-parse --show-toplevel [26ms]
2025-12-04 14:39:59.887 [info] fatal: not a git repository (or any parent up to mount point /)
Stopping at filesystem boundary (GIT_DISCOVERY_ACROSS_FILESYSTEM not set).
2025-12-04 14:39:59.907 [info] > git rev-parse --show-toplevel [11ms]
2025-12-04 14:39:59.907 [info] fatal: not a git repository (or any parent up to mount point /)
Stopping at filesystem boundary (GIT_DISCOVERY_ACROSS_FILESYSTEM not set).
2025-12-04 14:39:59.907 [info] > git reflog main --grep-reflog=branch: Created from *. [20ms]
2025-12-04 14:39:59.925 [info] > git symbolic-ref --short refs/remotes/origin/HEAD [13ms]
2025-12-04 14:39:59.925 [info] fatal: ref refs/remotes/origin/HEAD is not a symbolic ref
2025-12-04 14:39:59.925 [warning] [Repository][getDefaultBranch] Failed to get default branch details: Failed to execute git.
2025-12-04 14:39:59.925 [info] > git for-each-ref --format=%(refname)%00%(upstream:short)%00%(objectname)%00%(upstream:track)%00%(upstream:remotename)%00%(upstream:remoteref) refs/heads/main refs/remotes/main [19ms]
2025-12-04 14:39:59.937 [info] > git status -z -uall [7ms]
2025-12-04 14:39:59.937 [info] > git for-each-ref --sort -committerdate --format %(refname)%00%(objectname)%00%(*objectname) [2ms]
2025-12-04 14:39:59.939 [info] > git rev-parse --show-toplevel [15ms]
2025-12-04 14:39:59.939 [info] fatal: not a git repository (or any parent up to mount point /)
Stopping at filesystem boundary (GIT_DISCOVERY_ACROSS_FILESYSTEM not set).
2025-12-04 14:39:59.947 [info] > git rev-parse --show-toplevel [2ms]
2025-12-04 14:39:59.960 [info] > git rev-parse --git-dir --git-common-dir --show-superproject-working-tree [7ms]
2025-12-04 14:39:59.963 [info] [Model][openRepository] Opened repository (path): /home/tellez/dotfiles
2025-12-04 14:39:59.963 [info] [Model][openRepository] Opened repository (real path): /home/tellez/dotfiles
2025-12-04 14:39:59.963 [info] [Model][openRepository] Opened repository (kind): repository
2025-12-04 14:40:00.062 [info] > git rev-parse --show-toplevel [42ms]
2025-12-04 14:40:00.062 [info] fatal: not a git repository (or any parent up to mount point /)
Stopping at filesystem boundary (GIT_DISCOVERY_ACROSS_FILESYSTEM not set).
2025-12-04 14:40:00.062 [info] > git config --get commit.template [48ms]
2025-12-04 14:40:00.100 [info] > git rev-parse --show-toplevel [28ms]
2025-12-04 14:40:00.100 [info] fatal: not a git repository (or any parent up to mount point /)
Stopping at filesystem boundary (GIT_DISCOVERY_ACROSS_FILESYSTEM not set).
2025-12-04 14:40:00.115 [info] > git for-each-ref --format=%(refname)%00%(upstream:short)%00%(objectname)%00%(upstream:track)%00%(upstream:remotename)%00%(upstream:remoteref) refs/heads/main refs/remotes/main [30ms]
2025-12-04 14:40:00.118 [info] > git rev-parse --show-toplevel [10ms]
2025-12-04 14:40:00.118 [info] fatal: not a git repository (or any parent up to mount point /)
Stopping at filesystem boundary (GIT_DISCOVERY_ACROSS_FILESYSTEM not set).
2025-12-04 14:40:00.129 [info] > git rev-parse --show-toplevel [3ms]
2025-12-04 14:40:00.129 [info] fatal: not a git repository (or any parent up to mount point /)
Stopping at filesystem boundary (GIT_DISCOVERY_ACROSS_FILESYSTEM not set).
2025-12-04 14:40:00.151 [info] > git status -z -uall [16ms]
2025-12-04 14:40:00.152 [info] > git rev-parse --show-toplevel [3ms]
2025-12-04 14:40:00.152 [info] > git for-each-ref --sort -committerdate --format %(refname)%00%(objectname)%00%(*objectname) [10ms]
