2025-12-04 14:39:53.918 [info] Reading sessions from keychain...
2025-12-04 14:39:53.918 [info] Getting sessions for all scopes...
2025-12-04 14:39:54.278 [info] Got 0 sessions for ...
2025-12-04 14:39:54.278 [info] Getting sessions for all scopes...
2025-12-04 14:39:54.278 [info] Got 0 sessions for ...
2025-12-04 14:39:54.278 [info] Getting sessions for all scopes...
2025-12-04 14:39:54.278 [info] Got 0 sessions for ...
2025-12-04 14:39:54.278 [info] Getting sessions for all scopes...
2025-12-04 14:39:54.278 [info] Got 0 sessions for ...
2025-12-04 14:39:54.279 [info] Getting sessions for all scopes...
2025-12-04 14:39:54.279 [info] Got 0 sessions for ...
2025-12-04 14:39:54.279 [info] Getting sessions for all scopes...
2025-12-04 14:39:54.279 [info] Got 0 sessions for ...
2025-12-04 14:39:54.279 [info] Getting sessions for all scopes...
2025-12-04 14:39:54.279 [info] Got 0 sessions for ...
2025-12-04 14:39:54.279 [info] Getting sessions for all scopes...
2025-12-04 14:39:54.279 [info] Got 0 sessions for ...
2025-12-04 14:39:54.279 [info] Getting sessions for all scopes...
2025-12-04 14:39:54.279 [info] Got 0 sessions for ...
2025-12-04 14:39:54.279 [info] Getting sessions for all scopes...
2025-12-04 14:39:54.279 [info] Got 0 sessions for ...
2025-12-04 14:39:54.317 [info] Getting sessions for all scopes...
2025-12-04 14:39:54.317 [info] Got 0 sessions for ...
2025-12-04 14:39:54.317 [info] Getting sessions for all scopes...
2025-12-04 14:39:54.317 [info] Got 0 sessions for ...
2025-12-04 14:39:54.539 [info] Getting sessions for all scopes...
2025-12-04 14:39:54.539 [info] Got 0 sessions for ...
2025-12-04 14:39:54.882 [info] Getting sessions for all scopes...
2025-12-04 14:39:54.882 [info] Got 0 sessions for ...
2025-12-04 14:39:54.882 [info] Getting sessions for all scopes...
2025-12-04 14:39:54.882 [info] Got 0 sessions for ...
2025-12-04 14:39:54.882 [info] Getting sessions for all scopes...
2025-12-04 14:39:54.882 [info] Got 0 sessions for ...
2025-12-04 14:39:54.884 [info] Getting sessions for all scopes...
2025-12-04 14:39:54.884 [info] Got 0 sessions for ...
2025-12-04 14:39:54.885 [info] Getting sessions for all scopes...
2025-12-04 14:39:54.885 [info] Got 0 sessions for ...
2025-12-04 14:39:54.885 [info] Getting sessions for all scopes...
2025-12-04 14:39:54.885 [info] Got 0 sessions for ...
2025-12-04 14:39:54.885 [info] Getting sessions for all scopes...
2025-12-04 14:39:54.885 [info] Got 0 sessions for ...
2025-12-04 14:39:55.364 [info] Getting sessions for user:email...
2025-12-04 14:39:55.364 [info] Got 0 sessions for user:email...
2025-12-04 14:39:55.364 [info] Getting sessions for read:user,repo,user:email,workflow...
2025-12-04 14:39:55.364 [info] Got 0 sessions for read:user,repo,user:email,workflow...
2025-12-04 14:39:55.725 [info] Getting sessions for all scopes...
2025-12-04 14:39:55.725 [info] Got 0 sessions for ...
2025-12-04 14:39:55.976 [info] Getting sessions for all scopes...
2025-12-04 14:39:55.976 [info] Got 0 sessions for ...
2025-12-04 14:39:55.977 [info] Getting sessions for all scopes...
2025-12-04 14:39:55.977 [info] Got 0 sessions for ...
2025-12-04 14:39:56.026 [info] Getting sessions for all scopes...
2025-12-04 14:39:56.026 [info] Got 0 sessions for ...
2025-12-04 14:39:57.832 [info] Getting sessions for user:email...
2025-12-04 14:39:57.832 [info] Got 0 sessions for user:email...
2025-12-04 14:39:58.021 [info] Getting sessions for read:user,repo,user:email...
2025-12-04 14:39:58.022 [info] Got 0 sessions for read:user,repo,user:email...
2025-12-04 14:39:58.271 [info] Getting sessions for all scopes...
2025-12-04 14:39:58.271 [info] Got 0 sessions for ...
2025-12-04 14:39:58.348 [info] Getting sessions for read:user,repo,user:email,workflow...
2025-12-04 14:39:58.348 [info] Got 0 sessions for read:user,repo,user:email,workflow...
2025-12-04 14:39:58.398 [info] Getting sessions for read:user,repo,user:email,workflow...
2025-12-04 14:39:58.398 [info] Got 0 sessions for read:user,repo,user:email,workflow...
2025-12-04 14:39:58.447 [info] Getting sessions for all scopes...
2025-12-04 14:39:58.447 [info] Got 0 sessions for ...
2025-12-04 14:39:58.494 [info] Getting sessions for user:email...
2025-12-04 14:39:58.494 [info] Got 0 sessions for user:email...
2025-12-04 14:39:58.511 [info] Getting sessions for all scopes...
2025-12-04 14:39:58.511 [info] Got 0 sessions for ...
2025-12-04 14:39:58.511 [info] Getting sessions for all scopes...
2025-12-04 14:39:58.511 [info] Got 0 sessions for ...
2025-12-04 14:39:58.527 [info] Getting sessions for user:email...
2025-12-04 14:39:58.527 [info] Got 0 sessions for user:email...
2025-12-04 14:39:58.527 [info] Getting sessions for read:user,repo,user:email,workflow...
2025-12-04 14:39:58.527 [info] Got 0 sessions for read:user,repo,user:email,workflow...
2025-12-04 14:39:58.555 [info] Getting sessions for all scopes...
2025-12-04 14:39:58.555 [info] Got 0 sessions for ...
2025-12-04 14:39:58.561 [info] Getting sessions for all scopes...
2025-12-04 14:39:58.561 [info] Got 0 sessions for ...
2025-12-04 14:39:58.783 [info] Getting sessions for read:user,repo,user:email,workflow...
2025-12-04 14:39:58.783 [info] Got 0 sessions for read:user,repo,user:email,workflow...
2025-12-04 14:39:59.390 [info] Getting sessions for read:user,repo,user:email,workflow...
2025-12-04 14:39:59.390 [info] Got 0 sessions for read:user,repo,user:email,workflow...
2025-12-04 14:39:59.654 [info] Getting sessions for read:user,repo,user:email...
2025-12-04 14:39:59.654 [info] Got 0 sessions for read:user,repo,user:email...
2025-12-04 14:39:59.723 [info] Getting sessions for read:user,repo,user:email...
2025-12-04 14:39:59.723 [info] Got 0 sessions for read:user,repo,user:email...
2025-12-04 14:39:59.763 [info] Getting sessions for read:user,repo,user:email...
2025-12-04 14:39:59.763 [info] Got 0 sessions for read:user,repo,user:email...
2025-12-04 14:39:59.815 [info] Getting sessions for read:user,repo,user:email...
2025-12-04 14:39:59.815 [info] Got 0 sessions for read:user,repo,user:email...
2025-12-04 14:39:59.890 [info] Getting sessions for read:user,repo,user:email...
2025-12-04 14:39:59.890 [info] Got 0 sessions for read:user,repo,user:email...
2025-12-04 14:39:59.946 [info] Getting sessions for read:user,repo,user:email...
2025-12-04 14:39:59.946 [info] Got 0 sessions for read:user,repo,user:email...
2025-12-04 14:40:00.066 [info] Getting sessions for read:user,repo,user:email...
2025-12-04 14:40:00.066 [info] Got 0 sessions for read:user,repo,user:email...
