[1764846207320] INFO  (ext): SQLTools is starting
[1764846207322] INFO  (ext): initializing language client...
[1764846207324] INFO  (ext): Registering client for languages [{"scheme":"sqltools"},{"language":"sql","scheme":"untitled"},{"language":"sql","scheme":"file"},{"language":"sql","scheme":"sqltools"}]
    ns: "lc"
[1764846207331] INFO  (ext): loading plugins...
[1764846207331] INFO  (ext): registering Formatter Plugin.
    plugin: {
      "name": "Formatter Plugin"
    }
[1764846207331] INFO  (ext): registering Connection Manager Plugin.
    plugin: {
      "name": "Connection Manager Plugin"
    }
[1764846207332] INFO  (ext): registering CodeLens Plugin.
    plugin: {
      "name": "CodeLens Plugin",
      "registeredLanguages": []
    }
[1764846207333] INFO  (ext): registering Dependency Manager Plugin.
    plugin: {
      "name": "Dependency Manager Plugin",
      "installingDrivers": []
    }
[1764846207336] INFO  (ext): Connection explorer changed. Will be updated.
    ns: "conn-man:explorer"
[1764846207336] INFO  (ext): registering History Manager Plugin.
    plugin: {
      "name": "History Manager Plugin"
    }
[1764846207336] INFO  (ext): registering Bookmarks Manager Plugin.
    plugin: {
      "name": "Bookmarks Manager Plugin"
    }
[1764846207337] INFO  (ext): registering Authentication Provider Plugin.
    plugin: {
      "name": "Authentication Provider Plugin",
      "isRegistered": false
    }
[1764846207337] INFO  (ext): registering Object Drop-in Provider (plugin).
    plugin: {
      "type": "plugin",
      "name": "Object Drop-in Provider",
      "isRegistered": false
    }
[1764846207339] INFO  (ext): SQLTools activation completed. 17.782092 ms
[1764846207346] INFO  (ext): Formatter Plugin registered!
[1764846207346] INFO  (ext): CodeLens Plugin registered!
[1764846207346] INFO  (ext): Dependency Manager Plugin registered!
[1764846207346] INFO  (ext): Connection Manager Plugin registered!
[1764846207346] INFO  (ext): History Manager Plugin registered!
[1764846207346] INFO  (ext): Bookmarks Manager Plugin registered!
[1764846207346] INFO  (ext): Authentication Provider Plugin registered!
[1764846207346] INFO  (ext): Object Drop-in Provider (plugin) registered!
[1764846207486] INFO  (ls): SQLTools Server started!
===============================
Using node runtime?: no
ExecPath: /usr/share/code/code 
===============================
[1764846207523] INFO  (ext): LanguageClient ready
    ns: "lc"
[1764846207521] INFO  (ls): Initialized with node version:v22.20.0
[1764846208735] INFO  (ext): EXECUTING COMMAND => sqltools.refreshTree
[1764846208735] INFO  (ext): Connection explorer changed. Will be updated.
    ns: "conn-man:explorer"
[1764846209509] INFO  (ext): Connection explorer changed. Will be updated.
    ns: "conn-man:explorer"
[1764846209549] INFO  (ext): Connection explorer changed. Will be updated.
    ns: "conn-man:explorer"
